#
# There is insufficient memory for the Java Runtime Environment to continue.
# Native memory allocation (mmap) failed to map 7340032 bytes for G1 virtual space
# Possible reasons:
#   The system is out of physical RAM or swap space
#   The process is running with CompressedOops enabled, and the Java Heap may be blocking the growth of the native heap
# Possible solutions:
#   Reduce memory load on the system
#   Increase physical memory or swap space
#   Check if swap backing store is full
#   Decrease Java heap size (-Xmx/-Xms)
#   Decrease number of Java threads
#   Decrease Java thread stack sizes (-Xss)
#   Set larger code cache with -XX:ReservedCodeCacheSize=
#   JVM is running with Unscaled Compressed Oops mode in which the Java heap is
#     placed in the first 4GB address space. The Java Heap base address is the
#     maximum limit for the native heap growth. Please use -XX:HeapBaseMinAddress
#     to set the Java Heap base and to place the Java Heap above 4GB virtual address.
# This output file may be truncated or incomplete.
#
#  Out of Memory Error (os_windows.cpp:3771), pid=11128, tid=10420
#
# JRE version: OpenJDK Runtime Environment (17.0.7) (build 17.0.7+0-b2043.56-10550314)
# Java VM: OpenJDK 64-Bit Server VM (17.0.7+0-b2043.56-10550314, mixed mode, tiered, compressed oops, compressed class ptrs, g1 gc, windows-amd64)
# No core dump will be written. Minidumps are not enabled by default on client versions of Windows
#

---------------  S U M M A R Y ------------

Command Line: --add-opens=java.base/java.util=ALL-UNNAMED --add-opens=java.base/java.lang=ALL-UNNAMED --add-opens=java.base/java.lang.invoke=ALL-UNNAMED --add-opens=java.prefs/java.util.prefs=ALL-UNNAMED --add-opens=java.base/java.nio.charset=ALL-UNNAMED --add-opens=java.base/java.net=ALL-UNNAMED --add-opens=java.base/java.util.concurrent.atomic=ALL-UNNAMED -Xmx2048m -Dfile.encoding=UTF-8 -Duser.country=RU -Duser.language=ru -Duser.variant -javaagent:C:\Users\zhold\.gradle\wrapper\dists\gradle-8.2-bin\bbg7u40eoinfdyxsxr3z4i7ta\gradle-8.2\lib\agents\gradle-instrumentation-agent-8.2.jar org.gradle.launcher.daemon.bootstrap.GradleDaemon 8.2

Host: AMD Ryzen 3 4300U with Radeon Graphics         , 4 cores, 3G,  Windows 10 , 64 bit Build 19041 (10.0.19041.3636)
Time: Thu Jun 13 02:58:51 2024  Windows 10 , 64 bit Build 19041 (10.0.19041.3636) elapsed time: 25.607017 seconds (0d 0h 0m 25s)

---------------  T H R E A D  ---------------

Current thread (0x000001c5503b17b0):  VMThread "VM Thread" [stack: 0x00000037edb00000,0x00000037edc00000] [id=10420]

Stack: [0x00000037edb00000,0x00000037edc00000]
Native frames: (J=compiled Java code, j=interpreted, Vv=VM code, C=native code)
V  [jvm.dll+0x683bfa]
V  [jvm.dll+0x8430a4]
V  [jvm.dll+0x8449be]
V  [jvm.dll+0x845023]
V  [jvm.dll+0x24ad2f]
V  [jvm.dll+0x680ac9]
V  [jvm.dll+0x67519a]
V  [jvm.dll+0x30b3cb]
V  [jvm.dll+0x312876]
V  [jvm.dll+0x36221e]
V  [jvm.dll+0x36244f]
V  [jvm.dll+0x2e14a8]
V  [jvm.dll+0x2e4596]
V  [jvm.dll+0x2eed58]
V  [jvm.dll+0x323a40]
V  [jvm.dll+0x8496eb]
V  [jvm.dll+0x84a424]
V  [jvm.dll+0x84a93d]
V  [jvm.dll+0x84ad14]
V  [jvm.dll+0x84ade0]
V  [jvm.dll+0x7f2aea]
V  [jvm.dll+0x682a35]
C  [ucrtbase.dll+0x21bb2]
C  [KERNEL32.DLL+0x17344]
C  [ntdll.dll+0x526b1]

VM_Operation (0x00000037ed7ff930): G1Concurrent, mode: safepoint, requested by thread 0x000001c536e9de40


---------------  P R O C E S S  ---------------

Threads class SMR info:
_java_thread_list=0x000001c55788bbf0, length=43, elements={
0x000001c536e30e30, 0x000001c5503b59f0, 0x000001c5503b6c70, 0x000001c55042cc40,
0x000001c55042d600, 0x000001c55041eb70, 0x000001c550421530, 0x000001c5504222c0,
0x000001c550425510, 0x000001c5506c7a00, 0x000001c536eee240, 0x000001c5508c36f0,
0x000001c5566b0420, 0x000001c555d5cfb0, 0x000001c5558324e0, 0x000001c555a7b3f0,
0x000001c5565123f0, 0x000001c556681fe0, 0x000001c5566824b0, 0x000001c555d56090,
0x000001c555d56f00, 0x000001c555d590b0, 0x000001c555d56560, 0x000001c555d56a30,
0x000001c555d573d0, 0x000001c555d578a0, 0x000001c555d57d70, 0x000001c555d58240,
0x000001c555d58be0, 0x000001c555d59580, 0x000001c555d55bc0, 0x000001c5573793e0,
0x000001c557375550, 0x000001c557372530, 0x000001c557377230, 0x000001c5573798b0,
0x000001c557372ed0, 0x000001c5573780a0, 0x000001c5573763c0, 0x000001c557377bd0,
0x000001c557376890, 0x000001c557373d40, 0x000001c557373870
}

Java Threads: ( => current thread )
  0x000001c536e30e30 JavaThread "main" [_thread_blocked, id=6972, stack(0x00000037ed500000,0x00000037ed600000)]
  0x000001c5503b59f0 JavaThread "Reference Handler" daemon [_thread_blocked, id=8872, stack(0x00000037edc00000,0x00000037edd00000)]
  0x000001c5503b6c70 JavaThread "Finalizer" daemon [_thread_blocked, id=11888, stack(0x00000037edd00000,0x00000037ede00000)]
  0x000001c55042cc40 JavaThread "Signal Dispatcher" daemon [_thread_blocked, id=1492, stack(0x00000037ede00000,0x00000037edf00000)]
  0x000001c55042d600 JavaThread "Attach Listener" daemon [_thread_blocked, id=2860, stack(0x00000037edf00000,0x00000037ee000000)]
  0x000001c55041eb70 JavaThread "Service Thread" daemon [_thread_blocked, id=16780, stack(0x00000037ee000000,0x00000037ee100000)]
  0x000001c550421530 JavaThread "Monitor Deflation Thread" daemon [_thread_blocked, id=9168, stack(0x00000037ee100000,0x00000037ee200000)]
  0x000001c5504222c0 JavaThread "C2 CompilerThread0" daemon [_thread_blocked, id=11800, stack(0x00000037ee200000,0x00000037ee300000)]
  0x000001c550425510 JavaThread "C1 CompilerThread0" daemon [_thread_blocked, id=11396, stack(0x00000037ee300000,0x00000037ee400000)]
  0x000001c5506c7a00 JavaThread "Sweeper thread" daemon [_thread_blocked, id=17224, stack(0x00000037ee400000,0x00000037ee500000)]
  0x000001c536eee240 JavaThread "Common-Cleaner" daemon [_thread_blocked, id=12256, stack(0x00000037ee500000,0x00000037ee600000)]
  0x000001c5508c36f0 JavaThread "Notification Thread" daemon [_thread_blocked, id=2088, stack(0x00000037ee600000,0x00000037ee700000)]
  0x000001c5566b0420 JavaThread "Daemon health stats" [_thread_blocked, id=10536, stack(0x00000037eeb00000,0x00000037eec00000)]
  0x000001c555d5cfb0 JavaThread "Incoming local TCP Connector on port 60336" [_thread_in_native, id=16432, stack(0x00000037eec00000,0x00000037eed00000)]
  0x000001c5558324e0 JavaThread "Daemon periodic checks" [_thread_blocked, id=15180, stack(0x00000037eed00000,0x00000037eee00000)]
  0x000001c555a7b3f0 JavaThread "Daemon" [_thread_blocked, id=10292, stack(0x00000037eee00000,0x00000037eef00000)]
  0x000001c5565123f0 JavaThread "Handler for socket connection from /127.0.0.1:60336 to /127.0.0.1:60339" [_thread_in_native, id=8608, stack(0x00000037eef00000,0x00000037ef000000)]
  0x000001c556681fe0 JavaThread "Cancel handler" [_thread_blocked, id=12724, stack(0x00000037ef000000,0x00000037ef100000)]
  0x000001c5566824b0 JavaThread "Daemon worker" [_thread_blocked, id=13992, stack(0x00000037ef100000,0x00000037ef200000)]
  0x000001c555d56090 JavaThread "Asynchronous log dispatcher for DefaultDaemonConnection: socket connection from /127.0.0.1:60336 to /127.0.0.1:60339" [_thread_blocked, id=2888, stack(0x00000037ef200000,0x00000037ef300000)]
  0x000001c555d56f00 JavaThread "Stdin handler" [_thread_blocked, id=17348, stack(0x00000037ef300000,0x00000037ef400000)]
  0x000001c555d590b0 JavaThread "Daemon client event forwarder" [_thread_blocked, id=12148, stack(0x00000037ef400000,0x00000037ef500000)]
  0x000001c555d56560 JavaThread "Cache worker for journal cache (C:\Users\zhold\.gradle\caches\journal-1)" [_thread_blocked, id=9464, stack(0x00000037ef500000,0x00000037ef600000)]
  0x000001c555d56a30 JavaThread "File lock request listener" [_thread_in_native, id=13272, stack(0x00000037ef600000,0x00000037ef700000)]
  0x000001c555d573d0 JavaThread "Cache worker for file hash cache (C:\Users\zhold\.gradle\caches\8.2\fileHashes)" [_thread_blocked, id=10072, stack(0x00000037ef700000,0x00000037ef800000)]
  0x000001c555d578a0 JavaThread "File watcher server" daemon [_thread_in_native, id=7956, stack(0x00000037ef800000,0x00000037ef900000)]
  0x000001c555d57d70 JavaThread "File watcher consumer" daemon [_thread_blocked, id=16784, stack(0x00000037ef900000,0x00000037efa00000)]
  0x000001c555d58240 JavaThread "Cache worker for checksums cache (C:\AndroidStudioWorks\DiplomaTest\.gradle\8.2\checksums)" [_thread_blocked, id=11628, stack(0x00000037efa00000,0x00000037efb00000)]
  0x000001c555d58be0 JavaThread "Cache worker for cache directory md-rule (C:\Users\zhold\.gradle\caches\8.2\md-rule)" [_thread_blocked, id=5660, stack(0x00000037efb00000,0x00000037efc00000)]
  0x000001c555d59580 JavaThread "Cache worker for file content cache (C:\Users\zhold\.gradle\caches\8.2\fileContent)" [_thread_blocked, id=10328, stack(0x00000037efc00000,0x00000037efd00000)]
  0x000001c555d55bc0 JavaThread "Cache worker for file hash cache (C:\AndroidStudioWorks\DiplomaTest\.gradle\8.2\fileHashes)" [_thread_blocked, id=6772, stack(0x00000037efd00000,0x00000037efe00000)]
  0x000001c5573793e0 JavaThread "Cache worker for cache directory md-supplier (C:\Users\zhold\.gradle\caches\8.2\md-supplier)" [_thread_blocked, id=8748, stack(0x00000037efe00000,0x00000037eff00000)]
  0x000001c557375550 JavaThread "Cache worker for execution history cache (C:\Users\zhold\.gradle\caches\8.2\executionHistory)" [_thread_blocked, id=4704, stack(0x00000037eff00000,0x00000037f0000000)]
  0x000001c557372530 JavaThread "jar transforms" [_thread_blocked, id=12544, stack(0x00000037f0000000,0x00000037f0100000)]
  0x000001c557377230 JavaThread "jar transforms Thread 2" [_thread_blocked, id=10204, stack(0x00000037f0100000,0x00000037f0200000)]
  0x000001c5573798b0 JavaThread "Cache worker for kotlin-dsl (C:\Users\zhold\.gradle\caches\8.2\kotlin-dsl)" [_thread_blocked, id=8728, stack(0x00000037f0200000,0x00000037f0300000)]
  0x000001c557372ed0 JavaThread "jar transforms Thread 3" [_thread_blocked, id=3932, stack(0x00000037f0300000,0x00000037f0400000)]
  0x000001c5573780a0 JavaThread "jar transforms Thread 4" [_thread_blocked, id=1372, stack(0x00000037f0400000,0x00000037f0500000)]
  0x000001c5573763c0 JavaThread "Cache worker for dependencies-accessors (C:\AndroidStudioWorks\DiplomaTest\.gradle\8.2\dependencies-accessors)" [_thread_blocked, id=11752, stack(0x00000037f0500000,0x00000037f0600000)]
  0x000001c557377bd0 JavaThread "Cache worker for Build Output Cleanup Cache (C:\AndroidStudioWorks\DiplomaTest\.gradle\buildOutputCleanup)" [_thread_blocked, id=7664, stack(0x00000037f0600000,0x00000037f0700000)]
  0x000001c557376890 JavaThread "Unconstrained build operations" [_thread_blocked, id=5640, stack(0x00000037f0700000,0x00000037f0800000)]
  0x000001c557373d40 JavaThread "Unconstrained build operations Thread 2" [_thread_blocked, id=5796, stack(0x00000037f0800000,0x00000037f0900000)]
  0x000001c557373870 JavaThread "Unconstrained build operations Thread 3" [_thread_blocked, id=16192, stack(0x00000037f0900000,0x00000037f0a00000)]

Other Threads:
=>0x000001c5503b17b0 VMThread "VM Thread" [stack: 0x00000037edb00000,0x00000037edc00000] [id=10420]
  0x000001c550908020 WatcherThread [stack: 0x00000037ee700000,0x00000037ee800000] [id=7744]
  0x000001c536e8cf00 GCTaskThread "GC Thread#0" [stack: 0x00000037ed600000,0x00000037ed700000] [id=14196]
  0x000001c55503fb20 GCTaskThread "GC Thread#1" [stack: 0x00000037ee800000,0x00000037ee900000] [id=2268]
  0x000001c55536ab60 GCTaskThread "GC Thread#2" [stack: 0x00000037ee900000,0x00000037eea00000] [id=14628]
  0x000001c555796330 GCTaskThread "GC Thread#3" [stack: 0x00000037eea00000,0x00000037eeb00000] [id=2020]
  0x000001c536e9de40 ConcurrentGCThread "G1 Main Marker" [stack: 0x00000037ed700000,0x00000037ed800000] [id=12452]
  0x000001c536e9e850 ConcurrentGCThread "G1 Conc#0" [stack: 0x00000037ed800000,0x00000037ed900000] [id=16412]
  0x000001c536edac70 ConcurrentGCThread "G1 Refine#0" [stack: 0x00000037ed900000,0x00000037eda00000] [id=11040]
  0x000001c536edb690 ConcurrentGCThread "G1 Service" [stack: 0x00000037eda00000,0x00000037edb00000] [id=11820]

Threads with active compile tasks:
C2 CompilerThread0    25691 5930       4       java.lang.invoke.VarHandleGuards::guard_LLL_Z (86 bytes)
C1 CompilerThread0    25691 5929       3       java.util.concurrent.ThreadPoolExecutor::runStateAtLeast (11 bytes)

VM state: at safepoint (normal execution)

VM Mutex/Monitor currently owned by a thread:  ([mutex/lock_event])
[0x000001c536e2c180] Threads_lock - owner thread: 0x000001c5503b17b0
[0x000001c536e2bac0] Heap_lock - owner thread: 0x000001c536e9de40

Heap address: 0x0000000080000000, size: 2048 MB, Compressed Oops mode: 32-bit

CDS archive(s) not mapped
Compressed class space mapped at: 0x0000000100000000-0x0000000140000000, reserved size: 1073741824
Narrow klass base: 0x0000000000000000, Narrow klass shift: 3, Narrow klass range: 0x140000000

GC Precious Log:
 CPUs: 4 total, 4 available
 Memory: 3445M
 Large Page Support: Disabled
 NUMA Support: Disabled
 Compressed Oops: Enabled (32-bit)
 Heap Region Size: 1M
 Heap Min Capacity: 8M
 Heap Initial Capacity: 54M
 Heap Max Capacity: 2G
 Pre-touch: Disabled
 Parallel Workers: 4
 Concurrent Workers: 1
 Concurrent Refinement Workers: 4
 Periodic GC: Disabled

Heap:
 garbage-first heap   total 63488K, used 40711K [0x0000000080000000, 0x0000000100000000)
  region size 1024K, 4 young (4096K), 3 survivors (3072K)
 Metaspace       used 54388K, committed 54848K, reserved 1114112K
  class space    used 7303K, committed 7488K, reserved 1048576K

Heap Regions: E=young(eden), S=young(survivor), O=old, HS=humongous(starts), HC=humongous(continues), CS=collection set, F=free, OA=open archive, CA=closed archive, TAMS=top-at-mark-start (previous, next)
|   0|0x0000000080000000, 0x0000000080100000, 0x0000000080100000|100%| O|  |TAMS 0x0000000080100000, 0x0000000080000000| Untracked 
|   1|0x0000000080100000, 0x0000000080200000, 0x0000000080200000|100%| O|  |TAMS 0x0000000080200000, 0x0000000080100000| Untracked 
|   2|0x0000000080200000, 0x0000000080300000, 0x0000000080300000|100%|HS|  |TAMS 0x0000000080300000, 0x0000000080200000| Complete 
|   3|0x0000000080300000, 0x0000000080400000, 0x0000000080400000|100%|HC|  |TAMS 0x0000000080400000, 0x0000000080300000| Complete 
|   4|0x0000000080400000, 0x0000000080500000, 0x0000000080500000|100%|HC|  |TAMS 0x0000000080500000, 0x0000000080400000| Complete 
|   5|0x0000000080500000, 0x0000000080600000, 0x0000000080600000|100%|HC|  |TAMS 0x0000000080600000, 0x0000000080500000| Complete 
|   6|0x0000000080600000, 0x0000000080700000, 0x0000000080700000|100%| O|  |TAMS 0x0000000080700000, 0x0000000080600000| Untracked 
|   7|0x0000000080700000, 0x0000000080800000, 0x0000000080800000|100%| O|  |TAMS 0x0000000080800000, 0x0000000080700000| Updating 
|   8|0x0000000080800000, 0x0000000080900000, 0x0000000080900000|100%| O|  |TAMS 0x0000000080900000, 0x0000000080800000| Untracked 
|   9|0x0000000080900000, 0x0000000080a00000, 0x0000000080a00000|100%| O|  |TAMS 0x0000000080a00000, 0x0000000080900000| Untracked 
|  10|0x0000000080a00000, 0x0000000080b00000, 0x0000000080b00000|100%| O|  |TAMS 0x0000000080b00000, 0x0000000080a00000| Untracked 
|  11|0x0000000080b00000, 0x0000000080c00000, 0x0000000080c00000|100%| O|  |TAMS 0x0000000080c00000, 0x0000000080b00000| Untracked 
|  12|0x0000000080c00000, 0x0000000080d00000, 0x0000000080d00000|100%| O|  |TAMS 0x0000000080d00000, 0x0000000080c00000| Untracked 
|  13|0x0000000080d00000, 0x0000000080e00000, 0x0000000080e00000|100%| O|  |TAMS 0x0000000080e00000, 0x0000000080d00000| Updating 
|  14|0x0000000080e00000, 0x0000000080f00000, 0x0000000080f00000|100%| O|  |TAMS 0x0000000080f00000, 0x0000000080e00000| Untracked 
|  15|0x0000000080f00000, 0x0000000081000000, 0x0000000081000000|100%| O|  |TAMS 0x0000000081000000, 0x0000000080f00000| Untracked 
|  16|0x0000000081000000, 0x0000000081100000, 0x0000000081100000|100%| O|  |TAMS 0x0000000081100000, 0x0000000081000000| Untracked 
|  17|0x0000000081100000, 0x0000000081200000, 0x0000000081200000|100%| O|  |TAMS 0x0000000081200000, 0x0000000081100000| Untracked 
|  18|0x0000000081200000, 0x0000000081300000, 0x0000000081300000|100%| O|  |TAMS 0x0000000081300000, 0x0000000081200000| Untracked 
|  19|0x0000000081300000, 0x0000000081400000, 0x0000000081400000|100%| O|  |TAMS 0x0000000081400000, 0x0000000081300000| Untracked 
|  20|0x0000000081400000, 0x0000000081500000, 0x0000000081500000|100%| O|  |TAMS 0x0000000081500000, 0x0000000081400000| Updating 
|  21|0x0000000081500000, 0x0000000081600000, 0x0000000081600000|100%| O|  |TAMS 0x0000000081600000, 0x0000000081500000| Untracked 
|  22|0x0000000081600000, 0x0000000081700000, 0x0000000081700000|100%| O|  |TAMS 0x0000000081700000, 0x0000000081600000| Untracked 
|  23|0x0000000081700000, 0x0000000081800000, 0x0000000081800000|100%| O|  |TAMS 0x0000000081800000, 0x0000000081700000| Untracked 
|  24|0x0000000081800000, 0x0000000081900000, 0x0000000081900000|100%| O|  |TAMS 0x0000000081900000, 0x0000000081800000| Untracked 
|  25|0x0000000081900000, 0x0000000081a00000, 0x0000000081a00000|100%| O|  |TAMS 0x0000000081a00000, 0x0000000081900000| Untracked 
|  26|0x0000000081a00000, 0x0000000081b00000, 0x0000000081b00000|100%| O|  |TAMS 0x0000000081b00000, 0x0000000081a00000| Updating 
|  27|0x0000000081b00000, 0x0000000081c00000, 0x0000000081c00000|100%| O|  |TAMS 0x0000000081c00000, 0x0000000081b00000| Updating 
|  28|0x0000000081c00000, 0x0000000081d00000, 0x0000000081d00000|100%| O|  |TAMS 0x0000000081d00000, 0x0000000081c00000| Updating 
|  29|0x0000000081d00000, 0x0000000081e00000, 0x0000000081e00000|100%| O|  |TAMS 0x0000000081e00000, 0x0000000081d00000| Untracked 
|  30|0x0000000081e00000, 0x0000000081f00000, 0x0000000081f00000|100%| O|  |TAMS 0x0000000081f00000, 0x0000000081e00000| Updating 
|  31|0x0000000081f00000, 0x0000000082000000, 0x0000000082000000|100%| O|  |TAMS 0x0000000081fae600, 0x0000000081f00000| Untracked 
|  32|0x0000000082000000, 0x0000000082100000, 0x0000000082100000|100%| O|  |TAMS 0x0000000082000000, 0x0000000082000000| Untracked 
|  33|0x0000000082100000, 0x0000000082200000, 0x0000000082200000|100%| O|  |TAMS 0x0000000082100000, 0x0000000082100000| Untracked 
|  34|0x0000000082200000, 0x0000000082300000, 0x0000000082300000|100%| O|  |TAMS 0x0000000082300000, 0x0000000082200000| Untracked 
|  35|0x0000000082300000, 0x0000000082400000, 0x0000000082400000|100%| O|  |TAMS 0x0000000082400000, 0x0000000082300000| Updating 
|  36|0x0000000082400000, 0x00000000824c1e00, 0x0000000082500000| 75%| O|  |TAMS 0x0000000082400000, 0x0000000082400000| Updating 
|  37|0x0000000082500000, 0x0000000082500000, 0x0000000082600000|  0%| F|  |TAMS 0x0000000082500000, 0x0000000082500000| Untracked 
|  38|0x0000000082600000, 0x0000000082600000, 0x0000000082700000|  0%| F|  |TAMS 0x0000000082600000, 0x0000000082600000| Untracked 
|  39|0x0000000082700000, 0x0000000082700000, 0x0000000082800000|  0%| F|  |TAMS 0x0000000082700000, 0x0000000082700000| Untracked 
|  40|0x0000000082800000, 0x0000000082800000, 0x0000000082900000|  0%| F|  |TAMS 0x0000000082800000, 0x0000000082800000| Untracked 
|  41|0x0000000082900000, 0x0000000082900000, 0x0000000082a00000|  0%| F|  |TAMS 0x0000000082900000, 0x0000000082900000| Untracked 
|  42|0x0000000082a00000, 0x0000000082b00000, 0x0000000082b00000|100%| S|CS|TAMS 0x0000000082a00000, 0x0000000082a00000| Complete 
|  43|0x0000000082b00000, 0x0000000082b00000, 0x0000000082c00000|  0%| F|  |TAMS 0x0000000082b00000, 0x0000000082b00000| Untracked 
|  44|0x0000000082c00000, 0x0000000082c00000, 0x0000000082d00000|  0%| F|  |TAMS 0x0000000082c00000, 0x0000000082c00000| Untracked 
|  45|0x0000000082d00000, 0x0000000082e00000, 0x0000000082e00000|100%| S|CS|TAMS 0x0000000082d00000, 0x0000000082d00000| Complete 
|  46|0x0000000082e00000, 0x0000000082e00000, 0x0000000082f00000|  0%| F|  |TAMS 0x0000000082e00000, 0x0000000082e00000| Untracked 
|  47|0x0000000082f00000, 0x0000000083000000, 0x0000000083000000|100%| S|CS|TAMS 0x0000000082f00000, 0x0000000082f00000| Complete 
|  48|0x0000000083000000, 0x0000000083000000, 0x0000000083100000|  0%| F|  |TAMS 0x0000000083000000, 0x0000000083000000| Untracked 
|  49|0x0000000083100000, 0x0000000083100000, 0x0000000083200000|  0%| F|  |TAMS 0x0000000083100000, 0x0000000083100000| Untracked 
|  50|0x0000000083200000, 0x0000000083200000, 0x0000000083300000|  0%| F|  |TAMS 0x0000000083200000, 0x0000000083200000| Untracked 
|  51|0x0000000083300000, 0x0000000083300000, 0x0000000083400000|  0%| F|  |TAMS 0x0000000083300000, 0x0000000083300000| Untracked 
|  52|0x0000000083400000, 0x0000000083400000, 0x0000000083500000|  0%| F|  |TAMS 0x0000000083400000, 0x0000000083400000| Untracked 
|  53|0x0000000083500000, 0x0000000083500000, 0x0000000083600000|  0%| F|  |TAMS 0x0000000083500000, 0x0000000083500000| Untracked 
|  54|0x0000000083600000, 0x0000000083600000, 0x0000000083700000|  0%| F|  |TAMS 0x0000000083600000, 0x0000000083600000| Untracked 
|  55|0x0000000083700000, 0x0000000083700000, 0x0000000083800000|  0%| F|  |TAMS 0x0000000083700000, 0x0000000083700000| Untracked 
|  56|0x0000000083800000, 0x0000000083800000, 0x0000000083900000|  0%| F|  |TAMS 0x0000000083800000, 0x0000000083800000| Untracked 
|  57|0x0000000083900000, 0x0000000083900000, 0x0000000083a00000|  0%| F|  |TAMS 0x0000000083900000, 0x0000000083900000| Untracked 
|  58|0x0000000083a00000, 0x0000000083a00000, 0x0000000083b00000|  0%| F|  |TAMS 0x0000000083a00000, 0x0000000083a00000| Untracked 
|  59|0x0000000083b00000, 0x0000000083b00000, 0x0000000083c00000|  0%| F|  |TAMS 0x0000000083b00000, 0x0000000083b00000| Untracked 
|  60|0x0000000083c00000, 0x0000000083c00000, 0x0000000083d00000|  0%| F|  |TAMS 0x0000000083c00000, 0x0000000083c00000| Untracked 
|  61|0x0000000083d00000, 0x0000000083d90510, 0x0000000083e00000| 56%| E|  |TAMS 0x0000000083d00000, 0x0000000083d00000| Complete 

Card table byte_map: [0x000001c549710000,0x000001c549b10000] _byte_map_base: 0x000001c549310000

Marking Bits (Prev, Next): (CMBitMap*) 0x000001c536e8d550, (CMBitMap*) 0x000001c536e8d510
 Prev Bits: [0x000001c54bf10000, 0x000001c54df10000)
 Next Bits: [0x000001c549f10000, 0x000001c54bf10000)

Polling page: 0x000001c536600000

Metaspace:

Usage:
  Non-class:     45.98 MB used.
      Class:      7.13 MB used.
       Both:     53.11 MB used.

Virtual space:
  Non-class space:       64.00 MB reserved,      46.25 MB ( 72%) committed,  1 nodes.
      Class space:        1.00 GB reserved,       7.31 MB ( <1%) committed,  1 nodes.
             Both:        1.06 GB reserved,      53.56 MB (  5%) committed. 

Chunk freelists:
   Non-Class:  1.47 MB
       Class:  8.62 MB
        Both:  10.09 MB

MaxMetaspaceSize: unlimited
CompressedClassSpaceSize: 1.00 GB
Initial GC threshold: 21.00 MB
Current GC threshold: 86.69 MB
CDS: off
MetaspaceReclaimPolicy: balanced
 - commit_granule_bytes: 65536.
 - commit_granule_words: 8192.
 - virtual_space_node_default_size: 8388608.
 - enlarge_chunks_in_place: 1.
 - new_chunks_are_fully_committed: 0.
 - uncommit_free_chunks: 1.
 - use_allocation_guard: 0.
 - handle_deallocations: 1.


Internal statistics:

num_allocs_failed_limit: 6.
num_arena_births: 580.
num_arena_deaths: 0.
num_vsnodes_births: 2.
num_vsnodes_deaths: 0.
num_space_committed: 857.
num_space_uncommitted: 0.
num_chunks_returned_to_freelist: 6.
num_chunks_taken_from_freelist: 2310.
num_chunk_merges: 6.
num_chunk_splits: 1549.
num_chunks_enlarged: 1083.
num_inconsistent_stats: 0.

CodeHeap 'non-profiled nmethods': size=120000Kb used=3269Kb max_used=3269Kb free=116730Kb
 bounds [0x000001c541de0000, 0x000001c542120000, 0x000001c549310000]
CodeHeap 'profiled nmethods': size=120000Kb used=11472Kb max_used=11472Kb free=108527Kb
 bounds [0x000001c53a310000, 0x000001c53ae50000, 0x000001c541840000]
CodeHeap 'non-nmethods': size=5760Kb used=2314Kb max_used=2384Kb free=3445Kb
 bounds [0x000001c541840000, 0x000001c541ab0000, 0x000001c541de0000]
 total_blobs=6755 nmethods=5923 adapters=744
 compilation: enabled
              stopped_count=0, restarted_count=0
 full_count=0

Compilation events (20 events):
Event: 25.586 Thread 0x000001c550425510 5918       3       java.util.concurrent.FutureTask::<init> (27 bytes)
Event: 25.586 Thread 0x000001c550425510 nmethod 5918 0x000001c53ae36e10 code [0x000001c53ae36fc0, 0x000001c53ae37288]
Event: 25.586 Thread 0x000001c550425510 5919       3       java.util.concurrent.ThreadPoolExecutor::workerCountOf (5 bytes)
Event: 25.586 Thread 0x000001c550425510 nmethod 5919 0x000001c53ae37390 code [0x000001c53ae37520, 0x000001c53ae37618]
Event: 25.587 Thread 0x000001c550425510 5920       3       java.util.concurrent.ThreadPoolExecutor::isRunning (10 bytes)
Event: 25.587 Thread 0x000001c550425510 nmethod 5920 0x000001c53ae37690 code [0x000001c53ae37820, 0x000001c53ae37978]
Event: 25.587 Thread 0x000001c550425510 5921       3       java.lang.invoke.VarHandleGuards::guard_LII_Z (86 bytes)
Event: 25.588 Thread 0x000001c550425510 nmethod 5921 0x000001c53ae37a10 code [0x000001c53ae37d60, 0x000001c53ae39ac8]
Event: 25.588 Thread 0x000001c550425510 5923       3       java.lang.invoke.VarHandleInts$FieldInstanceReadWrite::compareAndSet (32 bytes)
Event: 25.588 Thread 0x000001c550425510 nmethod 5923 0x000001c53ae3a310 code [0x000001c53ae3a500, 0x000001c53ae3aaa8]
Event: 25.589 Thread 0x000001c550425510 5924   !   3       java.util.concurrent.FutureTask::run (123 bytes)
Event: 25.589 Thread 0x000001c5504222c0 5930       4       java.lang.invoke.VarHandleGuards::guard_LLL_Z (86 bytes)
Event: 25.590 Thread 0x000001c550425510 nmethod 5924 0x000001c53ae3ad10 code [0x000001c53ae3b2a0, 0x000001c53ae3e368]
Event: 25.590 Thread 0x000001c550425510 5927       1       org.gradle.internal.concurrent.AbstractManagedExecutor::access$000 (5 bytes)
Event: 25.590 Thread 0x000001c550425510 nmethod 5927 0x000001c542111010 code [0x000001c5421111a0, 0x000001c542111258]
Event: 25.590 Thread 0x000001c550425510 5925       3       java.util.concurrent.FutureTask::set (30 bytes)
Event: 25.591 Thread 0x000001c550425510 nmethod 5925 0x000001c53ae3f290 code [0x000001c53ae3f560, 0x000001c53ae404b8]
Event: 25.591 Thread 0x000001c550425510 5926       3       java.lang.invoke.VarHandleGuards::guard_LI_V (125 bytes)
Event: 25.593 Thread 0x000001c550425510 nmethod 5926 0x000001c53ae40990 code [0x000001c53ae40dc0, 0x000001c53ae436f8]
Event: 25.593 Thread 0x000001c550425510 5929       3       java.util.concurrent.ThreadPoolExecutor::runStateAtLeast (11 bytes)

GC Heap History (20 events):
Event: 16.121 GC heap before
{Heap before GC invocations=15 (full 0):
 garbage-first heap   total 55296K, used 43717K [0x0000000080000000, 0x0000000100000000)
  region size 1024K, 20 young (20480K), 3 survivors (3072K)
 Metaspace       used 41287K, committed 41664K, reserved 1114112K
  class space    used 5475K, committed 5632K, reserved 1048576K
}
Event: 16.128 GC heap after
{Heap after GC invocations=16 (full 0):
 garbage-first heap   total 55296K, used 29421K [0x0000000080000000, 0x0000000100000000)
  region size 1024K, 3 young (3072K), 3 survivors (3072K)
 Metaspace       used 41287K, committed 41664K, reserved 1114112K
  class space    used 5475K, committed 5632K, reserved 1048576K
}
Event: 16.653 GC heap before
{Heap before GC invocations=16 (full 0):
 garbage-first heap   total 55296K, used 39661K [0x0000000080000000, 0x0000000100000000)
  region size 1024K, 15 young (15360K), 3 survivors (3072K)
 Metaspace       used 42002K, committed 42304K, reserved 1114112K
  class space    used 5559K, committed 5696K, reserved 1048576K
}
Event: 16.656 GC heap after
{Heap after GC invocations=17 (full 0):
 garbage-first heap   total 55296K, used 31613K [0x0000000080000000, 0x0000000100000000)
  region size 1024K, 2 young (2048K), 2 survivors (2048K)
 Metaspace       used 42002K, committed 42304K, reserved 1114112K
  class space    used 5559K, committed 5696K, reserved 1048576K
}
Event: 17.325 GC heap before
{Heap before GC invocations=18 (full 0):
 garbage-first heap   total 63488K, used 47997K [0x0000000080000000, 0x0000000100000000)
  region size 1024K, 14 young (14336K), 2 survivors (2048K)
 Metaspace       used 44164K, committed 44544K, reserved 1114112K
  class space    used 5811K, committed 5952K, reserved 1048576K
}
Event: 17.327 GC heap after
{Heap after GC invocations=19 (full 0):
 garbage-first heap   total 63488K, used 31809K [0x0000000080000000, 0x0000000100000000)
  region size 1024K, 1 young (1024K), 1 survivors (1024K)
 Metaspace       used 44164K, committed 44544K, reserved 1114112K
  class space    used 5811K, committed 5952K, reserved 1048576K
}
Event: 17.907 GC heap before
{Heap before GC invocations=19 (full 0):
 garbage-first heap   total 63488K, used 42049K [0x0000000080000000, 0x0000000100000000)
  region size 1024K, 13 young (13312K), 1 survivors (1024K)
 Metaspace       used 44386K, committed 44864K, reserved 1114112K
  class space    used 5824K, committed 6016K, reserved 1048576K
}
Event: 17.909 GC heap after
{Heap after GC invocations=20 (full 0):
 garbage-first heap   total 63488K, used 32456K [0x0000000080000000, 0x0000000100000000)
  region size 1024K, 2 young (2048K), 2 survivors (2048K)
 Metaspace       used 44386K, committed 44864K, reserved 1114112K
  class space    used 5824K, committed 6016K, reserved 1048576K
}
Event: 19.164 GC heap before
{Heap before GC invocations=21 (full 0):
 garbage-first heap   total 63488K, used 50888K [0x0000000080000000, 0x0000000100000000)
  region size 1024K, 19 young (19456K), 2 survivors (2048K)
 Metaspace       used 46937K, committed 47424K, reserved 1114112K
  class space    used 6185K, committed 6400K, reserved 1048576K
}
Event: 19.168 GC heap after
{Heap after GC invocations=22 (full 0):
 garbage-first heap   total 63488K, used 33533K [0x0000000080000000, 0x0000000100000000)
  region size 1024K, 3 young (3072K), 3 survivors (3072K)
 Metaspace       used 46937K, committed 47424K, reserved 1114112K
  class space    used 6185K, committed 6400K, reserved 1048576K
}
Event: 19.907 GC heap before
{Heap before GC invocations=22 (full 0):
 garbage-first heap   total 63488K, used 49917K [0x0000000080000000, 0x0000000100000000)
  region size 1024K, 19 young (19456K), 3 survivors (3072K)
 Metaspace       used 48676K, committed 49088K, reserved 1114112K
  class space    used 6472K, committed 6656K, reserved 1048576K
}
Event: 19.910 GC heap after
{Heap after GC invocations=23 (full 0):
 garbage-first heap   total 63488K, used 34556K [0x0000000080000000, 0x0000000100000000)
  region size 1024K, 1 young (1024K), 1 survivors (1024K)
 Metaspace       used 48676K, committed 49088K, reserved 1114112K
  class space    used 6472K, committed 6656K, reserved 1048576K
}
Event: 20.689 GC heap before
{Heap before GC invocations=24 (full 0):
 garbage-first heap   total 63488K, used 49916K [0x0000000080000000, 0x0000000100000000)
  region size 1024K, 17 young (17408K), 1 survivors (1024K)
 Metaspace       used 50834K, committed 51264K, reserved 1114112K
  class space    used 6845K, committed 7040K, reserved 1048576K
}
Event: 20.692 GC heap after
{Heap after GC invocations=25 (full 0):
 garbage-first heap   total 63488K, used 35075K [0x0000000080000000, 0x0000000100000000)
  region size 1024K, 2 young (2048K), 2 survivors (2048K)
 Metaspace       used 50834K, committed 51264K, reserved 1114112K
  class space    used 6845K, committed 7040K, reserved 1048576K
}
Event: 21.859 GC heap before
{Heap before GC invocations=25 (full 0):
 garbage-first heap   total 63488K, used 51459K [0x0000000080000000, 0x0000000100000000)
  region size 1024K, 18 young (18432K), 2 survivors (2048K)
 Metaspace       used 52688K, committed 53184K, reserved 1114112K
  class space    used 7102K, committed 7296K, reserved 1048576K
}
Event: 21.863 GC heap after
{Heap after GC invocations=26 (full 0):
 garbage-first heap   total 63488K, used 35801K [0x0000000080000000, 0x0000000100000000)
  region size 1024K, 3 young (3072K), 3 survivors (3072K)
 Metaspace       used 52688K, committed 53184K, reserved 1114112K
  class space    used 7102K, committed 7296K, reserved 1048576K
}
Event: 24.653 GC heap before
{Heap before GC invocations=27 (full 0):
 garbage-first heap   total 63488K, used 51161K [0x0000000080000000, 0x0000000100000000)
  region size 1024K, 18 young (18432K), 3 survivors (3072K)
 Metaspace       used 53886K, committed 54336K, reserved 1114112K
  class space    used 7261K, committed 7488K, reserved 1048576K
}
Event: 24.660 GC heap after
{Heap after GC invocations=28 (full 0):
 garbage-first heap   total 63488K, used 37561K [0x0000000080000000, 0x0000000100000000)
  region size 1024K, 3 young (3072K), 3 survivors (3072K)
 Metaspace       used 53886K, committed 54336K, reserved 1114112K
  class space    used 7261K, committed 7488K, reserved 1048576K
}
Event: 25.547 GC heap before
{Heap before GC invocations=28 (full 0):
 garbage-first heap   total 63488K, used 50873K [0x0000000080000000, 0x0000000100000000)
  region size 1024K, 17 young (17408K), 3 survivors (3072K)
 Metaspace       used 54356K, committed 54848K, reserved 1114112K
  class space    used 7303K, committed 7488K, reserved 1048576K
}
Event: 25.558 GC heap after
{Heap after GC invocations=29 (full 0):
 garbage-first heap   total 63488K, used 40711K [0x0000000080000000, 0x0000000100000000)
  region size 1024K, 3 young (3072K), 3 survivors (3072K)
 Metaspace       used 54356K, committed 54848K, reserved 1114112K
  class space    used 7303K, committed 7488K, reserved 1048576K
}

Dll operation events (3 events):
Event: 0.053 Loaded shared library C:\Program Files\Android\Android Studio\jbr\bin\java.dll
Event: 0.523 Loaded shared library C:\Program Files\Android\Android Studio\jbr\bin\zip.dll
Event: 2.023 Loaded shared library C:\Program Files\Android\Android Studio\jbr\bin\verify.dll

Deoptimization events (20 events):
Event: 25.110 Thread 0x000001c557373870 Uncommon trap: trap_request=0xffffff45 fr.pc=0x000001c5420ee12c relative=0x000000000000018c
Event: 25.110 Thread 0x000001c557373870 Uncommon trap: reason=unstable_if action=reinterpret pc=0x000001c5420ee12c method=java.util.concurrent.locks.AbstractQueuedSynchronizer.signalNext(Ljava/util/concurrent/locks/AbstractQueuedSynchronizer$Node;)V @ 17 c2
Event: 25.110 Thread 0x000001c557373870 DEOPT PACKING pc=0x000001c5420ee12c sp=0x00000037f09fd8f0
Event: 25.110 Thread 0x000001c557373870 DEOPT UNPACKING pc=0x000001c5418969a3 sp=0x00000037f09fd7e8 mode 2
Event: 25.122 Thread 0x000001c557376890 DEOPT PACKING pc=0x000001c53a77bed4 sp=0x00000037f07fd160
Event: 25.122 Thread 0x000001c557376890 DEOPT UNPACKING pc=0x000001c541897143 sp=0x00000037f07fc6b8 mode 0
Event: 25.161 Thread 0x000001c557376890 Uncommon trap: trap_request=0xffffffcc fr.pc=0x000001c5420f4ea8 relative=0x0000000000001388
Event: 25.161 Thread 0x000001c557376890 Uncommon trap: reason=intrinsic_or_type_checked_inlining action=make_not_entrant pc=0x000001c5420f4ea8 method=java.util.ArrayList.toArray([Ljava/lang/Object;)[Ljava/lang/Object; @ 36 c2
Event: 25.161 Thread 0x000001c557376890 DEOPT PACKING pc=0x000001c5420f4ea8 sp=0x00000037f07fde50
Event: 25.161 Thread 0x000001c557376890 DEOPT UNPACKING pc=0x000001c5418969a3 sp=0x00000037f07fdd98 mode 2
Event: 25.162 Thread 0x000001c557373870 DEOPT PACKING pc=0x000001c53a77bed4 sp=0x00000037f09fcf60
Event: 25.162 Thread 0x000001c557373870 DEOPT UNPACKING pc=0x000001c541897143 sp=0x00000037f09fc4b8 mode 0
Event: 25.205 Thread 0x000001c557376890 DEOPT PACKING pc=0x000001c53a77bed4 sp=0x00000037f07fdab0
Event: 25.205 Thread 0x000001c557376890 DEOPT UNPACKING pc=0x000001c541897143 sp=0x00000037f07fd008 mode 0
Event: 25.244 Thread 0x000001c557373870 DEOPT PACKING pc=0x000001c53a77bed4 sp=0x00000037f09fd840
Event: 25.244 Thread 0x000001c557373870 DEOPT UNPACKING pc=0x000001c541897143 sp=0x00000037f09fcd98 mode 0
Event: 25.295 Thread 0x000001c557373d40 DEOPT PACKING pc=0x000001c53a77bed4 sp=0x00000037f08fde40
Event: 25.295 Thread 0x000001c557373d40 DEOPT UNPACKING pc=0x000001c541897143 sp=0x00000037f08fd398 mode 0
Event: 25.327 Thread 0x000001c555d56560 DEOPT PACKING pc=0x000001c53ab4c243 sp=0x00000037ef5fea70
Event: 25.327 Thread 0x000001c555d56560 DEOPT UNPACKING pc=0x000001c541897143 sp=0x00000037ef5fdef8 mode 0

Classes unloaded (0 events):
No events

Classes redefined (0 events):
No events

Internal exceptions (20 events):
Event: 19.236 Thread 0x000001c5566824b0 Exception <a 'java/lang/NoSuchMethodError'{0x0000000083b5e770}: 'void java.lang.invoke.DirectMethodHandle$Holder.invokeInterface(java.lang.Object, java.lang.Object)'> (0x0000000083b5e770) 
thrown [s\src\hotspot\share\interpreter\linkResolver.cpp, line 771]
Event: 19.237 Thread 0x000001c5566824b0 Exception <a 'java/lang/IncompatibleClassChangeError'{0x0000000083b69a60}: Found class java.lang.Object, but interface was expected> (0x0000000083b69a60) 
thrown [s\src\hotspot\share\interpreter\linkResolver.cpp, line 838]
Event: 19.279 Thread 0x000001c5566824b0 Exception <a 'java/lang/NoSuchMethodError'{0x000000008392f8d0}: 'java.lang.Object java.lang.invoke.DirectMethodHandle$Holder.newInvokeSpecial(java.lang.Object, int, java.lang.Object)'> (0x000000008392f8d0) 
thrown [s\src\hotspot\share\interpreter\linkResolver.cpp, line 771]
Event: 19.955 Thread 0x000001c555d590b0 Exception <a 'java/lang/NoSuchMethodError'{0x0000000083c710b8}: static Lorg/gradle/internal/build/event/types/DefaultOperationStartedProgressEvent;.<clinit>()V> (0x0000000083c710b8) 
thrown [s\src\hotspot\share\prims\jni.cpp, line 1108]
Event: 19.955 Thread 0x000001c555d590b0 Exception <a 'java/lang/NoSuchMethodError'{0x0000000083c74400}: static Lorg/gradle/internal/build/event/types/AbstractProgressEvent;.<clinit>()V> (0x0000000083c74400) 
thrown [s\src\hotspot\share\prims\jni.cpp, line 1108]
Event: 19.956 Thread 0x000001c555d590b0 Exception <a 'java/lang/NoSuchMethodError'{0x0000000083c893e8}: static Lorg/gradle/internal/build/event/types/DefaultProjectConfigurationDescriptor;.<clinit>()V> (0x0000000083c893e8) 
thrown [s\src\hotspot\share\prims\jni.cpp, line 1108]
Event: 19.957 Thread 0x000001c555d590b0 Exception <a 'java/lang/NoSuchMethodError'{0x0000000083c8c0f0}: static Lorg/gradle/internal/build/event/types/DefaultOperationDescriptor;.<clinit>()V> (0x0000000083c8c0f0) 
thrown [s\src\hotspot\share\prims\jni.cpp, line 1108]
Event: 19.959 Thread 0x000001c555d590b0 Exception <a 'java/lang/NoSuchMethodError'{0x0000000083ca7ac0}: static Lorg/gradle/internal/operations/OperationIdentifier;.<clinit>()V> (0x0000000083ca7ac0) 
thrown [s\src\hotspot\share\prims\jni.cpp, line 1108]
Event: 20.209 Thread 0x000001c5566824b0 Exception <a 'java/lang/NoSuchMethodError'{0x000000008367ef28}: 'long java.lang.invoke.DirectMethodHandle$Holder.invokeStatic(java.lang.Object, long)'> (0x000000008367ef28) 
thrown [s\src\hotspot\share\interpreter\linkResolver.cpp, line 771]
Event: 20.711 Thread 0x000001c5566824b0 Exception <a 'java/lang/NoSuchMethodError'{0x0000000083d27d00}: 'java.lang.Object java.lang.invoke.DelegatingMethodHandle$Holder.reinvoke_L(java.lang.Object, java.lang.Object, java.lang.Object, java.lang.Object, java.lang.Object, java.lang.Object, java.lang.Object, java.lang.Object, java.lang.Object, java.lang.Object, java.lang.Object, java.lang.Object, java.lang.Object, java.lang.Object, java.lang.Object, java.lang.Object, java.lang.Object, java.lang.Object, java.lang.Object, java.lang.Object, java.lang.O
Event: 20.712 Thread 0x000001c5566824b0 Exception <a 'java/lang/NoSuchMethodError'{0x0000000083d334d8}: 'java.lang.Object java.lang.invoke.DirectMethodHandle$Holder.invokeSpecial(java.lang.Object, java.lang.Object, java.lang.Object, java.lang.Object, java.lang.Object, java.lang.Object, java.lang.Object, java.lang.Object, java.lang.Object, java.lang.Object, java.lang.Object, java.lang.Object, java.lang.Object, java.lang.Object, java.lang.Object, java.lang.Object, java.lang.Object, java.lang.Object, java.lang.Object, java.lang.Object, java.lang.Ob
Event: 20.713 Thread 0x000001c5566824b0 Exception <a 'java/lang/NoSuchMethodError'{0x0000000083d39120}: 'java.lang.Object java.lang.invoke.Invokers$Holder.invoker(java.lang.Object, java.lang.Object, java.lang.Object, java.lang.Object, java.lang.Object, java.lang.Object, java.lang.Object, java.lang.Object, java.lang.Object, java.lang.Object, java.lang.Object, java.lang.Object, java.lang.Object, java.lang.Object, java.lang.Object, java.lang.Object, java.lang.Object, java.lang.Object, java.lang.Object, java.lang.Object, java.lang.Object)'> (0x00000
Event: 20.713 Thread 0x000001c5566824b0 Exception <a 'java/lang/NoSuchMethodError'{0x0000000083d3f780}: 'java.lang.Object java.lang.invoke.DelegatingMethodHandle$Holder.delegate(java.lang.Object, java.lang.Object, java.lang.Object, java.lang.Object, java.lang.Object, java.lang.Object, java.lang.Object, java.lang.Object, java.lang.Object, java.lang.Object, java.lang.Object, java.lang.Object, java.lang.Object, java.lang.Object, java.lang.Object, java.lang.Object, java.lang.Object, java.lang.Object, java.lang.Object, java.lang.Object, java.lang.Obj
Event: 21.812 Thread 0x000001c5566824b0 Exception <a 'java/lang/NoSuchMethodError'{0x0000000082fcf8b0}: 'int java.lang.invoke.DirectMethodHandle$Holder.invokeSpecialIFC(java.lang.Object, java.lang.Object, java.lang.Object)'> (0x0000000082fcf8b0) 
thrown [s\src\hotspot\share\interpreter\linkResolver.cpp, line 771]
Event: 21.994 Thread 0x000001c5566824b0 Exception <a 'java/lang/NoSuchMethodError'{0x0000000083cee4b0}: 'int java.lang.invoke.DirectMethodHandle$Holder.invokeStatic(java.lang.Object)'> (0x0000000083cee4b0) 
thrown [s\src\hotspot\share\interpreter\linkResolver.cpp, line 771]
Event: 21.994 Thread 0x000001c5566824b0 Exception <a 'java/lang/NoSuchMethodError'{0x0000000083cf2b48}: 'int java.lang.invoke.DirectMethodHandle$Holder.invokeStaticInit(java.lang.Object)'> (0x0000000083cf2b48) 
thrown [s\src\hotspot\share\interpreter\linkResolver.cpp, line 771]
Event: 22.015 Thread 0x000001c5566824b0 Exception <a 'java/lang/NoSuchMethodError'{0x0000000083b84778}: 'java.lang.Object java.lang.invoke.DirectMethodHandle$Holder.newInvokeSpecial(java.lang.Object, java.lang.Object, java.lang.Object, java.lang.Object, java.lang.Object, int)'> (0x0000000083b84778) 
thrown [s\src\hotspot\share\interpreter\linkResolver.cpp, line 771]
Event: 22.016 Thread 0x000001c5566824b0 Exception <a 'java/lang/NoSuchMethodError'{0x0000000083b89dd0}: 'java.lang.Object java.lang.invoke.DirectMethodHandle$Holder.invokeSpecial(java.lang.Object, java.lang.Object, java.lang.Object, java.lang.Object, java.lang.Object, java.lang.Object, int)'> (0x0000000083b89dd0) 
thrown [s\src\hotspot\share\interpreter\linkResolver.cpp, line 771]
Event: 22.087 Thread 0x000001c5566824b0 Exception <a 'java/lang/NoSuchMethodError'{0x0000000083a73258}: 'void java.lang.invoke.DirectMethodHandle$Holder.invokeStatic(java.lang.Object, java.lang.Object, java.lang.Object, int, java.lang.Object)'> (0x0000000083a73258) 
thrown [s\src\hotspot\share\interpreter\linkResolver.cpp, line 771]
Event: 22.354 Thread 0x000001c5566824b0 Exception <a 'java/lang/NoSuchMethodError'{0x000000008360d260}: 'java.lang.Object java.lang.invoke.DirectMethodHandle$Holder.newInvokeSpecial(java.lang.Object, java.lang.Object, int)'> (0x000000008360d260) 
thrown [s\src\hotspot\share\interpreter\linkResolver.cpp, line 771]

VM Operations (20 events):
Event: 21.863 Executing VM operation: G1CollectForAllocation done
Event: 21.900 Executing VM operation: G1Concurrent
Event: 21.903 Executing VM operation: G1Concurrent done
Event: 21.917 Executing VM operation: G1Concurrent
Event: 21.918 Executing VM operation: G1Concurrent done
Event: 22.933 Executing VM operation: Cleanup
Event: 22.935 Executing VM operation: Cleanup done
Event: 23.941 Executing VM operation: Cleanup
Event: 23.941 Executing VM operation: Cleanup done
Event: 24.653 Executing VM operation: G1CollectForAllocation
Event: 24.660 Executing VM operation: G1CollectForAllocation done
Event: 25.030 Executing VM operation: HandshakeAllThreads
Event: 25.030 Executing VM operation: HandshakeAllThreads done
Event: 25.261 Executing VM operation: ICBufferFull
Event: 25.261 Executing VM operation: ICBufferFull done
Event: 25.261 Executing VM operation: ICBufferFull
Event: 25.261 Executing VM operation: ICBufferFull done
Event: 25.546 Executing VM operation: G1CollectForAllocation
Event: 25.558 Executing VM operation: G1CollectForAllocation done
Event: 25.593 Executing VM operation: G1Concurrent

Events (20 events):
Event: 20.556 loading class javax/net/ssl/SSLPeerUnverifiedException
Event: 20.556 loading class javax/net/ssl/SSLPeerUnverifiedException done
Event: 20.556 loading class javax/naming/NamingException
Event: 20.556 loading class javax/naming/NamingException done
Event: 20.556 loading class javax/naming/InvalidNameException
Event: 20.557 loading class javax/naming/InvalidNameException done
Event: 20.699 loading class java/util/Collections$SingletonMap
Event: 20.700 loading class java/util/Collections$SingletonMap done
Event: 20.702 Thread 0x000001c557377bd0 Thread added: 0x000001c557377bd0
Event: 21.257 loading class java/io/DeleteOnExitHook
Event: 21.261 loading class java/io/DeleteOnExitHook done
Event: 21.261 loading class java/io/DeleteOnExitHook$1
Event: 21.261 loading class java/io/DeleteOnExitHook$1 done
Event: 22.264 loading class java/util/Collections$2
Event: 22.265 loading class java/util/Collections$2 done
Event: 24.865 loading class java/util/LinkedList$LLSpliterator
Event: 24.866 loading class java/util/LinkedList$LLSpliterator done
Event: 25.096 Thread 0x000001c557376890 Thread added: 0x000001c557376890
Event: 25.096 Thread 0x000001c557373d40 Thread added: 0x000001c557373d40
Event: 25.096 Thread 0x000001c557373870 Thread added: 0x000001c557373870


Dynamic libraries:
0x00007ff6b49e0000 - 0x00007ff6b49ea000 	C:\Program Files\Android\Android Studio\jbr\bin\java.exe
0x00007ffecd110000 - 0x00007ffecd308000 	C:\windows\SYSTEM32\ntdll.dll
0x00007ffeccb30000 - 0x00007ffeccbed000 	C:\windows\System32\KERNEL32.DLL
0x00007ffeca9e0000 - 0x00007ffecacd6000 	C:\windows\System32\KERNELBASE.dll
0x00007ffeca810000 - 0x00007ffeca910000 	C:\windows\System32\ucrtbase.dll
0x00007ffeb5600000 - 0x00007ffeb5617000 	C:\Program Files\Android\Android Studio\jbr\bin\jli.dll
0x00007ffecc060000 - 0x00007ffecc1ff000 	C:\windows\System32\USER32.dll
0x00007ffeca910000 - 0x00007ffeca932000 	C:\windows\System32\win32u.dll
0x00007ffeccb00000 - 0x00007ffeccb2b000 	C:\windows\System32\GDI32.dll
0x00007ffecae50000 - 0x00007ffecaf67000 	C:\windows\System32\gdi32full.dll
0x00007ffeca940000 - 0x00007ffeca9dd000 	C:\windows\System32\msvcp_win.dll
0x00007ffe9e0e0000 - 0x00007ffe9e0fb000 	C:\Program Files\Android\Android Studio\jbr\bin\VCRUNTIME140.dll
0x00007ffeb2be0000 - 0x00007ffeb2e7a000 	C:\windows\WinSxS\amd64_microsoft.windows.common-controls_6595b64144ccf1df_6.0.19041.4355_none_60b8b9eb71f62e16\COMCTL32.dll
0x00007ffecbbf0000 - 0x00007ffecbc8e000 	C:\windows\System32\msvcrt.dll
0x00007ffecce10000 - 0x00007ffecce42000 	C:\windows\System32\IMM32.DLL
0x00007ffeb5500000 - 0x00007ffeb550c000 	C:\Program Files\Android\Android Studio\jbr\bin\vcruntime140_1.dll
0x00007ffe93b30000 - 0x00007ffe93bbd000 	C:\Program Files\Android\Android Studio\jbr\bin\msvcp140.dll
0x00007ffe87090000 - 0x00007ffe87d10000 	C:\Program Files\Android\Android Studio\jbr\bin\server\jvm.dll
0x00007ffecce60000 - 0x00007ffeccf10000 	C:\windows\System32\ADVAPI32.dll
0x00007ffecbdc0000 - 0x00007ffecbe60000 	C:\windows\System32\sechost.dll
0x00007ffeccce0000 - 0x00007ffecce03000 	C:\windows\System32\RPCRT4.dll
0x00007ffecae20000 - 0x00007ffecae47000 	C:\windows\System32\bcrypt.dll
0x00007ffeaf5a0000 - 0x00007ffeaf5a9000 	C:\windows\SYSTEM32\WSOCK32.dll
0x00007ffecbe60000 - 0x00007ffecbecb000 	C:\windows\System32\WS2_32.dll
0x00007ffec1c40000 - 0x00007ffec1c67000 	C:\windows\SYSTEM32\WINMM.dll
0x00007ffec2d80000 - 0x00007ffec2d8a000 	C:\windows\SYSTEM32\VERSION.dll
0x00007ffec8620000 - 0x00007ffec8632000 	C:\windows\SYSTEM32\kernel.appcore.dll
0x00007ffec6220000 - 0x00007ffec622a000 	C:\Program Files\Android\Android Studio\jbr\bin\jimage.dll
0x00007ffebf860000 - 0x00007ffebfa44000 	C:\windows\SYSTEM32\DBGHELP.DLL
0x00007ffeb2250000 - 0x00007ffeb2284000 	C:\windows\SYSTEM32\dbgcore.DLL
0x00007ffecad90000 - 0x00007ffecae12000 	C:\windows\System32\bcryptPrimitives.dll
0x00007ffec03a0000 - 0x00007ffec03ae000 	C:\Program Files\Android\Android Studio\jbr\bin\instrument.dll
0x00007ffe9e010000 - 0x00007ffe9e035000 	C:\Program Files\Android\Android Studio\jbr\bin\java.dll
0x00007ffec1370000 - 0x00007ffec1388000 	C:\Program Files\Android\Android Studio\jbr\bin\zip.dll
0x00007ffecb380000 - 0x00007ffecbaeb000 	C:\windows\System32\SHELL32.dll
0x00007ffec8840000 - 0x00007ffec8fdd000 	C:\windows\SYSTEM32\windows.storage.dll
0x00007ffecc7a0000 - 0x00007ffeccaf3000 	C:\windows\System32\combase.dll
0x00007ffeca170000 - 0x00007ffeca19e000 	C:\windows\SYSTEM32\Wldp.dll
0x00007ffecb140000 - 0x00007ffecb20d000 	C:\windows\System32\OLEAUT32.dll
0x00007ffecb2d0000 - 0x00007ffecb37d000 	C:\windows\System32\SHCORE.dll
0x00007ffecb210000 - 0x00007ffecb265000 	C:\windows\System32\shlwapi.dll
0x00007ffeca6f0000 - 0x00007ffeca714000 	C:\windows\SYSTEM32\profapi.dll
0x00007ffec1340000 - 0x00007ffec1359000 	C:\Program Files\Android\Android Studio\jbr\bin\net.dll
0x00007ffec4f60000 - 0x00007ffec506a000 	C:\windows\SYSTEM32\WINHTTP.dll
0x00007ffec9e70000 - 0x00007ffec9eda000 	C:\windows\system32\mswsock.dll
0x00007ffec12f0000 - 0x00007ffec1306000 	C:\Program Files\Android\Android Studio\jbr\bin\nio.dll
0x00007ffec6210000 - 0x00007ffec6220000 	C:\Program Files\Android\Android Studio\jbr\bin\verify.dll
0x00007ffe9ce80000 - 0x00007ffe9cea7000 	C:\Users\zhold\.gradle\native\68d5fa5c4cc2d200863cafc0d521ce42e7d3e7ee720ec0a83991735586a16f82\windows-amd64\native-platform.dll
0x00007ffe8acb0000 - 0x00007ffe8adf4000 	C:\Users\zhold\.gradle\native\e376f236ea51e6404a007f0833ffe2c6e607c4080706a723a18a27aeea778392\windows-amd64\native-platform-file-events.dll
0x00007ffec0e90000 - 0x00007ffec0e99000 	C:\Program Files\Android\Android Studio\jbr\bin\management.dll
0x00007ffec03b0000 - 0x00007ffec03bb000 	C:\Program Files\Android\Android Studio\jbr\bin\management_ext.dll
0x00007ffecce50000 - 0x00007ffecce58000 	C:\windows\System32\PSAPI.DLL
0x00007ffeca0c0000 - 0x00007ffeca0d8000 	C:\windows\SYSTEM32\CRYPTSP.dll
0x00007ffec9790000 - 0x00007ffec97c4000 	C:\windows\system32\rsaenh.dll
0x00007ffeca660000 - 0x00007ffeca68e000 	C:\windows\SYSTEM32\USERENV.dll
0x00007ffeca0e0000 - 0x00007ffeca0ec000 	C:\windows\SYSTEM32\CRYPTBASE.dll
0x00007ffec9b50000 - 0x00007ffec9b8b000 	C:\windows\SYSTEM32\IPHLPAPI.DLL
0x00007ffecbdb0000 - 0x00007ffecbdb8000 	C:\windows\System32\NSI.dll
0x00007ffec2e90000 - 0x00007ffec2ea7000 	C:\windows\SYSTEM32\dhcpcsvc6.DLL
0x00007ffec2e60000 - 0x00007ffec2e7d000 	C:\windows\SYSTEM32\dhcpcsvc.DLL
0x00007ffec9ba0000 - 0x00007ffec9c6b000 	C:\windows\SYSTEM32\DNSAPI.dll
0x00007ffec1200000 - 0x00007ffec1207000 	C:\windows\system32\wshunix.dll

dbghelp: loaded successfully - version: 4.0.5 - missing functions: none
symbol engine: initialized successfully - sym options: 0x614 - pdb path: .;C:\Program Files\Android\Android Studio\jbr\bin;C:\windows\SYSTEM32;C:\windows\WinSxS\amd64_microsoft.windows.common-controls_6595b64144ccf1df_6.0.19041.4355_none_60b8b9eb71f62e16;C:\Program Files\Android\Android Studio\jbr\bin\server;C:\Users\zhold\.gradle\native\68d5fa5c4cc2d200863cafc0d521ce42e7d3e7ee720ec0a83991735586a16f82\windows-amd64;C:\Users\zhold\.gradle\native\e376f236ea51e6404a007f0833ffe2c6e607c4080706a723a18a27aeea778392\windows-amd64

VM Arguments:
jvm_args: --add-opens=java.base/java.util=ALL-UNNAMED --add-opens=java.base/java.lang=ALL-UNNAMED --add-opens=java.base/java.lang.invoke=ALL-UNNAMED --add-opens=java.prefs/java.util.prefs=ALL-UNNAMED --add-opens=java.base/java.nio.charset=ALL-UNNAMED --add-opens=java.base/java.net=ALL-UNNAMED --add-opens=java.base/java.util.concurrent.atomic=ALL-UNNAMED -Xmx2048m -Dfile.encoding=UTF-8 -Duser.country=RU -Duser.language=ru -Duser.variant -javaagent:C:\Users\zhold\.gradle\wrapper\dists\gradle-8.2-bin\bbg7u40eoinfdyxsxr3z4i7ta\gradle-8.2\lib\agents\gradle-instrumentation-agent-8.2.jar 
java_command: org.gradle.launcher.daemon.bootstrap.GradleDaemon 8.2
java_class_path (initial): C:\Users\zhold\.gradle\wrapper\dists\gradle-8.2-bin\bbg7u40eoinfdyxsxr3z4i7ta\gradle-8.2\lib\gradle-launcher-8.2.jar
Launcher Type: SUN_STANDARD

[Global flags]
     intx CICompilerCount                          = 3                                         {product} {ergonomic}
     uint ConcGCThreads                            = 1                                         {product} {ergonomic}
     uint G1ConcRefinementThreads                  = 4                                         {product} {ergonomic}
   size_t G1HeapRegionSize                         = 1048576                                   {product} {ergonomic}
    uintx GCDrainStackTargetSize                   = 64                                        {product} {ergonomic}
   size_t InitialHeapSize                          = 56623104                                  {product} {ergonomic}
   size_t MarkStackSize                            = 4194304                                   {product} {ergonomic}
   size_t MaxHeapSize                              = 2147483648                                {product} {command line}
   size_t MaxNewSize                               = 1287651328                                {product} {ergonomic}
   size_t MinHeapDeltaBytes                        = 1048576                                   {product} {ergonomic}
   size_t MinHeapSize                              = 8388608                                   {product} {ergonomic}
    uintx NonNMethodCodeHeapSize                   = 5832780                                {pd product} {ergonomic}
    uintx NonProfiledCodeHeapSize                  = 122912730                              {pd product} {ergonomic}
    uintx ProfiledCodeHeapSize                     = 122912730                              {pd product} {ergonomic}
    uintx ReservedCodeCacheSize                    = 251658240                              {pd product} {ergonomic}
     bool SegmentedCodeCache                       = true                                      {product} {ergonomic}
   size_t SoftMaxHeapSize                          = 2147483648                             {manageable} {ergonomic}
     bool UseCompressedClassPointers               = true                           {product lp64_product} {ergonomic}
     bool UseCompressedOops                        = true                           {product lp64_product} {ergonomic}
     bool UseG1GC                                  = true                                      {product} {ergonomic}
     bool UseLargePagesIndividualAllocation        = false                                  {pd product} {ergonomic}

Logging:
Log output configuration:
 #0: stdout all=warning uptime,level,tags
 #1: stderr all=off uptime,level,tags

Environment Variables:
PATH=C:\Program Files (x86)\VMware\bin\;C:\Program Files\Common Files\Oracle\Java\javapath;C:\Program Files (x86)\Common Files\Oracle\Java\javapath;C:\windows\system32;C:\windows;C:\windows\System32\Wbem;C:\windows\System32\WindowsPowerShell\v1.0\;C:\windows\System32\OpenSSH\;C:\Program Files\7-Zip;C:\Program Files\nodejs\;C:\Program Files\Git\cmd;C:\Program Files\Go\bin;C:\Program Files\Cloudflare\Cloudflare WARP\;C:\Users\zhold\Downloads\mongosh-1.6.1-win32-x64\mongosh-1.6.1-win32-x64;C:\Program Files\MongoDB\Tools\100\bin;;C:\Program Files (x86)\NVIDIA Corporation\PhysX\Common;C:\Program Files\HP\HP One Agent;C:\Users\zhold\AppData\Local\Microsoft\WindowsApps;C:\Users\zhold\AppData\Roaming\npm;C:\Users\zhold\AppData\Local\GitHubDesktop\bin;C:\Users\zhold\AppData\Local\Programs\Microsoft VS Code\bin;C:\Program Files\heroku\bin;C:\Users\zhold\go\bin
USERNAME=zhold
OS=Windows_NT
PROCESSOR_IDENTIFIER=AMD64 Family 23 Model 96 Stepping 1, AuthenticAMD
TMP=C:\Users\zhold\AppData\Local\Temp
TEMP=C:\Users\zhold\AppData\Local\Temp


JNI global refs:
JNI global refs: 26, weak refs: 1

JNI global refs memory usage: 843, weak refs: 841

OOME stack traces (most recent first):
Classloader memory used:
Loader org.gradle.internal.classloader.VisitableURLClassLoader                         : 3299K
Loader bootstrap                                                                       : 2406K
Loader org.gradle.initialization.MixInLegacyTypesClassLoader                           : 982K
Loader jdk.internal.loader.ClassLoaders$PlatformClassLoader                            : 69241B
Loader jdk.internal.loader.ClassLoaders$AppClassLoader                                 : 28450B
Loader jdk.internal.reflect.DelegatingClassLoader                                      : 8570B
Loader org.gradle.internal.classloader.VisitableURLClassLoader$InstrumentingVisitableURLClassLoader: 4735B
Loader org.gradle.groovy.scripts.internal.DefaultScriptCompilationHandler$ScriptClassLoader: 1712B
Loader org.codehaus.groovy.runtime.callsite.CallSiteClassLoader                        : 356B

Classes loaded by more than one classloader:
Class Program                                                                         : loaded 3 times (x 70B)
Class org.gradle.internal.classpath.ClassPath                                         : loaded 2 times (x 68B)
Class org.gradle.api.internal.classpath.DefaultModuleRegistry                         : loaded 2 times (x 84B)
Class Settings_gradle$1$1                                                             : loaded 2 times (x 72B)
Class org.gradle.api.Action                                                           : loaded 2 times (x 68B)
Class org.gradle.api.internal.DefaultClassPathProvider                                : loaded 2 times (x 74B)
Class org.gradle.internal.installation.GradleInstallation$1                           : loaded 2 times (x 73B)
Class org.gradle.internal.classloader.FilteringClassLoader                            : loaded 2 times (x 102B)
Class org.gradle.internal.classpath.DefaultClassPath$ImmutableUniqueList$Builder      : loaded 2 times (x 73B)
Class org.gradle.internal.classloader.ClassLoaderVisitor                              : loaded 2 times (x 74B)
Class org.gradle.internal.service.DefaultServiceLocator                               : loaded 2 times (x 81B)
Class org.gradle.internal.service.UnknownServiceException                             : loaded 2 times (x 81B)
Class org.gradle.internal.classloader.DefaultClassLoaderFactory                       : loaded 2 times (x 80B)
Class org.gradle.internal.classloader.VisitableURLClassLoader$Spec                    : loaded 2 times (x 72B)
Class org.gradle.api.GradleException                                                  : loaded 2 times (x 80B)
Class org.gradle.api.internal.classpath.ModuleRegistry                                : loaded 2 times (x 68B)
Class org.gradle.api.internal.ClassPathProvider                                       : loaded 2 times (x 68B)
Class org.gradle.internal.classloader.ClasspathUtil$1                                 : loaded 2 times (x 74B)
Class org.gradle.internal.classloader.ClassLoaderFactory                              : loaded 2 times (x 68B)
Class org.gradle.api.internal.classpath.ManifestUtil                                  : loaded 2 times (x 69B)
Class org.gradle.api.specs.Spec                                                       : loaded 2 times (x 68B)
Class org.gradle.internal.IoActions                                                   : loaded 2 times (x 69B)
Class org.gradle.api.internal.classpath.EffectiveClassPath                            : loaded 2 times (x 88B)
Class org.gradle.internal.installation.CurrentGradleInstallation                      : loaded 2 times (x 71B)
Class org.gradle.internal.agents.InstrumentingClassLoader                             : loaded 2 times (x 68B)
Class org.gradle.internal.installation.CurrentGradleInstallationLocator               : loaded 2 times (x 69B)
Class org.gradle.api.internal.classpath.Module                                        : loaded 2 times (x 68B)
Class org.gradle.internal.service.CachingServiceLocator                               : loaded 2 times (x 80B)
Class org.gradle.internal.classpath.DefaultClassPath                                  : loaded 2 times (x 88B)
Class org.gradle.internal.classloader.SystemClassLoaderSpec                           : loaded 2 times (x 69B)
Class org.gradle.api.UncheckedIOException                                             : loaded 2 times (x 80B)
Class org.gradle.internal.installation.GradleInstallation                             : loaded 2 times (x 73B)
Class org.gradle.internal.classloader.ClasspathUtil                                   : loaded 2 times (x 69B)
Class org.gradle.api.internal.DefaultClassPathRegistry                                : loaded 2 times (x 74B)
Class org.gradle.api.internal.classpath.DefaultModuleRegistry$DefaultModule           : loaded 2 times (x 84B)
Class org.gradle.api.internal.classpath.UnknownModuleException                        : loaded 2 times (x 80B)
Class org.gradle.internal.service.ServiceLookupException                              : loaded 2 times (x 80B)
Class org.gradle.cache.GlobalCache                                                    : loaded 2 times (x 68B)
Class [Lorg.gradle.api.internal.ClassPathProvider;                                    : loaded 2 times (x 67B)
Class org.gradle.util.internal.GUtil                                                  : loaded 2 times (x 69B)
Class org.gradle.internal.classloader.ClassLoaderSpec                                 : loaded 2 times (x 69B)
Class org.gradle.internal.classloader.VisitableURLClassLoader                         : loaded 2 times (x 114B)
Class org.gradle.internal.Cast                                                        : loaded 2 times (x 69B)
Class org.gradle.api.internal.ClassPathRegistry                                       : loaded 2 times (x 68B)
Class org.gradle.internal.classloader.VisitableURLClassLoader$InstrumentingVisitableURLClassLoader: loaded 2 times (x 120B)
Class org.gradle.internal.classloader.ClassLoaderHierarchy                            : loaded 2 times (x 68B)
Class org.gradle.internal.InternalTransformer                                         : loaded 2 times (x 68B)
Class org.gradle.internal.service.ServiceLocator                                      : loaded 2 times (x 68B)
Class Settings_gradle$1                                                               : loaded 2 times (x 72B)
Class org.gradle.internal.classpath.DefaultClassPath$ImmutableUniqueList              : loaded 2 times (x 159B)
Class org.gradle.internal.classpath.TransformedClassPath                              : loaded 2 times (x 94B)
Class Settings_gradle                                                                 : loaded 2 times (x 126B)


---------------  S Y S T E M  ---------------

OS:
 Windows 10 , 64 bit Build 19041 (10.0.19041.3636)
OS uptime: 0 days 4:08 hours

CPU: total 4 (initial active 4) (4 cores per cpu, 1 threads per core) family 23 model 96 stepping 1 microcode 0x0, cx8, cmov, fxsr, mmx, 3dnowpref, sse, sse2, sse3, ssse3, sse4a, sse4.1, sse4.2, popcnt, lzcnt, tsc, tscinvbit, avx, avx2, aes, clmul, bmi1, bmi2, adx, sha, fma, vzeroupper, clflush, clflushopt

Memory: 4k page, system-wide physical 3445M (109M free)
TotalPageFile size 14197M (AvailPageFile size 2M)
current process WorkingSet (physical memory assigned to process): 170M, peak: 175M
current process commit charge ("private bytes"): 260M, peak: 268M

vm_info: OpenJDK 64-Bit Server VM (17.0.7+0-b2043.56-10550314) for windows-amd64 JRE (17.0.7+0-b2043.56-10550314), built on Jul 24 2023 18:27:45 by "androidbuild" with MS VC++ 16.10 / 16.11 (VS2019)

END.
