#
# There is insufficient memory for the Java Runtime Environment to continue.
# Native memory allocation (malloc) failed to allocate 262160 bytes for Chunk::new
# Possible reasons:
#   The system is out of physical RAM or swap space
#   The process is running with CompressedOops enabled, and the Java Heap may be blocking the growth of the native heap
# Possible solutions:
#   Reduce memory load on the system
#   Increase physical memory or swap space
#   Check if swap backing store is full
#   Decrease Java heap size (-Xmx/-Xms)
#   Decrease number of Java threads
#   Decrease Java thread stack sizes (-Xss)
#   Set larger code cache with -XX:ReservedCodeCacheSize=
#   JVM is running with Unscaled Compressed Oops mode in which the Java heap is
#     placed in the first 4GB address space. The Java Heap base address is the
#     maximum limit for the native heap growth. Please use -XX:HeapBaseMinAddress
#     to set the Java Heap base and to place the Java Heap above 4GB virtual address.
# This output file may be truncated or incomplete.
#
#  Out of Memory Error (arena.cpp:189), pid=12016, tid=13244
#
# JRE version: OpenJDK Runtime Environment (17.0.7) (build 17.0.7+0-b2043.56-10550314)
# Java VM: OpenJDK 64-Bit Server VM (17.0.7+0-b2043.56-10550314, mixed mode, tiered, compressed oops, compressed class ptrs, g1 gc, windows-amd64)
# No core dump will be written. Minidumps are not enabled by default on client versions of Windows
#

---------------  S U M M A R Y ------------

Command Line: org.jetbrains.kotlin.cli.jvm.K2JVMCompiler @C:\AndroidStudioWorks\DiplomaTest\app\build\20240613_8915199242957190135.compiler.options

Host: AMD Ryzen 3 4300U with Radeon Graphics         , 4 cores, 3G,  Windows 10 , 64 bit Build 19041 (10.0.19041.3636)
Time: Thu Jun 13 03:00:27 2024  Windows 10 , 64 bit Build 19041 (10.0.19041.3636) elapsed time: 21.472563 seconds (0d 0h 0m 21s)

---------------  T H R E A D  ---------------

Current thread (0x00000228f3943350):  JavaThread "C2 CompilerThread0" daemon [_thread_in_native, id=13244, stack(0x000000d82e400000,0x000000d82e500000)]


Current CompileTask:
C2:  21472 7651       4       org.jetbrains.kotlin.resolve.lazy.descriptors.LazyClassMemberScope::generateFakeOverrides (426 bytes)

Stack: [0x000000d82e400000,0x000000d82e500000]
Native frames: (J=compiled Java code, j=interpreted, Vv=VM code, C=native code)
V  [jvm.dll+0x683bfa]
V  [jvm.dll+0x8430a4]
V  [jvm.dll+0x8449be]
V  [jvm.dll+0x845023]
V  [jvm.dll+0x24ad2f]
V  [jvm.dll+0xac25c]
V  [jvm.dll+0xac82c]
V  [jvm.dll+0xac36b]
V  [jvm.dll+0x66102c]
V  [jvm.dll+0x1bcf3d]
V  [jvm.dll+0x62547b]
V  [jvm.dll+0x1b791b]
V  [jvm.dll+0x6aac57]
V  [jvm.dll+0x1b7e22]
V  [jvm.dll+0x6aac57]
V  [jvm.dll+0x6a969a]
V  [jvm.dll+0x225a59]
V  [jvm.dll+0x225def]
V  [jvm.dll+0x21f0b5]
V  [jvm.dll+0x21c56b]
V  [jvm.dll+0x1a605d]
V  [jvm.dll+0x22c148]
V  [jvm.dll+0x22a209]
V  [jvm.dll+0x7f858c]
V  [jvm.dll+0x7f2aea]
V  [jvm.dll+0x682a35]
C  [ucrtbase.dll+0x21bb2]
C  [KERNEL32.DLL+0x17344]
C  [ntdll.dll+0x526b1]


---------------  P R O C E S S  ---------------

Threads class SMR info:
_java_thread_list=0x00000228f3cce740, length=12, elements={
0x00000228dcfe0850, 0x00000228f38f9270, 0x00000228f38f9ff0, 0x00000228f392b540,
0x00000228f392c810, 0x00000228f392d8e0, 0x00000228f392e1a0, 0x00000228f3943350,
0x00000228f3944c60, 0x00000228f395dac0, 0x00000228f3cf7500, 0x00000228f3d02150
}

Java Threads: ( => current thread )
  0x00000228dcfe0850 JavaThread "main" [_thread_blocked, id=10716, stack(0x000000d82d700000,0x000000d82d800000)]
  0x00000228f38f9270 JavaThread "Reference Handler" daemon [_thread_blocked, id=11700, stack(0x000000d82de00000,0x000000d82df00000)]
  0x00000228f38f9ff0 JavaThread "Finalizer" daemon [_thread_blocked, id=2248, stack(0x000000d82df00000,0x000000d82e000000)]
  0x00000228f392b540 JavaThread "Signal Dispatcher" daemon [_thread_blocked, id=5188, stack(0x000000d82e000000,0x000000d82e100000)]
  0x00000228f392c810 JavaThread "Attach Listener" daemon [_thread_blocked, id=14112, stack(0x000000d82e100000,0x000000d82e200000)]
  0x00000228f392d8e0 JavaThread "Service Thread" daemon [_thread_blocked, id=2260, stack(0x000000d82e200000,0x000000d82e300000)]
  0x00000228f392e1a0 JavaThread "Monitor Deflation Thread" daemon [_thread_blocked, id=3580, stack(0x000000d82e300000,0x000000d82e400000)]
=>0x00000228f3943350 JavaThread "C2 CompilerThread0" daemon [_thread_in_native, id=13244, stack(0x000000d82e400000,0x000000d82e500000)]
  0x00000228f3944c60 JavaThread "C1 CompilerThread0" daemon [_thread_blocked, id=12160, stack(0x000000d82e500000,0x000000d82e600000)]
  0x00000228f395dac0 JavaThread "Sweeper thread" daemon [_thread_blocked, id=5596, stack(0x000000d82e600000,0x000000d82e700000)]
  0x00000228f3cf7500 JavaThread "Notification Thread" daemon [_thread_blocked, id=6656, stack(0x000000d82e700000,0x000000d82e800000)]
  0x00000228f3d02150 JavaThread "Common-Cleaner" daemon [_thread_blocked, id=14896, stack(0x000000d82e900000,0x000000d82ea00000)]

Other Threads:
  0x00000228f38d6b10 VMThread "VM Thread" [stack: 0x000000d82dd00000,0x000000d82de00000] [id=17004] _threads_hazard_ptr=0x00000228f3cce740
  0x00000228f3cf81e0 WatcherThread [stack: 0x000000d82e800000,0x000000d82e900000] [id=16972]
  0x00000228dd017ea0 GCTaskThread "GC Thread#0" [stack: 0x000000d82d800000,0x000000d82d900000] [id=9632]
  0x00000228f8172f50 GCTaskThread "GC Thread#1" [stack: 0x000000d82ea00000,0x000000d82eb00000] [id=2916]
  0x00000228f81b2050 GCTaskThread "GC Thread#2" [stack: 0x000000d82eb00000,0x000000d82ec00000] [id=15612]
  0x00000228f81b2300 GCTaskThread "GC Thread#3" [stack: 0x000000d82ec00000,0x000000d82ed00000] [id=6040]
  0x00000228dd0208c0 ConcurrentGCThread "G1 Main Marker" [stack: 0x000000d82d900000,0x000000d82da00000] [id=9268]
  0x00000228dd0211e0 ConcurrentGCThread "G1 Conc#0" [stack: 0x000000d82da00000,0x000000d82db00000] [id=13604]
  0x00000228dd05faf0 ConcurrentGCThread "G1 Refine#0" [stack: 0x000000d82db00000,0x000000d82dc00000] [id=17016]
  0x00000228dd061430 ConcurrentGCThread "G1 Service" [stack: 0x000000d82dc00000,0x000000d82dd00000] [id=1668]

Threads with active compile tasks:
C2 CompilerThread0    21543 7651       4       org.jetbrains.kotlin.resolve.lazy.descriptors.LazyClassMemberScope::generateFakeOverrides (426 bytes)

VM state: synchronizing (normal execution)

VM Mutex/Monitor currently owned by a thread:  ([mutex/lock_event])
[0x00000228dcfdd0c0] Threads_lock - owner thread: 0x00000228f38d6b10

Heap address: 0x00000000ca200000, size: 862 MB, Compressed Oops mode: 32-bit

CDS archive(s) not mapped
Compressed class space mapped at: 0x0000000100000000-0x0000000140000000, reserved size: 1073741824
Narrow klass base: 0x0000000000000000, Narrow klass shift: 3, Narrow klass range: 0x140000000

GC Precious Log:
 CPUs: 4 total, 4 available
 Memory: 3445M
 Large Page Support: Disabled
 NUMA Support: Disabled
 Compressed Oops: Enabled (32-bit)
 Heap Region Size: 1M
 Heap Min Capacity: 8M
 Heap Initial Capacity: 54M
 Heap Max Capacity: 862M
 Pre-touch: Disabled
 Parallel Workers: 4
 Concurrent Workers: 1
 Concurrent Refinement Workers: 4
 Periodic GC: Disabled

Heap:
 garbage-first heap   total 268288K, used 137637K [0x00000000ca200000, 0x0000000100000000)
  region size 1024K, 80 young (81920K), 1 survivors (1024K)
 Metaspace       used 58002K, committed 58240K, reserved 1114112K
  class space    used 6743K, committed 6848K, reserved 1048576K

Heap Regions: E=young(eden), S=young(survivor), O=old, HS=humongous(starts), HC=humongous(continues), CS=collection set, F=free, OA=open archive, CA=closed archive, TAMS=top-at-mark-start (previous, next)
|   0|0x00000000ca200000, 0x00000000ca300000, 0x00000000ca300000|100%|HS|  |TAMS 0x00000000ca300000, 0x00000000ca200000| Complete 
|   1|0x00000000ca300000, 0x00000000ca400000, 0x00000000ca400000|100%|HC|  |TAMS 0x00000000ca400000, 0x00000000ca300000| Complete 
|   2|0x00000000ca400000, 0x00000000ca500000, 0x00000000ca500000|100%|HC|  |TAMS 0x00000000ca500000, 0x00000000ca400000| Complete 
|   3|0x00000000ca500000, 0x00000000ca600000, 0x00000000ca600000|100%|HC|  |TAMS 0x00000000ca600000, 0x00000000ca500000| Complete 
|   4|0x00000000ca600000, 0x00000000ca700000, 0x00000000ca700000|100%| O|  |TAMS 0x00000000ca700000, 0x00000000ca600000| Untracked 
|   5|0x00000000ca700000, 0x00000000ca800000, 0x00000000ca800000|100%| O|  |TAMS 0x00000000ca800000, 0x00000000ca700000| Untracked 
|   6|0x00000000ca800000, 0x00000000ca900000, 0x00000000ca900000|100%| O|  |TAMS 0x00000000ca900000, 0x00000000ca800000| Untracked 
|   7|0x00000000ca900000, 0x00000000caa00000, 0x00000000caa00000|100%| O|  |TAMS 0x00000000caa00000, 0x00000000ca900000| Untracked 
|   8|0x00000000caa00000, 0x00000000cab00000, 0x00000000cab00000|100%| O|  |TAMS 0x00000000cab00000, 0x00000000caa00000| Untracked 
|   9|0x00000000cab00000, 0x00000000cac00000, 0x00000000cac00000|100%| O|  |TAMS 0x00000000cac00000, 0x00000000cab00000| Untracked 
|  10|0x00000000cac00000, 0x00000000cad00000, 0x00000000cad00000|100%| O|  |TAMS 0x00000000cad00000, 0x00000000cac00000| Untracked 
|  11|0x00000000cad00000, 0x00000000cae00000, 0x00000000cae00000|100%| O|  |TAMS 0x00000000cae00000, 0x00000000cad00000| Untracked 
|  12|0x00000000cae00000, 0x00000000caf00000, 0x00000000caf00000|100%| O|  |TAMS 0x00000000caf00000, 0x00000000cae00000| Untracked 
|  13|0x00000000caf00000, 0x00000000cb000000, 0x00000000cb000000|100%| O|  |TAMS 0x00000000cb000000, 0x00000000caf00000| Untracked 
|  14|0x00000000cb000000, 0x00000000cb100000, 0x00000000cb100000|100%| O|  |TAMS 0x00000000cb100000, 0x00000000cb000000| Untracked 
|  15|0x00000000cb100000, 0x00000000cb200000, 0x00000000cb200000|100%| O|  |TAMS 0x00000000cb200000, 0x00000000cb100000| Untracked 
|  16|0x00000000cb200000, 0x00000000cb300000, 0x00000000cb300000|100%| O|  |TAMS 0x00000000cb300000, 0x00000000cb200000| Untracked 
|  17|0x00000000cb300000, 0x00000000cb400000, 0x00000000cb400000|100%| O|  |TAMS 0x00000000cb400000, 0x00000000cb300000| Untracked 
|  18|0x00000000cb400000, 0x00000000cb500000, 0x00000000cb500000|100%| O|  |TAMS 0x00000000cb500000, 0x00000000cb400000| Untracked 
|  19|0x00000000cb500000, 0x00000000cb600000, 0x00000000cb600000|100%| O|  |TAMS 0x00000000cb600000, 0x00000000cb500000| Untracked 
|  20|0x00000000cb600000, 0x00000000cb700000, 0x00000000cb700000|100%| O|  |TAMS 0x00000000cb700000, 0x00000000cb600000| Untracked 
|  21|0x00000000cb700000, 0x00000000cb800000, 0x00000000cb800000|100%| O|  |TAMS 0x00000000cb800000, 0x00000000cb700000| Untracked 
|  22|0x00000000cb800000, 0x00000000cb900000, 0x00000000cb900000|100%| O|  |TAMS 0x00000000cb900000, 0x00000000cb800000| Untracked 
|  23|0x00000000cb900000, 0x00000000cba00000, 0x00000000cba00000|100%| O|  |TAMS 0x00000000cba00000, 0x00000000cb900000| Untracked 
|  24|0x00000000cba00000, 0x00000000cbb00000, 0x00000000cbb00000|100%| O|  |TAMS 0x00000000cbb00000, 0x00000000cba00000| Untracked 
|  25|0x00000000cbb00000, 0x00000000cbc00000, 0x00000000cbc00000|100%| O|  |TAMS 0x00000000cbc00000, 0x00000000cbb00000| Untracked 
|  26|0x00000000cbc00000, 0x00000000cbd00000, 0x00000000cbd00000|100%| O|  |TAMS 0x00000000cbd00000, 0x00000000cbc00000| Untracked 
|  27|0x00000000cbd00000, 0x00000000cbe00000, 0x00000000cbe00000|100%|HS|  |TAMS 0x00000000cbe00000, 0x00000000cbd00000| Complete 
|  28|0x00000000cbe00000, 0x00000000cbf00000, 0x00000000cbf00000|100%|HC|  |TAMS 0x00000000cbf00000, 0x00000000cbe00000| Complete 
|  29|0x00000000cbf00000, 0x00000000cc000000, 0x00000000cc000000|100%| O|  |TAMS 0x00000000cc000000, 0x00000000cbf00000| Untracked 
|  30|0x00000000cc000000, 0x00000000cc100000, 0x00000000cc100000|100%| O|  |TAMS 0x00000000cc100000, 0x00000000cc000000| Untracked 
|  31|0x00000000cc100000, 0x00000000cc200000, 0x00000000cc200000|100%| O|  |TAMS 0x00000000cc200000, 0x00000000cc100000| Untracked 
|  32|0x00000000cc200000, 0x00000000cc300000, 0x00000000cc300000|100%| O|  |TAMS 0x00000000cc300000, 0x00000000cc200000| Untracked 
|  33|0x00000000cc300000, 0x00000000cc400000, 0x00000000cc400000|100%| O|  |TAMS 0x00000000cc400000, 0x00000000cc300000| Untracked 
|  34|0x00000000cc400000, 0x00000000cc500000, 0x00000000cc500000|100%| O|  |TAMS 0x00000000cc500000, 0x00000000cc400000| Untracked 
|  35|0x00000000cc500000, 0x00000000cc600000, 0x00000000cc600000|100%| O|  |TAMS 0x00000000cc600000, 0x00000000cc500000| Untracked 
|  36|0x00000000cc600000, 0x00000000cc700000, 0x00000000cc700000|100%| O|  |TAMS 0x00000000cc700000, 0x00000000cc600000| Untracked 
|  37|0x00000000cc700000, 0x00000000cc800000, 0x00000000cc800000|100%| O|  |TAMS 0x00000000cc800000, 0x00000000cc700000| Untracked 
|  38|0x00000000cc800000, 0x00000000cc900000, 0x00000000cc900000|100%| O|  |TAMS 0x00000000cc900000, 0x00000000cc800000| Untracked 
|  39|0x00000000cc900000, 0x00000000cca00000, 0x00000000cca00000|100%| O|  |TAMS 0x00000000cca00000, 0x00000000cc900000| Untracked 
|  40|0x00000000cca00000, 0x00000000ccb00000, 0x00000000ccb00000|100%| O|  |TAMS 0x00000000ccb00000, 0x00000000cca00000| Untracked 
|  41|0x00000000ccb00000, 0x00000000ccc00000, 0x00000000ccc00000|100%| O|  |TAMS 0x00000000ccc00000, 0x00000000ccb00000| Untracked 
|  42|0x00000000ccc00000, 0x00000000ccd00000, 0x00000000ccd00000|100%| O|  |TAMS 0x00000000ccd00000, 0x00000000ccc00000| Untracked 
|  43|0x00000000ccd00000, 0x00000000cce00000, 0x00000000cce00000|100%| O|  |TAMS 0x00000000cce00000, 0x00000000ccd00000| Untracked 
|  44|0x00000000cce00000, 0x00000000ccf00000, 0x00000000ccf00000|100%| O|  |TAMS 0x00000000ccf00000, 0x00000000cce00000| Untracked 
|  45|0x00000000ccf00000, 0x00000000cd000000, 0x00000000cd000000|100%| O|  |TAMS 0x00000000cd000000, 0x00000000ccf00000| Untracked 
|  46|0x00000000cd000000, 0x00000000cd000000, 0x00000000cd100000|  0%| F|  |TAMS 0x00000000cd000000, 0x00000000cd000000| Untracked 
|  47|0x00000000cd100000, 0x00000000cd200000, 0x00000000cd200000|100%| O|  |TAMS 0x00000000cd200000, 0x00000000cd100000| Untracked 
|  48|0x00000000cd200000, 0x00000000cd300000, 0x00000000cd300000|100%| O|  |TAMS 0x00000000cd300000, 0x00000000cd200000| Untracked 
|  49|0x00000000cd300000, 0x00000000cd400000, 0x00000000cd400000|100%| O|  |TAMS 0x00000000cd400000, 0x00000000cd300000| Untracked 
|  50|0x00000000cd400000, 0x00000000cd500000, 0x00000000cd500000|100%| O|  |TAMS 0x00000000cd44ac00, 0x00000000cd400000| Untracked 
|  51|0x00000000cd500000, 0x00000000cd600000, 0x00000000cd600000|100%| O|  |TAMS 0x00000000cd500000, 0x00000000cd500000| Untracked 
|  52|0x00000000cd600000, 0x00000000cd700000, 0x00000000cd700000|100%| O|  |TAMS 0x00000000cd600000, 0x00000000cd600000| Untracked 
|  53|0x00000000cd700000, 0x00000000cd800000, 0x00000000cd800000|100%| O|  |TAMS 0x00000000cd700000, 0x00000000cd700000| Untracked 
|  54|0x00000000cd800000, 0x00000000cd900000, 0x00000000cd900000|100%| O|  |TAMS 0x00000000cd800000, 0x00000000cd800000| Untracked 
|  55|0x00000000cd900000, 0x00000000cda00000, 0x00000000cda00000|100%| O|  |TAMS 0x00000000cd900000, 0x00000000cd900000| Untracked 
|  56|0x00000000cda00000, 0x00000000cda8fc00, 0x00000000cdb00000| 56%| O|  |TAMS 0x00000000cda00000, 0x00000000cda00000| Untracked 
|  57|0x00000000cdb00000, 0x00000000cdb00000, 0x00000000cdc00000|  0%| F|  |TAMS 0x00000000cdb00000, 0x00000000cdb00000| Untracked 
|  58|0x00000000cdc00000, 0x00000000cdc00000, 0x00000000cdd00000|  0%| F|  |TAMS 0x00000000cdc00000, 0x00000000cdc00000| Untracked 
|  59|0x00000000cdd00000, 0x00000000cdd00000, 0x00000000cde00000|  0%| F|  |TAMS 0x00000000cdd00000, 0x00000000cdd00000| Untracked 
|  60|0x00000000cde00000, 0x00000000cde00000, 0x00000000cdf00000|  0%| F|  |TAMS 0x00000000cde00000, 0x00000000cde00000| Untracked 
|  61|0x00000000cdf00000, 0x00000000cdf00000, 0x00000000ce000000|  0%| F|  |TAMS 0x00000000cdf00000, 0x00000000cdf00000| Untracked 
|  62|0x00000000ce000000, 0x00000000ce000000, 0x00000000ce100000|  0%| F|  |TAMS 0x00000000ce000000, 0x00000000ce000000| Untracked 
|  63|0x00000000ce100000, 0x00000000ce100000, 0x00000000ce200000|  0%| F|  |TAMS 0x00000000ce100000, 0x00000000ce100000| Untracked 
|  64|0x00000000ce200000, 0x00000000ce200000, 0x00000000ce300000|  0%| F|  |TAMS 0x00000000ce200000, 0x00000000ce200000| Untracked 
|  65|0x00000000ce300000, 0x00000000ce300000, 0x00000000ce400000|  0%| F|  |TAMS 0x00000000ce300000, 0x00000000ce300000| Untracked 
|  66|0x00000000ce400000, 0x00000000ce400000, 0x00000000ce500000|  0%| F|  |TAMS 0x00000000ce400000, 0x00000000ce400000| Untracked 
|  67|0x00000000ce500000, 0x00000000ce500000, 0x00000000ce600000|  0%| F|  |TAMS 0x00000000ce500000, 0x00000000ce500000| Untracked 
|  68|0x00000000ce600000, 0x00000000ce600000, 0x00000000ce700000|  0%| F|  |TAMS 0x00000000ce600000, 0x00000000ce600000| Untracked 
|  69|0x00000000ce700000, 0x00000000ce700000, 0x00000000ce800000|  0%| F|  |TAMS 0x00000000ce700000, 0x00000000ce700000| Untracked 
|  70|0x00000000ce800000, 0x00000000ce800000, 0x00000000ce900000|  0%| F|  |TAMS 0x00000000ce800000, 0x00000000ce800000| Untracked 
|  71|0x00000000ce900000, 0x00000000ce900000, 0x00000000cea00000|  0%| F|  |TAMS 0x00000000ce900000, 0x00000000ce900000| Untracked 
|  72|0x00000000cea00000, 0x00000000cea00000, 0x00000000ceb00000|  0%| F|  |TAMS 0x00000000cea00000, 0x00000000cea00000| Untracked 
|  73|0x00000000ceb00000, 0x00000000ceb00000, 0x00000000cec00000|  0%| F|  |TAMS 0x00000000ceb00000, 0x00000000ceb00000| Untracked 
|  74|0x00000000cec00000, 0x00000000cec00000, 0x00000000ced00000|  0%| F|  |TAMS 0x00000000cec00000, 0x00000000cec00000| Untracked 
|  75|0x00000000ced00000, 0x00000000ced00000, 0x00000000cee00000|  0%| F|  |TAMS 0x00000000ced00000, 0x00000000ced00000| Untracked 
|  76|0x00000000cee00000, 0x00000000cee00000, 0x00000000cef00000|  0%| F|  |TAMS 0x00000000cee00000, 0x00000000cee00000| Untracked 
|  77|0x00000000cef00000, 0x00000000cef00000, 0x00000000cf000000|  0%| F|  |TAMS 0x00000000cef00000, 0x00000000cef00000| Untracked 
|  78|0x00000000cf000000, 0x00000000cf000000, 0x00000000cf100000|  0%| F|  |TAMS 0x00000000cf000000, 0x00000000cf000000| Untracked 
|  79|0x00000000cf100000, 0x00000000cf100000, 0x00000000cf200000|  0%| F|  |TAMS 0x00000000cf100000, 0x00000000cf100000| Untracked 
|  80|0x00000000cf200000, 0x00000000cf200000, 0x00000000cf300000|  0%| F|  |TAMS 0x00000000cf200000, 0x00000000cf200000| Untracked 
|  81|0x00000000cf300000, 0x00000000cf300000, 0x00000000cf400000|  0%| F|  |TAMS 0x00000000cf300000, 0x00000000cf300000| Untracked 
|  82|0x00000000cf400000, 0x00000000cf400000, 0x00000000cf500000|  0%| F|  |TAMS 0x00000000cf400000, 0x00000000cf400000| Untracked 
|  83|0x00000000cf500000, 0x00000000cf500000, 0x00000000cf600000|  0%| F|  |TAMS 0x00000000cf500000, 0x00000000cf500000| Untracked 
|  84|0x00000000cf600000, 0x00000000cf600000, 0x00000000cf700000|  0%| F|  |TAMS 0x00000000cf600000, 0x00000000cf600000| Untracked 
|  85|0x00000000cf700000, 0x00000000cf700000, 0x00000000cf800000|  0%| F|  |TAMS 0x00000000cf700000, 0x00000000cf700000| Untracked 
|  86|0x00000000cf800000, 0x00000000cf800000, 0x00000000cf900000|  0%| F|  |TAMS 0x00000000cf800000, 0x00000000cf800000| Untracked 
|  87|0x00000000cf900000, 0x00000000cf900000, 0x00000000cfa00000|  0%| F|  |TAMS 0x00000000cf900000, 0x00000000cf900000| Untracked 
|  88|0x00000000cfa00000, 0x00000000cfa00000, 0x00000000cfb00000|  0%| F|  |TAMS 0x00000000cfa00000, 0x00000000cfa00000| Untracked 
|  89|0x00000000cfb00000, 0x00000000cfb00000, 0x00000000cfc00000|  0%| F|  |TAMS 0x00000000cfb00000, 0x00000000cfb00000| Untracked 
|  90|0x00000000cfc00000, 0x00000000cfc00000, 0x00000000cfd00000|  0%| F|  |TAMS 0x00000000cfc00000, 0x00000000cfc00000| Untracked 
|  91|0x00000000cfd00000, 0x00000000cfd00000, 0x00000000cfe00000|  0%| F|  |TAMS 0x00000000cfd00000, 0x00000000cfd00000| Untracked 
|  92|0x00000000cfe00000, 0x00000000cfe00000, 0x00000000cff00000|  0%| F|  |TAMS 0x00000000cfe00000, 0x00000000cfe00000| Untracked 
|  93|0x00000000cff00000, 0x00000000cff00000, 0x00000000d0000000|  0%| F|  |TAMS 0x00000000cff00000, 0x00000000cff00000| Untracked 
|  94|0x00000000d0000000, 0x00000000d0000000, 0x00000000d0100000|  0%| F|  |TAMS 0x00000000d0000000, 0x00000000d0000000| Untracked 
|  95|0x00000000d0100000, 0x00000000d0100000, 0x00000000d0200000|  0%| F|  |TAMS 0x00000000d0100000, 0x00000000d0100000| Untracked 
|  96|0x00000000d0200000, 0x00000000d02d9ad0, 0x00000000d0300000| 85%| S|CS|TAMS 0x00000000d0200000, 0x00000000d0200000| Complete 
|  97|0x00000000d0300000, 0x00000000d0300000, 0x00000000d0400000|  0%| F|  |TAMS 0x00000000d0300000, 0x00000000d0300000| Untracked 
|  98|0x00000000d0400000, 0x00000000d0400000, 0x00000000d0500000|  0%| F|  |TAMS 0x00000000d0400000, 0x00000000d0400000| Untracked 
|  99|0x00000000d0500000, 0x00000000d0500000, 0x00000000d0600000|  0%| F|  |TAMS 0x00000000d0500000, 0x00000000d0500000| Untracked 
| 100|0x00000000d0600000, 0x00000000d0600000, 0x00000000d0700000|  0%| F|  |TAMS 0x00000000d0600000, 0x00000000d0600000| Untracked 
| 101|0x00000000d0700000, 0x00000000d0700000, 0x00000000d0800000|  0%| F|  |TAMS 0x00000000d0700000, 0x00000000d0700000| Untracked 
| 102|0x00000000d0800000, 0x00000000d0800000, 0x00000000d0900000|  0%| F|  |TAMS 0x00000000d0800000, 0x00000000d0800000| Untracked 
| 103|0x00000000d0900000, 0x00000000d0900000, 0x00000000d0a00000|  0%| F|  |TAMS 0x00000000d0900000, 0x00000000d0900000| Untracked 
| 104|0x00000000d0a00000, 0x00000000d0a00000, 0x00000000d0b00000|  0%| F|  |TAMS 0x00000000d0a00000, 0x00000000d0a00000| Untracked 
| 105|0x00000000d0b00000, 0x00000000d0b00000, 0x00000000d0c00000|  0%| F|  |TAMS 0x00000000d0b00000, 0x00000000d0b00000| Untracked 
| 106|0x00000000d0c00000, 0x00000000d0c00000, 0x00000000d0d00000|  0%| F|  |TAMS 0x00000000d0c00000, 0x00000000d0c00000| Untracked 
| 107|0x00000000d0d00000, 0x00000000d0d00000, 0x00000000d0e00000|  0%| F|  |TAMS 0x00000000d0d00000, 0x00000000d0d00000| Untracked 
| 108|0x00000000d0e00000, 0x00000000d0e00000, 0x00000000d0f00000|  0%| F|  |TAMS 0x00000000d0e00000, 0x00000000d0e00000| Untracked 
| 109|0x00000000d0f00000, 0x00000000d0f00000, 0x00000000d1000000|  0%| F|  |TAMS 0x00000000d0f00000, 0x00000000d0f00000| Untracked 
| 110|0x00000000d1000000, 0x00000000d1000000, 0x00000000d1100000|  0%| F|  |TAMS 0x00000000d1000000, 0x00000000d1000000| Untracked 
| 111|0x00000000d1100000, 0x00000000d1100000, 0x00000000d1200000|  0%| F|  |TAMS 0x00000000d1100000, 0x00000000d1100000| Untracked 
| 112|0x00000000d1200000, 0x00000000d1200000, 0x00000000d1300000|  0%| F|  |TAMS 0x00000000d1200000, 0x00000000d1200000| Untracked 
| 113|0x00000000d1300000, 0x00000000d1300000, 0x00000000d1400000|  0%| F|  |TAMS 0x00000000d1300000, 0x00000000d1300000| Untracked 
| 114|0x00000000d1400000, 0x00000000d1400000, 0x00000000d1500000|  0%| F|  |TAMS 0x00000000d1400000, 0x00000000d1400000| Untracked 
| 115|0x00000000d1500000, 0x00000000d1500000, 0x00000000d1600000|  0%| F|  |TAMS 0x00000000d1500000, 0x00000000d1500000| Untracked 
| 116|0x00000000d1600000, 0x00000000d1600000, 0x00000000d1700000|  0%| F|  |TAMS 0x00000000d1600000, 0x00000000d1600000| Untracked 
| 117|0x00000000d1700000, 0x00000000d1700000, 0x00000000d1800000|  0%| F|  |TAMS 0x00000000d1700000, 0x00000000d1700000| Untracked 
| 118|0x00000000d1800000, 0x00000000d1800000, 0x00000000d1900000|  0%| F|  |TAMS 0x00000000d1800000, 0x00000000d1800000| Untracked 
| 119|0x00000000d1900000, 0x00000000d1900000, 0x00000000d1a00000|  0%| F|  |TAMS 0x00000000d1900000, 0x00000000d1900000| Untracked 
| 120|0x00000000d1a00000, 0x00000000d1a00000, 0x00000000d1b00000|  0%| F|  |TAMS 0x00000000d1a00000, 0x00000000d1a00000| Untracked 
| 121|0x00000000d1b00000, 0x00000000d1b00000, 0x00000000d1c00000|  0%| F|  |TAMS 0x00000000d1b00000, 0x00000000d1b00000| Untracked 
| 122|0x00000000d1c00000, 0x00000000d1c00000, 0x00000000d1d00000|  0%| F|  |TAMS 0x00000000d1c00000, 0x00000000d1c00000| Untracked 
| 123|0x00000000d1d00000, 0x00000000d1d00000, 0x00000000d1e00000|  0%| F|  |TAMS 0x00000000d1d00000, 0x00000000d1d00000| Untracked 
| 124|0x00000000d1e00000, 0x00000000d1e00000, 0x00000000d1f00000|  0%| F|  |TAMS 0x00000000d1e00000, 0x00000000d1e00000| Untracked 
| 125|0x00000000d1f00000, 0x00000000d1f00000, 0x00000000d2000000|  0%| F|  |TAMS 0x00000000d1f00000, 0x00000000d1f00000| Untracked 
| 126|0x00000000d2000000, 0x00000000d2000000, 0x00000000d2100000|  0%| F|  |TAMS 0x00000000d2000000, 0x00000000d2000000| Untracked 
| 127|0x00000000d2100000, 0x00000000d2100000, 0x00000000d2200000|  0%| F|  |TAMS 0x00000000d2100000, 0x00000000d2100000| Untracked 
| 128|0x00000000d2200000, 0x00000000d2200000, 0x00000000d2300000|  0%| F|  |TAMS 0x00000000d2200000, 0x00000000d2200000| Untracked 
| 129|0x00000000d2300000, 0x00000000d2300000, 0x00000000d2400000|  0%| F|  |TAMS 0x00000000d2300000, 0x00000000d2300000| Untracked 
| 130|0x00000000d2400000, 0x00000000d2400000, 0x00000000d2500000|  0%| F|  |TAMS 0x00000000d2400000, 0x00000000d2400000| Untracked 
| 131|0x00000000d2500000, 0x00000000d2500000, 0x00000000d2600000|  0%| F|  |TAMS 0x00000000d2500000, 0x00000000d2500000| Untracked 
| 132|0x00000000d2600000, 0x00000000d2600000, 0x00000000d2700000|  0%| F|  |TAMS 0x00000000d2600000, 0x00000000d2600000| Untracked 
| 133|0x00000000d2700000, 0x00000000d2700000, 0x00000000d2800000|  0%| F|  |TAMS 0x00000000d2700000, 0x00000000d2700000| Untracked 
| 134|0x00000000d2800000, 0x00000000d2800000, 0x00000000d2900000|  0%| F|  |TAMS 0x00000000d2800000, 0x00000000d2800000| Untracked 
| 135|0x00000000d2900000, 0x00000000d2900000, 0x00000000d2a00000|  0%| F|  |TAMS 0x00000000d2900000, 0x00000000d2900000| Untracked 
| 136|0x00000000d2a00000, 0x00000000d2a00000, 0x00000000d2b00000|  0%| F|  |TAMS 0x00000000d2a00000, 0x00000000d2a00000| Untracked 
| 137|0x00000000d2b00000, 0x00000000d2b00000, 0x00000000d2c00000|  0%| F|  |TAMS 0x00000000d2b00000, 0x00000000d2b00000| Untracked 
| 138|0x00000000d2c00000, 0x00000000d2c00000, 0x00000000d2d00000|  0%| F|  |TAMS 0x00000000d2c00000, 0x00000000d2c00000| Untracked 
| 139|0x00000000d2d00000, 0x00000000d2d00000, 0x00000000d2e00000|  0%| F|  |TAMS 0x00000000d2d00000, 0x00000000d2d00000| Untracked 
| 140|0x00000000d2e00000, 0x00000000d2e00000, 0x00000000d2f00000|  0%| F|  |TAMS 0x00000000d2e00000, 0x00000000d2e00000| Untracked 
| 141|0x00000000d2f00000, 0x00000000d2f00000, 0x00000000d3000000|  0%| F|  |TAMS 0x00000000d2f00000, 0x00000000d2f00000| Untracked 
| 142|0x00000000d3000000, 0x00000000d3000000, 0x00000000d3100000|  0%| F|  |TAMS 0x00000000d3000000, 0x00000000d3000000| Untracked 
| 143|0x00000000d3100000, 0x00000000d3100000, 0x00000000d3200000|  0%| F|  |TAMS 0x00000000d3100000, 0x00000000d3100000| Untracked 
| 144|0x00000000d3200000, 0x00000000d3200000, 0x00000000d3300000|  0%| F|  |TAMS 0x00000000d3200000, 0x00000000d3200000| Untracked 
| 145|0x00000000d3300000, 0x00000000d3300000, 0x00000000d3400000|  0%| F|  |TAMS 0x00000000d3300000, 0x00000000d3300000| Untracked 
| 146|0x00000000d3400000, 0x00000000d3400000, 0x00000000d3500000|  0%| F|  |TAMS 0x00000000d3400000, 0x00000000d3400000| Untracked 
| 147|0x00000000d3500000, 0x00000000d3500000, 0x00000000d3600000|  0%| F|  |TAMS 0x00000000d3500000, 0x00000000d3500000| Untracked 
| 148|0x00000000d3600000, 0x00000000d3600000, 0x00000000d3700000|  0%| F|  |TAMS 0x00000000d3600000, 0x00000000d3600000| Untracked 
| 149|0x00000000d3700000, 0x00000000d3700000, 0x00000000d3800000|  0%| F|  |TAMS 0x00000000d3700000, 0x00000000d3700000| Untracked 
| 150|0x00000000d3800000, 0x00000000d3800000, 0x00000000d3900000|  0%| F|  |TAMS 0x00000000d3800000, 0x00000000d3800000| Untracked 
| 151|0x00000000d3900000, 0x00000000d3900000, 0x00000000d3a00000|  0%| F|  |TAMS 0x00000000d3900000, 0x00000000d3900000| Untracked 
| 152|0x00000000d3a00000, 0x00000000d3a00000, 0x00000000d3b00000|  0%| F|  |TAMS 0x00000000d3a00000, 0x00000000d3a00000| Untracked 
| 153|0x00000000d3b00000, 0x00000000d3b00000, 0x00000000d3c00000|  0%| F|  |TAMS 0x00000000d3b00000, 0x00000000d3b00000| Untracked 
| 154|0x00000000d3c00000, 0x00000000d3c00000, 0x00000000d3d00000|  0%| F|  |TAMS 0x00000000d3c00000, 0x00000000d3c00000| Untracked 
| 155|0x00000000d3d00000, 0x00000000d3d00000, 0x00000000d3e00000|  0%| F|  |TAMS 0x00000000d3d00000, 0x00000000d3d00000| Untracked 
| 156|0x00000000d3e00000, 0x00000000d3e00000, 0x00000000d3f00000|  0%| F|  |TAMS 0x00000000d3e00000, 0x00000000d3e00000| Untracked 
| 157|0x00000000d3f00000, 0x00000000d3f00000, 0x00000000d4000000|  0%| F|  |TAMS 0x00000000d3f00000, 0x00000000d3f00000| Untracked 
| 158|0x00000000d4000000, 0x00000000d4000000, 0x00000000d4100000|  0%| F|  |TAMS 0x00000000d4000000, 0x00000000d4000000| Untracked 
| 159|0x00000000d4100000, 0x00000000d4100000, 0x00000000d4200000|  0%| F|  |TAMS 0x00000000d4100000, 0x00000000d4100000| Untracked 
| 160|0x00000000d4200000, 0x00000000d4200000, 0x00000000d4300000|  0%| F|  |TAMS 0x00000000d4200000, 0x00000000d4200000| Untracked 
| 161|0x00000000d4300000, 0x00000000d4300000, 0x00000000d4400000|  0%| F|  |TAMS 0x00000000d4300000, 0x00000000d4300000| Untracked 
| 162|0x00000000d4400000, 0x00000000d4400000, 0x00000000d4500000|  0%| F|  |TAMS 0x00000000d4400000, 0x00000000d4400000| Untracked 
| 163|0x00000000d4500000, 0x00000000d4500000, 0x00000000d4600000|  0%| F|  |TAMS 0x00000000d4500000, 0x00000000d4500000| Untracked 
| 164|0x00000000d4600000, 0x00000000d4600000, 0x00000000d4700000|  0%| F|  |TAMS 0x00000000d4600000, 0x00000000d4600000| Untracked 
| 165|0x00000000d4700000, 0x00000000d4700000, 0x00000000d4800000|  0%| F|  |TAMS 0x00000000d4700000, 0x00000000d4700000| Untracked 
| 166|0x00000000d4800000, 0x00000000d4800000, 0x00000000d4900000|  0%| F|  |TAMS 0x00000000d4800000, 0x00000000d4800000| Untracked 
| 167|0x00000000d4900000, 0x00000000d4900000, 0x00000000d4a00000|  0%| F|  |TAMS 0x00000000d4900000, 0x00000000d4900000| Untracked 
| 168|0x00000000d4a00000, 0x00000000d4a00000, 0x00000000d4b00000|  0%| F|  |TAMS 0x00000000d4a00000, 0x00000000d4a00000| Untracked 
| 169|0x00000000d4b00000, 0x00000000d4b00000, 0x00000000d4c00000|  0%| F|  |TAMS 0x00000000d4b00000, 0x00000000d4b00000| Untracked 
| 170|0x00000000d4c00000, 0x00000000d4c00000, 0x00000000d4d00000|  0%| F|  |TAMS 0x00000000d4c00000, 0x00000000d4c00000| Untracked 
| 171|0x00000000d4d00000, 0x00000000d4d00000, 0x00000000d4e00000|  0%| F|  |TAMS 0x00000000d4d00000, 0x00000000d4d00000| Untracked 
| 172|0x00000000d4e00000, 0x00000000d4e00000, 0x00000000d4f00000|  0%| F|  |TAMS 0x00000000d4e00000, 0x00000000d4e00000| Untracked 
| 173|0x00000000d4f00000, 0x00000000d4f00000, 0x00000000d5000000|  0%| F|  |TAMS 0x00000000d4f00000, 0x00000000d4f00000| Untracked 
| 174|0x00000000d5000000, 0x00000000d5000000, 0x00000000d5100000|  0%| F|  |TAMS 0x00000000d5000000, 0x00000000d5000000| Untracked 
| 175|0x00000000d5100000, 0x00000000d5100000, 0x00000000d5200000|  0%| F|  |TAMS 0x00000000d5100000, 0x00000000d5100000| Untracked 
| 176|0x00000000d5200000, 0x00000000d5200000, 0x00000000d5300000|  0%| F|  |TAMS 0x00000000d5200000, 0x00000000d5200000| Untracked 
| 177|0x00000000d5300000, 0x00000000d5300000, 0x00000000d5400000|  0%| F|  |TAMS 0x00000000d5300000, 0x00000000d5300000| Untracked 
| 178|0x00000000d5400000, 0x00000000d5400000, 0x00000000d5500000|  0%| F|  |TAMS 0x00000000d5400000, 0x00000000d5400000| Untracked 
| 179|0x00000000d5500000, 0x00000000d5500000, 0x00000000d5600000|  0%| F|  |TAMS 0x00000000d5500000, 0x00000000d5500000| Untracked 
| 180|0x00000000d5600000, 0x00000000d5600000, 0x00000000d5700000|  0%| F|  |TAMS 0x00000000d5600000, 0x00000000d5600000| Untracked 
| 181|0x00000000d5700000, 0x00000000d5700000, 0x00000000d5800000|  0%| F|  |TAMS 0x00000000d5700000, 0x00000000d5700000| Untracked 
| 182|0x00000000d5800000, 0x00000000d5800000, 0x00000000d5900000|  0%| F|  |TAMS 0x00000000d5800000, 0x00000000d5800000| Untracked 
| 183|0x00000000d5900000, 0x00000000d5980800, 0x00000000d5a00000| 50%| E|  |TAMS 0x00000000d5900000, 0x00000000d5900000| Complete 
| 184|0x00000000d5a00000, 0x00000000d5b00000, 0x00000000d5b00000|100%| E|CS|TAMS 0x00000000d5a00000, 0x00000000d5a00000| Complete 
| 185|0x00000000d5b00000, 0x00000000d5c00000, 0x00000000d5c00000|100%| E|CS|TAMS 0x00000000d5b00000, 0x00000000d5b00000| Complete 
| 186|0x00000000d5c00000, 0x00000000d5d00000, 0x00000000d5d00000|100%| E|CS|TAMS 0x00000000d5c00000, 0x00000000d5c00000| Complete 
| 187|0x00000000d5d00000, 0x00000000d5e00000, 0x00000000d5e00000|100%| E|CS|TAMS 0x00000000d5d00000, 0x00000000d5d00000| Complete 
| 188|0x00000000d5e00000, 0x00000000d5f00000, 0x00000000d5f00000|100%| E|CS|TAMS 0x00000000d5e00000, 0x00000000d5e00000| Complete 
| 189|0x00000000d5f00000, 0x00000000d6000000, 0x00000000d6000000|100%| E|CS|TAMS 0x00000000d5f00000, 0x00000000d5f00000| Complete 
| 190|0x00000000d6000000, 0x00000000d6100000, 0x00000000d6100000|100%| E|CS|TAMS 0x00000000d6000000, 0x00000000d6000000| Complete 
| 191|0x00000000d6100000, 0x00000000d6200000, 0x00000000d6200000|100%| E|CS|TAMS 0x00000000d6100000, 0x00000000d6100000| Complete 
| 192|0x00000000d6200000, 0x00000000d6300000, 0x00000000d6300000|100%| E|CS|TAMS 0x00000000d6200000, 0x00000000d6200000| Complete 
| 193|0x00000000d6300000, 0x00000000d6400000, 0x00000000d6400000|100%| E|CS|TAMS 0x00000000d6300000, 0x00000000d6300000| Complete 
| 194|0x00000000d6400000, 0x00000000d6500000, 0x00000000d6500000|100%| E|CS|TAMS 0x00000000d6400000, 0x00000000d6400000| Complete 
| 195|0x00000000d6500000, 0x00000000d6600000, 0x00000000d6600000|100%| E|CS|TAMS 0x00000000d6500000, 0x00000000d6500000| Complete 
| 196|0x00000000d6600000, 0x00000000d6700000, 0x00000000d6700000|100%| E|CS|TAMS 0x00000000d6600000, 0x00000000d6600000| Complete 
| 197|0x00000000d6700000, 0x00000000d6800000, 0x00000000d6800000|100%| E|CS|TAMS 0x00000000d6700000, 0x00000000d6700000| Complete 
| 198|0x00000000d6800000, 0x00000000d6900000, 0x00000000d6900000|100%| E|CS|TAMS 0x00000000d6800000, 0x00000000d6800000| Complete 
| 199|0x00000000d6900000, 0x00000000d6a00000, 0x00000000d6a00000|100%| E|CS|TAMS 0x00000000d6900000, 0x00000000d6900000| Complete 
| 200|0x00000000d6a00000, 0x00000000d6b00000, 0x00000000d6b00000|100%| E|CS|TAMS 0x00000000d6a00000, 0x00000000d6a00000| Complete 
| 201|0x00000000d6b00000, 0x00000000d6c00000, 0x00000000d6c00000|100%| E|CS|TAMS 0x00000000d6b00000, 0x00000000d6b00000| Complete 
| 202|0x00000000d6c00000, 0x00000000d6d00000, 0x00000000d6d00000|100%| E|CS|TAMS 0x00000000d6c00000, 0x00000000d6c00000| Complete 
| 203|0x00000000d6d00000, 0x00000000d6e00000, 0x00000000d6e00000|100%| E|CS|TAMS 0x00000000d6d00000, 0x00000000d6d00000| Complete 
| 204|0x00000000d6e00000, 0x00000000d6f00000, 0x00000000d6f00000|100%| E|CS|TAMS 0x00000000d6e00000, 0x00000000d6e00000| Complete 
| 205|0x00000000d6f00000, 0x00000000d7000000, 0x00000000d7000000|100%| E|CS|TAMS 0x00000000d6f00000, 0x00000000d6f00000| Complete 
| 206|0x00000000d7000000, 0x00000000d7100000, 0x00000000d7100000|100%| E|CS|TAMS 0x00000000d7000000, 0x00000000d7000000| Complete 
| 207|0x00000000d7100000, 0x00000000d7200000, 0x00000000d7200000|100%| E|CS|TAMS 0x00000000d7100000, 0x00000000d7100000| Complete 
| 208|0x00000000d7200000, 0x00000000d7300000, 0x00000000d7300000|100%| E|CS|TAMS 0x00000000d7200000, 0x00000000d7200000| Complete 
| 209|0x00000000d7300000, 0x00000000d7400000, 0x00000000d7400000|100%| E|CS|TAMS 0x00000000d7300000, 0x00000000d7300000| Complete 
| 210|0x00000000d7400000, 0x00000000d7500000, 0x00000000d7500000|100%| E|CS|TAMS 0x00000000d7400000, 0x00000000d7400000| Complete 
| 211|0x00000000d7500000, 0x00000000d7600000, 0x00000000d7600000|100%| E|CS|TAMS 0x00000000d7500000, 0x00000000d7500000| Complete 
| 212|0x00000000d7600000, 0x00000000d7700000, 0x00000000d7700000|100%| E|CS|TAMS 0x00000000d7600000, 0x00000000d7600000| Complete 
| 213|0x00000000d7700000, 0x00000000d7800000, 0x00000000d7800000|100%| E|CS|TAMS 0x00000000d7700000, 0x00000000d7700000| Complete 
| 214|0x00000000d7800000, 0x00000000d7900000, 0x00000000d7900000|100%| E|CS|TAMS 0x00000000d7800000, 0x00000000d7800000| Complete 
| 215|0x00000000d7900000, 0x00000000d7a00000, 0x00000000d7a00000|100%| E|CS|TAMS 0x00000000d7900000, 0x00000000d7900000| Complete 
| 216|0x00000000d7a00000, 0x00000000d7b00000, 0x00000000d7b00000|100%| E|CS|TAMS 0x00000000d7a00000, 0x00000000d7a00000| Complete 
| 217|0x00000000d7b00000, 0x00000000d7c00000, 0x00000000d7c00000|100%| E|CS|TAMS 0x00000000d7b00000, 0x00000000d7b00000| Complete 
| 218|0x00000000d7c00000, 0x00000000d7d00000, 0x00000000d7d00000|100%| E|CS|TAMS 0x00000000d7c00000, 0x00000000d7c00000| Complete 
| 219|0x00000000d7d00000, 0x00000000d7e00000, 0x00000000d7e00000|100%| E|CS|TAMS 0x00000000d7d00000, 0x00000000d7d00000| Complete 
| 220|0x00000000d7e00000, 0x00000000d7f00000, 0x00000000d7f00000|100%| E|CS|TAMS 0x00000000d7e00000, 0x00000000d7e00000| Complete 
| 221|0x00000000d7f00000, 0x00000000d8000000, 0x00000000d8000000|100%| E|CS|TAMS 0x00000000d7f00000, 0x00000000d7f00000| Complete 
| 222|0x00000000d8000000, 0x00000000d8100000, 0x00000000d8100000|100%| E|CS|TAMS 0x00000000d8000000, 0x00000000d8000000| Complete 
| 223|0x00000000d8100000, 0x00000000d8200000, 0x00000000d8200000|100%| E|CS|TAMS 0x00000000d8100000, 0x00000000d8100000| Complete 
| 224|0x00000000d8200000, 0x00000000d8300000, 0x00000000d8300000|100%| E|CS|TAMS 0x00000000d8200000, 0x00000000d8200000| Complete 
| 225|0x00000000d8300000, 0x00000000d8400000, 0x00000000d8400000|100%| E|CS|TAMS 0x00000000d8300000, 0x00000000d8300000| Complete 
| 226|0x00000000d8400000, 0x00000000d8500000, 0x00000000d8500000|100%| E|CS|TAMS 0x00000000d8400000, 0x00000000d8400000| Complete 
| 227|0x00000000d8500000, 0x00000000d8600000, 0x00000000d8600000|100%| E|CS|TAMS 0x00000000d8500000, 0x00000000d8500000| Complete 
| 228|0x00000000d8600000, 0x00000000d8700000, 0x00000000d8700000|100%| E|CS|TAMS 0x00000000d8600000, 0x00000000d8600000| Complete 
| 229|0x00000000d8700000, 0x00000000d8800000, 0x00000000d8800000|100%| E|CS|TAMS 0x00000000d8700000, 0x00000000d8700000| Complete 
| 230|0x00000000d8800000, 0x00000000d8900000, 0x00000000d8900000|100%| E|CS|TAMS 0x00000000d8800000, 0x00000000d8800000| Complete 
| 231|0x00000000d8900000, 0x00000000d8a00000, 0x00000000d8a00000|100%| E|CS|TAMS 0x00000000d8900000, 0x00000000d8900000| Complete 
| 232|0x00000000d8a00000, 0x00000000d8b00000, 0x00000000d8b00000|100%| E|CS|TAMS 0x00000000d8a00000, 0x00000000d8a00000| Complete 
| 233|0x00000000d8b00000, 0x00000000d8c00000, 0x00000000d8c00000|100%| E|CS|TAMS 0x00000000d8b00000, 0x00000000d8b00000| Complete 
| 234|0x00000000d8c00000, 0x00000000d8d00000, 0x00000000d8d00000|100%| E|CS|TAMS 0x00000000d8c00000, 0x00000000d8c00000| Complete 
| 235|0x00000000d8d00000, 0x00000000d8e00000, 0x00000000d8e00000|100%| E|CS|TAMS 0x00000000d8d00000, 0x00000000d8d00000| Complete 
| 236|0x00000000d8e00000, 0x00000000d8f00000, 0x00000000d8f00000|100%| E|CS|TAMS 0x00000000d8e00000, 0x00000000d8e00000| Complete 
| 237|0x00000000d8f00000, 0x00000000d9000000, 0x00000000d9000000|100%| E|CS|TAMS 0x00000000d8f00000, 0x00000000d8f00000| Complete 
| 238|0x00000000d9000000, 0x00000000d9100000, 0x00000000d9100000|100%| E|CS|TAMS 0x00000000d9000000, 0x00000000d9000000| Complete 
| 239|0x00000000d9100000, 0x00000000d9200000, 0x00000000d9200000|100%| E|CS|TAMS 0x00000000d9100000, 0x00000000d9100000| Complete 
| 240|0x00000000d9200000, 0x00000000d9300000, 0x00000000d9300000|100%| E|CS|TAMS 0x00000000d9200000, 0x00000000d9200000| Complete 
| 241|0x00000000d9300000, 0x00000000d9400000, 0x00000000d9400000|100%| E|CS|TAMS 0x00000000d9300000, 0x00000000d9300000| Complete 
| 242|0x00000000d9400000, 0x00000000d9500000, 0x00000000d9500000|100%| E|CS|TAMS 0x00000000d9400000, 0x00000000d9400000| Complete 
| 243|0x00000000d9500000, 0x00000000d9600000, 0x00000000d9600000|100%| E|CS|TAMS 0x00000000d9500000, 0x00000000d9500000| Complete 
| 244|0x00000000d9600000, 0x00000000d9700000, 0x00000000d9700000|100%| E|CS|TAMS 0x00000000d9600000, 0x00000000d9600000| Complete 
| 245|0x00000000d9700000, 0x00000000d9800000, 0x00000000d9800000|100%| E|CS|TAMS 0x00000000d9700000, 0x00000000d9700000| Complete 
| 246|0x00000000d9800000, 0x00000000d9900000, 0x00000000d9900000|100%| E|CS|TAMS 0x00000000d9800000, 0x00000000d9800000| Complete 
| 247|0x00000000d9900000, 0x00000000d9a00000, 0x00000000d9a00000|100%| E|CS|TAMS 0x00000000d9900000, 0x00000000d9900000| Complete 
| 248|0x00000000d9a00000, 0x00000000d9b00000, 0x00000000d9b00000|100%| E|CS|TAMS 0x00000000d9a00000, 0x00000000d9a00000| Complete 
| 249|0x00000000d9b00000, 0x00000000d9c00000, 0x00000000d9c00000|100%| E|CS|TAMS 0x00000000d9b00000, 0x00000000d9b00000| Complete 
| 250|0x00000000d9c00000, 0x00000000d9d00000, 0x00000000d9d00000|100%| E|CS|TAMS 0x00000000d9c00000, 0x00000000d9c00000| Complete 
| 251|0x00000000d9d00000, 0x00000000d9e00000, 0x00000000d9e00000|100%| E|CS|TAMS 0x00000000d9d00000, 0x00000000d9d00000| Complete 
| 252|0x00000000d9e00000, 0x00000000d9f00000, 0x00000000d9f00000|100%| E|CS|TAMS 0x00000000d9e00000, 0x00000000d9e00000| Complete 
| 253|0x00000000d9f00000, 0x00000000da000000, 0x00000000da000000|100%| E|CS|TAMS 0x00000000d9f00000, 0x00000000d9f00000| Complete 
| 254|0x00000000da000000, 0x00000000da100000, 0x00000000da100000|100%| E|CS|TAMS 0x00000000da000000, 0x00000000da000000| Complete 
| 255|0x00000000da100000, 0x00000000da200000, 0x00000000da200000|100%| E|CS|TAMS 0x00000000da100000, 0x00000000da100000| Complete 
| 256|0x00000000da200000, 0x00000000da300000, 0x00000000da300000|100%| E|CS|TAMS 0x00000000da200000, 0x00000000da200000| Complete 
| 257|0x00000000da300000, 0x00000000da400000, 0x00000000da400000|100%| E|CS|TAMS 0x00000000da300000, 0x00000000da300000| Complete 
| 258|0x00000000da400000, 0x00000000da500000, 0x00000000da500000|100%| E|CS|TAMS 0x00000000da400000, 0x00000000da400000| Complete 
| 259|0x00000000da500000, 0x00000000da600000, 0x00000000da600000|100%| E|CS|TAMS 0x00000000da500000, 0x00000000da500000| Complete 
| 260|0x00000000da600000, 0x00000000da700000, 0x00000000da700000|100%| E|CS|TAMS 0x00000000da600000, 0x00000000da600000| Complete 
| 261|0x00000000da700000, 0x00000000da800000, 0x00000000da800000|100%| E|CS|TAMS 0x00000000da700000, 0x00000000da700000| Complete 

Card table byte_map: [0x00000228ef4c0000,0x00000228ef670000] _byte_map_base: 0x00000228eee6f000

Marking Bits (Prev, Next): (CMBitMap*) 0x00000228dd0193d0, (CMBitMap*) 0x00000228dd019410
 Prev Bits: [0x00000228ef820000, 0x00000228f0598000)
 Next Bits: [0x00000228f05a0000, 0x00000228f1318000)

Polling page: 0x00000228dc7b0000

Metaspace:

Usage:
  Non-class:     50.06 MB used.
      Class:      6.59 MB used.
       Both:     56.64 MB used.

Virtual space:
  Non-class space:       64.00 MB reserved,      50.19 MB ( 78%) committed,  1 nodes.
      Class space:        1.00 GB reserved,       6.69 MB ( <1%) committed,  1 nodes.
             Both:        1.06 GB reserved,      56.88 MB (  5%) committed. 

Chunk freelists:
   Non-Class:  13.20 MB
       Class:  9.29 MB
        Both:  22.49 MB

MaxMetaspaceSize: unlimited
CompressedClassSpaceSize: 1.00 GB
Initial GC threshold: 21.00 MB
Current GC threshold: 94.19 MB
CDS: off
MetaspaceReclaimPolicy: balanced
 - commit_granule_bytes: 65536.
 - commit_granule_words: 8192.
 - virtual_space_node_default_size: 8388608.
 - enlarge_chunks_in_place: 1.
 - new_chunks_are_fully_committed: 0.
 - uncommit_free_chunks: 1.
 - use_allocation_guard: 0.
 - handle_deallocations: 1.


Internal statistics:

num_allocs_failed_limit: 6.
num_arena_births: 248.
num_arena_deaths: 0.
num_vsnodes_births: 2.
num_vsnodes_deaths: 0.
num_space_committed: 908.
num_space_uncommitted: 0.
num_chunks_returned_to_freelist: 6.
num_chunks_taken_from_freelist: 2018.
num_chunk_merges: 6.
num_chunk_splits: 1658.
num_chunks_enlarged: 1457.
num_inconsistent_stats: 0.

CodeHeap 'non-profiled nmethods': size=120000Kb used=3298Kb max_used=3298Kb free=116701Kb
 bounds [0x00000228e7f90000, 0x00000228e82d0000, 0x00000228ef4c0000]
CodeHeap 'profiled nmethods': size=120000Kb used=13915Kb max_used=13915Kb free=106084Kb
 bounds [0x00000228e04c0000, 0x00000228e1260000, 0x00000228e79f0000]
CodeHeap 'non-nmethods': size=5760Kb used=1286Kb max_used=1346Kb free=4473Kb
 bounds [0x00000228e79f0000, 0x00000228e7c60000, 0x00000228e7f90000]
 total_blobs=7266 nmethods=6669 adapters=508
 compilation: enabled
              stopped_count=0, restarted_count=0
 full_count=0

Compilation events (20 events):
Event: 21.233 Thread 0x00000228f3943350 nmethod 7646 0x00000228e82c7c90 code [0x00000228e82c7e00, 0x00000228e82c7e98]
Event: 21.233 Thread 0x00000228f3943350 7641       4       java.util.HashSet::toArray (18 bytes)
Event: 21.236 Thread 0x00000228f3943350 nmethod 7641 0x00000228e82c7f90 code [0x00000228e82c8120, 0x00000228e82c8438]
Event: 21.236 Thread 0x00000228f3943350 7624       4       org.jetbrains.kotlin.com.google.common.collect.ArrayListMultimap::createCollection (5 bytes)
Event: 21.238 Thread 0x00000228f3943350 nmethod 7624 0x00000228e82c8590 code [0x00000228e82c8720, 0x00000228e82c8a38]
Event: 21.238 Thread 0x00000228f3943350 7651       4       org.jetbrains.kotlin.resolve.lazy.descriptors.LazyClassMemberScope::generateFakeOverrides (426 bytes)
Event: 21.245 Thread 0x00000228f3944c60 7654       3       org.jetbrains.kotlin.resolve.OverridingUtil::createAndBindFakeOverrides (119 bytes)
Event: 21.245 Thread 0x00000228f3944c60 nmethod 7654 0x00000228e1253890 code [0x00000228e1253b80, 0x00000228e1254b58]
Event: 21.283 Thread 0x00000228f3944c60 7658       2       org.jetbrains.kotlin.descriptors.impl.PropertyDescriptorImpl::getAccessors (56 bytes)
Event: 21.284 Thread 0x00000228f3944c60 nmethod 7658 0x00000228e1255090 code [0x00000228e1255260, 0x00000228e12556c8]
Event: 21.284 Thread 0x00000228f3944c60 7659       2       org.jetbrains.kotlin.descriptors.impl.PropertyGetterDescriptorImpl::getOverriddenDescriptors (15 bytes)
Event: 21.284 Thread 0x00000228f3944c60 nmethod 7659 0x00000228e1255990 code [0x00000228e1255b40, 0x00000228e1255c98]
Event: 21.368 Thread 0x00000228f3944c60 7662       2       org.jetbrains.kotlin.descriptors.impl.AbstractTypeParameterDescriptor::getStorageManager (14 bytes)
Event: 21.368 Thread 0x00000228f3944c60 nmethod 7662 0x00000228e1255d90 code [0x00000228e1255f20, 0x00000228e1256068]
Event: 21.368 Thread 0x00000228f3944c60 7663       2       org.jetbrains.kotlin.descriptors.impl.TypeParameterDescriptorImpl::addUpperBound (19 bytes)
Event: 21.368 Thread 0x00000228f3944c60 nmethod 7663 0x00000228e1256110 code [0x00000228e12562e0, 0x00000228e1256498]
Event: 21.368 Thread 0x00000228f3944c60 7664       2       org.jetbrains.kotlin.descriptors.impl.TypeParameterDescriptorImpl::doAddUpperBound (20 bytes)
Event: 21.369 Thread 0x00000228f3944c60 nmethod 7664 0x00000228e1256590 code [0x00000228e1256740, 0x00000228e12568d8]
Event: 21.369 Thread 0x00000228f3944c60 7665       2       org.jetbrains.kotlin.descriptors.impl.TypeParameterDescriptorImpl::setInitialized (10 bytes)
Event: 21.369 Thread 0x00000228f3944c60 nmethod 7665 0x00000228e1256990 code [0x00000228e1256b20, 0x00000228e1256c48]

GC Heap History (20 events):
Event: 11.471 GC heap before
{Heap before GC invocations=21 (full 0):
 garbage-first heap   total 79872K, used 42786K [0x00000000ca200000, 0x0000000100000000)
  region size 1024K, 16 young (16384K), 4 survivors (4096K)
 Metaspace       used 51236K, committed 51456K, reserved 1114112K
  class space    used 6221K, committed 6336K, reserved 1048576K
}
Event: 11.482 GC heap after
{Heap after GC invocations=22 (full 0):
 garbage-first heap   total 79872K, used 33901K [0x00000000ca200000, 0x0000000100000000)
  region size 1024K, 4 young (4096K), 4 survivors (4096K)
 Metaspace       used 51236K, committed 51456K, reserved 1114112K
  class space    used 6221K, committed 6336K, reserved 1048576K
}
Event: 13.055 GC heap before
{Heap before GC invocations=23 (full 0):
 garbage-first heap   total 79872K, used 58477K [0x00000000ca200000, 0x0000000100000000)
  region size 1024K, 28 young (28672K), 4 survivors (4096K)
 Metaspace       used 51513K, committed 51712K, reserved 1114112K
  class space    used 6251K, committed 6336K, reserved 1048576K
}
Event: 13.062 GC heap after
{Heap after GC invocations=24 (full 0):
 garbage-first heap   total 79872K, used 34753K [0x00000000ca200000, 0x0000000100000000)
  region size 1024K, 1 young (1024K), 1 survivors (1024K)
 Metaspace       used 51513K, committed 51712K, reserved 1114112K
  class space    used 6251K, committed 6336K, reserved 1048576K
}
Event: 14.879 GC heap before
{Heap before GC invocations=24 (full 0):
 garbage-first heap   total 79872K, used 59329K [0x00000000ca200000, 0x0000000100000000)
  region size 1024K, 26 young (26624K), 1 survivors (1024K)
 Metaspace       used 53539K, committed 53760K, reserved 1114112K
  class space    used 6436K, committed 6528K, reserved 1048576K
}
Event: 14.891 GC heap after
{Heap after GC invocations=25 (full 0):
 garbage-first heap   total 79872K, used 39405K [0x00000000ca200000, 0x0000000100000000)
  region size 1024K, 4 young (4096K), 4 survivors (4096K)
 Metaspace       used 53539K, committed 53760K, reserved 1114112K
  class space    used 6436K, committed 6528K, reserved 1048576K
}
Event: 17.225 GC heap before
{Heap before GC invocations=26 (full 0):
 garbage-first heap   total 79872K, used 59885K [0x00000000ca200000, 0x0000000100000000)
  region size 1024K, 25 young (25600K), 4 survivors (4096K)
 Metaspace       used 56023K, committed 56192K, reserved 1114112K
  class space    used 6654K, committed 6720K, reserved 1048576K
}
Event: 17.256 GC heap after
{Heap after GC invocations=27 (full 0):
 garbage-first heap   total 79872K, used 44650K [0x00000000ca200000, 0x0000000100000000)
  region size 1024K, 4 young (4096K), 4 survivors (4096K)
 Metaspace       used 56023K, committed 56192K, reserved 1114112K
  class space    used 6654K, committed 6720K, reserved 1048576K
}
Event: 17.288 GC heap before
{Heap before GC invocations=27 (full 0):
 garbage-first heap   total 79872K, used 45674K [0x00000000ca200000, 0x0000000100000000)
  region size 1024K, 5 young (5120K), 4 survivors (4096K)
 Metaspace       used 56067K, committed 56256K, reserved 1114112K
  class space    used 6654K, committed 6720K, reserved 1048576K
}
Event: 17.320 GC heap after
{Heap after GC invocations=28 (full 0):
 garbage-first heap   total 79872K, used 45641K [0x00000000ca200000, 0x0000000100000000)
  region size 1024K, 1 young (1024K), 1 survivors (1024K)
 Metaspace       used 56067K, committed 56256K, reserved 1114112K
  class space    used 6654K, committed 6720K, reserved 1048576K
}
Event: 18.049 GC heap before
{Heap before GC invocations=28 (full 0):
 garbage-first heap   total 79872K, used 61001K [0x00000000ca200000, 0x0000000100000000)
  region size 1024K, 17 young (17408K), 1 survivors (1024K)
 Metaspace       used 56637K, committed 56896K, reserved 1114112K
  class space    used 6667K, committed 6784K, reserved 1048576K
}
Event: 18.205 GC heap after
{Heap after GC invocations=29 (full 0):
 garbage-first heap   total 79872K, used 51082K [0x00000000ca200000, 0x0000000100000000)
  region size 1024K, 3 young (3072K), 3 survivors (3072K)
 Metaspace       used 56637K, committed 56896K, reserved 1114112K
  class space    used 6667K, committed 6784K, reserved 1048576K
}
Event: 18.616 GC heap before
{Heap before GC invocations=29 (full 0):
 garbage-first heap   total 79872K, used 62346K [0x00000000ca200000, 0x0000000100000000)
  region size 1024K, 15 young (15360K), 3 survivors (3072K)
 Metaspace       used 57451K, committed 57664K, reserved 1114112K
  class space    used 6707K, committed 6784K, reserved 1048576K
}
Event: 18.639 GC heap after
{Heap after GC invocations=30 (full 0):
 garbage-first heap   total 79872K, used 53547K [0x00000000ca200000, 0x0000000100000000)
  region size 1024K, 2 young (2048K), 2 survivors (2048K)
 Metaspace       used 57451K, committed 57664K, reserved 1114112K
  class space    used 6707K, committed 6784K, reserved 1048576K
}
Event: 18.819 GC heap before
{Heap before GC invocations=30 (full 0):
 garbage-first heap   total 79872K, used 63787K [0x00000000ca200000, 0x0000000100000000)
  region size 1024K, 12 young (12288K), 2 survivors (2048K)
 Metaspace       used 57626K, committed 57856K, reserved 1114112K
  class space    used 6716K, committed 6784K, reserved 1048576K
}
Event: 18.826 GC heap after
{Heap after GC invocations=31 (full 0):
 garbage-first heap   total 79872K, used 55906K [0x00000000ca200000, 0x0000000100000000)
  region size 1024K, 2 young (2048K), 2 survivors (2048K)
 Metaspace       used 57626K, committed 57856K, reserved 1114112K
  class space    used 6716K, committed 6784K, reserved 1048576K
}
Event: 19.007 GC heap before
{Heap before GC invocations=32 (full 0):
 garbage-first heap   total 104448K, used 65122K [0x00000000ca200000, 0x0000000100000000)
  region size 1024K, 11 young (11264K), 2 survivors (2048K)
 Metaspace       used 57782K, committed 58048K, reserved 1114112K
  class space    used 6735K, committed 6848K, reserved 1048576K
}
Event: 19.017 GC heap after
{Heap after GC invocations=33 (full 0):
 garbage-first heap   total 104448K, used 57754K [0x00000000ca200000, 0x0000000100000000)
  region size 1024K, 2 young (2048K), 2 survivors (2048K)
 Metaspace       used 57782K, committed 58048K, reserved 1114112K
  class space    used 6735K, committed 6848K, reserved 1048576K
}
Event: 19.402 GC heap before
{Heap before GC invocations=33 (full 0):
 garbage-first heap   total 104448K, used 60826K [0x00000000ca200000, 0x0000000100000000)
  region size 1024K, 5 young (5120K), 2 survivors (2048K)
 Metaspace       used 57801K, committed 58048K, reserved 1114112K
  class space    used 6735K, committed 6848K, reserved 1048576K
}
Event: 19.425 GC heap after
{Heap after GC invocations=34 (full 0):
 garbage-first heap   total 268288K, used 57765K [0x00000000ca200000, 0x0000000100000000)
  region size 1024K, 1 young (1024K), 1 survivors (1024K)
 Metaspace       used 57801K, committed 58048K, reserved 1114112K
  class space    used 6735K, committed 6848K, reserved 1048576K
}

Dll operation events (2 events):
Event: 0.012 Loaded shared library C:\Program Files\Android\Android Studio\jbr\bin\java.dll
Event: 3.126 Loaded shared library C:\Program Files\Android\Android Studio\jbr\bin\verify.dll

Deoptimization events (20 events):
Event: 20.438 Thread 0x00000228dcfe0850 Uncommon trap: trap_request=0xffffff45 fr.pc=0x00000228e829a7a8 relative=0x0000000000001cc8
Event: 20.438 Thread 0x00000228dcfe0850 Uncommon trap: reason=unstable_if action=reinterpret pc=0x00000228e829a7a8 method=java.util.HashMap.putVal(ILjava/lang/Object;Ljava/lang/Object;ZZ)Ljava/lang/Object; @ 94 c2
Event: 20.438 Thread 0x00000228dcfe0850 DEOPT PACKING pc=0x00000228e829a7a8 sp=0x000000d82d7fc850
Event: 20.439 Thread 0x00000228dcfe0850 DEOPT UNPACKING pc=0x00000228e7a469a3 sp=0x000000d82d7fc6a0 mode 2
Event: 20.507 Thread 0x00000228dcfe0850 Uncommon trap: trap_request=0xffffff45 fr.pc=0x00000228e81a4178 relative=0x0000000000000d18
Event: 20.507 Thread 0x00000228dcfe0850 Uncommon trap: reason=unstable_if action=reinterpret pc=0x00000228e81a4178 method=org.jetbrains.kotlin.util.Checks.isApplicable(Lorg/jetbrains/kotlin/descriptors/FunctionDescriptor;)Z @ 26 c2
Event: 20.507 Thread 0x00000228dcfe0850 DEOPT PACKING pc=0x00000228e81a4178 sp=0x000000d82d7fcf00
Event: 20.507 Thread 0x00000228dcfe0850 DEOPT UNPACKING pc=0x00000228e7a469a3 sp=0x000000d82d7fcea8 mode 2
Event: 20.507 Thread 0x00000228dcfe0850 Uncommon trap: trap_request=0xffffff45 fr.pc=0x00000228e80c2138 relative=0x0000000000000118
Event: 20.507 Thread 0x00000228dcfe0850 Uncommon trap: reason=unstable_if action=reinterpret pc=0x00000228e80c2138 method=org.jetbrains.kotlin.util.AbstractModifierChecks.check(Lorg/jetbrains/kotlin/descriptors/FunctionDescriptor;)Lorg/jetbrains/kotlin/util/CheckResult; @ 40 c2
Event: 20.507 Thread 0x00000228dcfe0850 DEOPT PACKING pc=0x00000228e80c2138 sp=0x000000d82d7fcf50
Event: 20.507 Thread 0x00000228dcfe0850 DEOPT UNPACKING pc=0x00000228e7a469a3 sp=0x000000d82d7fcee0 mode 2
Event: 20.508 Thread 0x00000228dcfe0850 Uncommon trap: trap_request=0xffffff45 fr.pc=0x00000228e8297578 relative=0x0000000000000078
Event: 20.508 Thread 0x00000228dcfe0850 Uncommon trap: reason=unstable_if action=reinterpret pc=0x00000228e8297578 method=org.jetbrains.kotlin.descriptors.impl.FunctionDescriptorImpl.getOverriddenDescriptors()Ljava/util/Collection; @ 8 c2
Event: 20.508 Thread 0x00000228dcfe0850 DEOPT PACKING pc=0x00000228e8297578 sp=0x000000d82d7fcd30
Event: 20.508 Thread 0x00000228dcfe0850 DEOPT UNPACKING pc=0x00000228e7a469a3 sp=0x000000d82d7fccd0 mode 2
Event: 20.559 Thread 0x00000228dcfe0850 DEOPT PACKING pc=0x00000228e0ab49e5 sp=0x000000d82d7fd100
Event: 20.559 Thread 0x00000228dcfe0850 DEOPT UNPACKING pc=0x00000228e7a47143 sp=0x000000d82d7fc550 mode 0
Event: 20.759 Thread 0x00000228dcfe0850 DEOPT PACKING pc=0x00000228e12115f9 sp=0x000000d82d7fd0c0
Event: 20.760 Thread 0x00000228dcfe0850 DEOPT UNPACKING pc=0x00000228e7a47143 sp=0x000000d82d7fc5b0 mode 0

Classes unloaded (0 events):
No events

Classes redefined (0 events):
No events

Internal exceptions (20 events):
Event: 3.667 Thread 0x00000228dcfe0850 Exception <a 'java/lang/NoSuchMethodError'{0x00000000cd736058}: 'void java.lang.invoke.DirectMethodHandle$Holder.invokeVirtual(java.lang.Object, java.lang.Object)'> (0x00000000cd736058) 
thrown [s\src\hotspot\share\interpreter\linkResolver.cpp, line 771]
Event: 3.683 Thread 0x00000228dcfe0850 Exception <a 'java/lang/NoSuchMethodError'{0x00000000cd784060}: 'int java.lang.invoke.DirectMethodHandle$Holder.invokeVirtual(java.lang.Object, java.lang.Object)'> (0x00000000cd784060) 
thrown [s\src\hotspot\share\interpreter\linkResolver.cpp, line 771]
Event: 3.773 Thread 0x00000228dcfe0850 Exception <a 'java/lang/NoSuchMethodError'{0x00000000cd722468}: 'java.lang.Object java.lang.invoke.Invokers$Holder.invokeExact_MT(java.lang.Object, java.lang.Object, java.lang.Object, java.lang.Object, java.lang.Object, java.lang.Object)'> (0x00000000cd722468) 
thrown [s\src\hotspot\share\interpreter\linkResolver.cpp, line 771]
Event: 5.113 Thread 0x00000228dcfe0850 Implicit null exception at 0x00000228e7fa9272 to 0x00000228e7fa983c
Event: 5.678 Thread 0x00000228dcfe0850 Implicit null exception at 0x00000228e7faac72 to 0x00000228e7fab24c
Event: 5.847 Thread 0x00000228dcfe0850 Exception <a 'java/lang/NoSuchMethodError'{0x00000000ccb9b8c0}: 'java.lang.Object java.lang.invoke.DirectMethodHandle$Holder.invokeVirtual(java.lang.Object, java.lang.Object, java.lang.Object)'> (0x00000000ccb9b8c0) 
thrown [s\src\hotspot\share\interpreter\linkResolver.cpp, line 771]
Event: 6.317 Thread 0x00000228dcfe0850 Implicit null exception at 0x00000228e807fb7c to 0x00000228e807fd90
Event: 7.860 Thread 0x00000228dcfe0850 Implicit null exception at 0x00000228e807f4d6 to 0x00000228e807f6b0
Event: 8.314 Thread 0x00000228dcfe0850 Exception <a 'java/lang/NoSuchMethodError'{0x00000000cc99dc00}: 'java.lang.Object java.lang.invoke.DirectMethodHandle$Holder.newInvokeSpecial(java.lang.Object, java.lang.Object, int)'> (0x00000000cc99dc00) 
thrown [s\src\hotspot\share\interpreter\linkResolver.cpp, line 771]
Event: 8.899 Thread 0x00000228dcfe0850 Implicit null exception at 0x00000228e8105176 to 0x00000228e81075dc
Event: 8.899 Thread 0x00000228dcfe0850 Implicit null exception at 0x00000228e80ec0cc to 0x00000228e80ec1a8
Event: 8.976 Thread 0x00000228dcfe0850 Exception <a 'java/lang/NoSuchMethodError'{0x00000000ccdb68b8}: 'java.lang.Object java.lang.invoke.DirectMethodHandle$Holder.newInvokeSpecial(java.lang.Object, java.lang.Object, java.lang.Object, int)'> (0x00000000ccdb68b8) 
thrown [s\src\hotspot\share\interpreter\linkResolver.cpp, line 771]
Event: 8.976 Thread 0x00000228dcfe0850 Exception <a 'java/lang/NoSuchMethodError'{0x00000000ccdbb1c8}: 'java.lang.Object java.lang.invoke.DirectMethodHandle$Holder.invokeSpecial(java.lang.Object, java.lang.Object, java.lang.Object, java.lang.Object, int)'> (0x00000000ccdbb1c8) 
thrown [s\src\hotspot\share\interpreter\linkResolver.cpp, line 771]
Event: 8.977 Thread 0x00000228dcfe0850 Exception <a 'java/lang/NoSuchMethodError'{0x00000000ccdbf038}: 'java.lang.Object java.lang.invoke.Invokers$Holder.linkToTargetMethod(java.lang.Object, java.lang.Object, int, java.lang.Object)'> (0x00000000ccdbf038) 
thrown [s\src\hotspot\share\interpreter\linkResolver.cpp, line 771]
Event: 14.138 Thread 0x00000228dcfe0850 Exception <a 'java/lang/NoSuchMethodError'{0x00000000ce462408}: 'java.lang.Object java.lang.invoke.DirectMethodHandle$Holder.newInvokeSpecial(java.lang.Object, java.lang.Object, java.lang.Object, java.lang.Object, java.lang.Object, java.lang.Object)'> (0x00000000ce462408) 
thrown [s\src\hotspot\share\interpreter\linkResolver.cpp, line 771]
Event: 18.316 Thread 0x00000228dcfe0850 Exception <a 'java/lang/NoSuchMethodError'{0x00000000ced51128}: 'java.lang.Object java.lang.invoke.DirectMethodHandle$Holder.invokeStaticInit(java.lang.Object, java.lang.Object, java.lang.Object)'> (0x00000000ced51128) 
thrown [s\src\hotspot\share\interpreter\linkResolver.cpp, line 771]
Event: 18.839 Thread 0x00000228dcfe0850 Implicit null exception at 0x00000228e7fda5f1 to 0x00000228e7fda7d8
Event: 18.839 Thread 0x00000228dcfe0850 Implicit null exception at 0x00000228e803018f to 0x00000228e8030205
Event: 18.980 Thread 0x00000228dcfe0850 Exception <a 'java/lang/NoSuchMethodError'{0x00000000d06fd6a8}: 'java.lang.Object java.lang.invoke.DirectMethodHandle$Holder.newInvokeSpecial(java.lang.Object, int, java.lang.Object)'> (0x00000000d06fd6a8) 
thrown [s\src\hotspot\share\interpreter\linkResolver.cpp, line 771]
Event: 18.982 Thread 0x00000228dcfe0850 Exception <a 'java/lang/NoSuchMethodError'{0x00000000d05043b0}: 'int java.lang.invoke.DirectMethodHandle$Holder.invokeInterface(java.lang.Object, java.lang.Object)'> (0x00000000d05043b0) 
thrown [s\src\hotspot\share\interpreter\linkResolver.cpp, line 771]

VM Operations (20 events):
Event: 18.919 Executing VM operation: G1Concurrent
Event: 18.928 Executing VM operation: G1Concurrent done
Event: 18.957 Executing VM operation: G1Concurrent
Event: 18.957 Executing VM operation: G1Concurrent done
Event: 18.964 Executing VM operation: HandshakeAllThreads
Event: 18.964 Executing VM operation: HandshakeAllThreads done
Event: 18.968 Executing VM operation: HandshakeAllThreads
Event: 18.968 Executing VM operation: HandshakeAllThreads done
Event: 19.007 Executing VM operation: G1CollectForAllocation
Event: 19.017 Executing VM operation: G1CollectForAllocation done
Event: 19.402 Executing VM operation: G1CollectForAllocation
Event: 19.426 Executing VM operation: G1CollectForAllocation done
Event: 20.079 Executing VM operation: ICBufferFull
Event: 20.080 Executing VM operation: ICBufferFull done
Event: 20.316 Executing VM operation: ICBufferFull
Event: 20.316 Executing VM operation: ICBufferFull done
Event: 20.476 Executing VM operation: ICBufferFull
Event: 20.476 Executing VM operation: ICBufferFull done
Event: 20.510 Executing VM operation: HandshakeAllThreads
Event: 20.510 Executing VM operation: HandshakeAllThreads done

Events (20 events):
Event: 17.186 Thread 0x00000228f395dac0 flushing nmethod 0x00000228e0e8cc90
Event: 17.186 Thread 0x00000228f395dac0 flushing nmethod 0x00000228e0ef7c10
Event: 17.186 Thread 0x00000228f395dac0 flushing nmethod 0x00000228e0f10610
Event: 17.186 Thread 0x00000228f395dac0 flushing nmethod 0x00000228e0f14410
Event: 17.186 Thread 0x00000228f395dac0 flushing nmethod 0x00000228e0f15790
Event: 17.186 Thread 0x00000228f395dac0 flushing nmethod 0x00000228e0f37910
Event: 17.186 Thread 0x00000228f395dac0 flushing nmethod 0x00000228e0f3af10
Event: 17.186 Thread 0x00000228f395dac0 flushing nmethod 0x00000228e0f3eb90
Event: 17.186 Thread 0x00000228f395dac0 flushing nmethod 0x00000228e0f47890
Event: 17.186 Thread 0x00000228f395dac0 flushing nmethod 0x00000228e0f52090
Event: 17.186 Thread 0x00000228f395dac0 flushing nmethod 0x00000228e0f52990
Event: 17.186 Thread 0x00000228f395dac0 flushing nmethod 0x00000228e0f58d10
Event: 17.186 Thread 0x00000228f395dac0 flushing nmethod 0x00000228e0f68e10
Event: 17.186 Thread 0x00000228f395dac0 flushing nmethod 0x00000228e0f6ed10
Event: 17.186 Thread 0x00000228f395dac0 flushing nmethod 0x00000228e0f79810
Event: 17.186 Thread 0x00000228f395dac0 flushing nmethod 0x00000228e0f8b990
Event: 17.187 Thread 0x00000228f395dac0 flushing nmethod 0x00000228e0fdb690
Event: 17.187 Thread 0x00000228f395dac0 flushing nmethod 0x00000228e1029d90
Event: 17.187 Thread 0x00000228f395dac0 flushing nmethod 0x00000228e103c890
Event: 17.187 Thread 0x00000228f395dac0 flushing nmethod 0x00000228e1078b10


Dynamic libraries:
0x00007ff6e8d30000 - 0x00007ff6e8d3a000 	C:\Program Files\Android\Android Studio\jbr\bin\java.exe
0x00007ffecd110000 - 0x00007ffecd308000 	C:\windows\SYSTEM32\ntdll.dll
0x00007ffeccb30000 - 0x00007ffeccbed000 	C:\windows\System32\KERNEL32.DLL
0x00007ffeca9e0000 - 0x00007ffecacd6000 	C:\windows\System32\KERNELBASE.dll
0x00007ffeca810000 - 0x00007ffeca910000 	C:\windows\System32\ucrtbase.dll
0x00007ffeb5600000 - 0x00007ffeb5617000 	C:\Program Files\Android\Android Studio\jbr\bin\jli.dll
0x00007ffecc060000 - 0x00007ffecc1ff000 	C:\windows\System32\USER32.dll
0x00007ffeca910000 - 0x00007ffeca932000 	C:\windows\System32\win32u.dll
0x00007ffeccb00000 - 0x00007ffeccb2b000 	C:\windows\System32\GDI32.dll
0x00007ffecae50000 - 0x00007ffecaf67000 	C:\windows\System32\gdi32full.dll
0x00007ffeca940000 - 0x00007ffeca9dd000 	C:\windows\System32\msvcp_win.dll
0x00007ffeb5490000 - 0x00007ffeb54ab000 	C:\Program Files\Android\Android Studio\jbr\bin\VCRUNTIME140.dll
0x00007ffeb2be0000 - 0x00007ffeb2e7a000 	C:\windows\WinSxS\amd64_microsoft.windows.common-controls_6595b64144ccf1df_6.0.19041.4355_none_60b8b9eb71f62e16\COMCTL32.dll
0x00007ffecbbf0000 - 0x00007ffecbc8e000 	C:\windows\System32\msvcrt.dll
0x00007ffecce10000 - 0x00007ffecce42000 	C:\windows\System32\IMM32.DLL
0x00007ffeb5500000 - 0x00007ffeb550c000 	C:\Program Files\Android\Android Studio\jbr\bin\vcruntime140_1.dll
0x00007ffe9da20000 - 0x00007ffe9daad000 	C:\Program Files\Android\Android Studio\jbr\bin\msvcp140.dll
0x00007ffe87090000 - 0x00007ffe87d10000 	C:\Program Files\Android\Android Studio\jbr\bin\server\jvm.dll
0x00007ffecce60000 - 0x00007ffeccf10000 	C:\windows\System32\ADVAPI32.dll
0x00007ffecbdc0000 - 0x00007ffecbe60000 	C:\windows\System32\sechost.dll
0x00007ffeccce0000 - 0x00007ffecce03000 	C:\windows\System32\RPCRT4.dll
0x00007ffecae20000 - 0x00007ffecae47000 	C:\windows\System32\bcrypt.dll
0x00007ffeaf5a0000 - 0x00007ffeaf5a9000 	C:\windows\SYSTEM32\WSOCK32.dll
0x00007ffecbe60000 - 0x00007ffecbecb000 	C:\windows\System32\WS2_32.dll
0x00007ffec1c40000 - 0x00007ffec1c67000 	C:\windows\SYSTEM32\WINMM.dll
0x00007ffec2d80000 - 0x00007ffec2d8a000 	C:\windows\SYSTEM32\VERSION.dll
0x00007ffec8620000 - 0x00007ffec8632000 	C:\windows\SYSTEM32\kernel.appcore.dll
0x00007ffec6220000 - 0x00007ffec622a000 	C:\Program Files\Android\Android Studio\jbr\bin\jimage.dll
0x00007ffebf860000 - 0x00007ffebfa44000 	C:\windows\SYSTEM32\DBGHELP.DLL
0x00007ffeb2250000 - 0x00007ffeb2284000 	C:\windows\SYSTEM32\dbgcore.DLL
0x00007ffecad90000 - 0x00007ffecae12000 	C:\windows\System32\bcryptPrimitives.dll
0x00007ffe9e010000 - 0x00007ffe9e035000 	C:\Program Files\Android\Android Studio\jbr\bin\java.dll
0x00007ffec1370000 - 0x00007ffec1388000 	C:\Program Files\Android\Android Studio\jbr\bin\zip.dll
0x00007ffecb380000 - 0x00007ffecbaeb000 	C:\windows\System32\SHELL32.dll
0x00007ffec8840000 - 0x00007ffec8fdd000 	C:\windows\SYSTEM32\windows.storage.dll
0x00007ffecc7a0000 - 0x00007ffeccaf3000 	C:\windows\System32\combase.dll
0x00007ffeca170000 - 0x00007ffeca19e000 	C:\windows\SYSTEM32\Wldp.dll
0x00007ffecb140000 - 0x00007ffecb20d000 	C:\windows\System32\OLEAUT32.dll
0x00007ffecb2d0000 - 0x00007ffecb37d000 	C:\windows\System32\SHCORE.dll
0x00007ffecb210000 - 0x00007ffecb265000 	C:\windows\System32\shlwapi.dll
0x00007ffeca6f0000 - 0x00007ffeca714000 	C:\windows\SYSTEM32\profapi.dll
0x00007ffec1340000 - 0x00007ffec1359000 	C:\Program Files\Android\Android Studio\jbr\bin\net.dll
0x00007ffec4f60000 - 0x00007ffec506a000 	C:\windows\SYSTEM32\WINHTTP.dll
0x00007ffec9e70000 - 0x00007ffec9eda000 	C:\windows\system32\mswsock.dll
0x00007ffec12f0000 - 0x00007ffec1306000 	C:\Program Files\Android\Android Studio\jbr\bin\nio.dll
0x00007ffec6210000 - 0x00007ffec6220000 	C:\Program Files\Android\Android Studio\jbr\bin\verify.dll

dbghelp: loaded successfully - version: 4.0.5 - missing functions: none
symbol engine: initialized successfully - sym options: 0x614 - pdb path: .;C:\Program Files\Android\Android Studio\jbr\bin;C:\windows\SYSTEM32;C:\windows\WinSxS\amd64_microsoft.windows.common-controls_6595b64144ccf1df_6.0.19041.4355_none_60b8b9eb71f62e16;C:\Program Files\Android\Android Studio\jbr\bin\server

VM Arguments:
java_command: org.jetbrains.kotlin.cli.jvm.K2JVMCompiler @C:\AndroidStudioWorks\DiplomaTest\app\build\20240613_8915199242957190135.compiler.options
java_class_path (initial): C:\Users\zhold\.gradle\caches\modules-2\files-2.1\org.jetbrains.kotlin\kotlin-compiler-embeddable\1.9.0\2c8c3a7402becca891f12739b3e9fd2dc2adbd7a\kotlin-compiler-embeddable-1.9.0.jar;C:\Users\zhold\.gradle\caches\modules-2\files-2.1\org.jetbrains.kotlin\kotlin-stdlib\1.9.0\8ee15ef0c67dc83d874f412d84378d7f0eb50b63\kotlin-stdlib-1.9.0.jar;C:\Users\zhold\.gradle\caches\modules-2\files-2.1\org.jetbrains.kotlin\kotlin-script-runtime\1.9.0\4b3102cbbb7e1b58d9d1adf89563f00069ffa7d1\kotlin-script-runtime-1.9.0.jar;C:\Users\zhold\.gradle\caches\modules-2\files-2.1\org.jetbrains.kotlin\kotlin-reflect\1.6.10\1cbe9c92c12a94eea200d23c2bbaedaf3daf5132\kotlin-reflect-1.6.10.jar;C:\Users\zhold\.gradle\caches\modules-2\files-2.1\org.jetbrains.kotlin\kotlin-daemon-embeddable\1.9.0\186543f5e28cf8d9a0290fecc2cf34301c40a65c\kotlin-daemon-embeddable-1.9.0.jar;C:\Users\zhold\.gradle\caches\modules-2\files-2.1\org.jetbrains.intellij.deps\trove4j\1.0.20200330\3afb14d5f9ceb459d724e907a21145e8ff394f02\trove4j-1.0.20200330.jar;C:\Users\zhold\.gradle\caches\modules-2\files-2.1\org.jetbrains.kotlin\kotlin-stdlib-common\1.9.0\cd65c21cfd1eec4d44ef09f9f52b6d9f8a720636\kotlin-stdlib-common-1.9.0.jar;C:\Users\zhold\.gradle\caches\modules-2\files-2.1\org.jetbrains\annotations\13.0\919f0dfe192fb4e063e7dacadee7f8bb9a2672a9\annotations-13.0.jar
Launcher Type: SUN_STANDARD

[Global flags]
     intx CICompilerCount                          = 3                                         {product} {ergonomic}
     uint ConcGCThreads                            = 1                                         {product} {ergonomic}
     uint G1ConcRefinementThreads                  = 4                                         {product} {ergonomic}
   size_t G1HeapRegionSize                         = 1048576                                   {product} {ergonomic}
    uintx GCDrainStackTargetSize                   = 64                                        {product} {ergonomic}
   size_t InitialHeapSize                          = 56623104                                  {product} {ergonomic}
   size_t MarkStackSize                            = 4194304                                   {product} {ergonomic}
   size_t MaxHeapSize                              = 903872512                                 {product} {ergonomic}
   size_t MaxNewSize                               = 542113792                                 {product} {ergonomic}
   size_t MinHeapDeltaBytes                        = 1048576                                   {product} {ergonomic}
   size_t MinHeapSize                              = 8388608                                   {product} {ergonomic}
    uintx NonNMethodCodeHeapSize                   = 5832780                                {pd product} {ergonomic}
    uintx NonProfiledCodeHeapSize                  = 122912730                              {pd product} {ergonomic}
    uintx ProfiledCodeHeapSize                     = 122912730                              {pd product} {ergonomic}
    uintx ReservedCodeCacheSize                    = 251658240                              {pd product} {ergonomic}
     bool SegmentedCodeCache                       = true                                      {product} {ergonomic}
   size_t SoftMaxHeapSize                          = 903872512                              {manageable} {ergonomic}
     bool UseCompressedClassPointers               = true                           {product lp64_product} {ergonomic}
     bool UseCompressedOops                        = true                           {product lp64_product} {ergonomic}
     bool UseG1GC                                  = true                                      {product} {ergonomic}
     bool UseLargePagesIndividualAllocation        = false                                  {pd product} {ergonomic}

Logging:
Log output configuration:
 #0: stdout all=warning uptime,level,tags
 #1: stderr all=off uptime,level,tags

Environment Variables:
PATH=C:\Program Files (x86)\VMware\bin\;C:\Program Files\Common Files\Oracle\Java\javapath;C:\Program Files (x86)\Common Files\Oracle\Java\javapath;C:\windows\system32;C:\windows;C:\windows\System32\Wbem;C:\windows\System32\WindowsPowerShell\v1.0\;C:\windows\System32\OpenSSH\;C:\Program Files\7-Zip;C:\Program Files\nodejs\;C:\Program Files\Git\cmd;C:\Program Files\Go\bin;C:\Program Files\Cloudflare\Cloudflare WARP\;C:\Users\zhold\Downloads\mongosh-1.6.1-win32-x64\mongosh-1.6.1-win32-x64;C:\Program Files\MongoDB\Tools\100\bin;;C:\Program Files (x86)\NVIDIA Corporation\PhysX\Common;C:\Program Files\HP\HP One Agent;C:\Users\zhold\AppData\Local\Microsoft\WindowsApps;C:\Users\zhold\AppData\Roaming\npm;C:\Users\zhold\AppData\Local\GitHubDesktop\bin;C:\Users\zhold\AppData\Local\Programs\Microsoft VS Code\bin;C:\Program Files\heroku\bin;C:\Users\zhold\go\bin
USERNAME=zhold
OS=Windows_NT
PROCESSOR_IDENTIFIER=AMD64 Family 23 Model 96 Stepping 1, AuthenticAMD
TMP=C:\Users\zhold\AppData\Local\Temp
TEMP=C:\Users\zhold\AppData\Local\Temp


JNI global refs:
JNI global refs: 9, weak refs: 15

JNI global refs memory usage: 843, weak refs: 841

OOME stack traces (most recent first):
Classloader memory used:
Loader jdk.internal.loader.ClassLoaders$AppClassLoader                                 : 5861K
Loader bootstrap                                                                       : 1328K
Loader java.net.URLClassLoader                                                         : 40897B
Loader jdk.internal.reflect.DelegatingClassLoader                                      : 17971B
Loader jdk.internal.loader.ClassLoaders$PlatformClassLoader                            : 2276B


---------------  S Y S T E M  ---------------

OS:
 Windows 10 , 64 bit Build 19041 (10.0.19041.3636)
OS uptime: 0 days 4:10 hours

CPU: total 4 (initial active 4) (4 cores per cpu, 1 threads per core) family 23 model 96 stepping 1 microcode 0x0, cx8, cmov, fxsr, mmx, 3dnowpref, sse, sse2, sse3, ssse3, sse4a, sse4.1, sse4.2, popcnt, lzcnt, tsc, tscinvbit, avx, avx2, aes, clmul, bmi1, bmi2, adx, sha, fma, vzeroupper, clflush, clflushopt

Memory: 4k page, system-wide physical 3445M (37M free)
TotalPageFile size 14197M (AvailPageFile size 0M)
current process WorkingSet (physical memory assigned to process): 171M, peak: 205M
current process commit charge ("private bytes"): 458M, peak: 459M

vm_info: OpenJDK 64-Bit Server VM (17.0.7+0-b2043.56-10550314) for windows-amd64 JRE (17.0.7+0-b2043.56-10550314), built on Jul 24 2023 18:27:45 by "androidbuild" with MS VC++ 16.10 / 16.11 (VS2019)

END.
