#
# There is insufficient memory for the Java Runtime Environment to continue.
# Native memory allocation (malloc) failed to allocate 2564512 bytes for Chunk::new
# Possible reasons:
#   The system is out of physical RAM or swap space
#   The process is running with CompressedOops enabled, and the Java Heap may be blocking the growth of the native heap
# Possible solutions:
#   Reduce memory load on the system
#   Increase physical memory or swap space
#   Check if swap backing store is full
#   Decrease Java heap size (-Xmx/-Xms)
#   Decrease number of Java threads
#   Decrease Java thread stack sizes (-Xss)
#   Set larger code cache with -XX:ReservedCodeCacheSize=
#   JVM is running with Unscaled Compressed Oops mode in which the Java heap is
#     placed in the first 4GB address space. The Java Heap base address is the
#     maximum limit for the native heap growth. Please use -XX:HeapBaseMinAddress
#     to set the Java Heap base and to place the Java Heap above 4GB virtual address.
# This output file may be truncated or incomplete.
#
#  Out of Memory Error (arena.cpp:189), pid=13280, tid=11400
#
# JRE version: OpenJDK Runtime Environment (17.0.7) (build 17.0.7+0-b2043.56-10550314)
# Java VM: OpenJDK 64-Bit Server VM (17.0.7+0-b2043.56-10550314, mixed mode, tiered, compressed oops, compressed class ptrs, g1 gc, windows-amd64)
# No core dump will be written. Minidumps are not enabled by default on client versions of Windows
#

---------------  S U M M A R Y ------------

Command Line: org.jetbrains.kotlin.cli.jvm.K2JVMCompiler @C:\AndroidStudioWorks\DiplomaTest\app\build\20240121_923863930430788851.compiler.options

Host: AMD Ryzen 3 4300U with Radeon Graphics         , 4 cores, 3G,  Windows 10 , 64 bit Build 19041 (10.0.19041.3636)
Time: Sun Jan 21 16:26:33 2024  Windows 10 , 64 bit Build 19041 (10.0.19041.3636) elapsed time: 7.411633 seconds (0d 0h 0m 7s)

---------------  T H R E A D  ---------------

Current thread (0x00000232a0cd2430):  JavaThread "C2 CompilerThread0" daemon [_thread_in_native, id=11400, stack(0x0000004256100000,0x0000004256200000)]


Current CompileTask:
C2:   7411 7231       4       org.jetbrains.kotlin.resolve.lazy.ForceResolveUtil::doForceResolveAllContents (222 bytes)

Stack: [0x0000004256100000,0x0000004256200000]
Native frames: (J=compiled Java code, j=interpreted, Vv=VM code, C=native code)
V  [jvm.dll+0x683bfa]
V  [jvm.dll+0x8430a4]
V  [jvm.dll+0x8449be]
V  [jvm.dll+0x845023]
V  [jvm.dll+0x24ad2f]
V  [jvm.dll+0xac25c]
V  [jvm.dll+0xac82c]
V  [jvm.dll+0x36a187]
V  [jvm.dll+0x334821]
V  [jvm.dll+0x333cca]
V  [jvm.dll+0x21d251]
V  [jvm.dll+0x21c671]
V  [jvm.dll+0x1a605d]
V  [jvm.dll+0x22c148]
V  [jvm.dll+0x22a209]
V  [jvm.dll+0x7f858c]
V  [jvm.dll+0x7f2aea]
V  [jvm.dll+0x682a35]
C  [ucrtbase.dll+0x21bb2]
C  [KERNEL32.DLL+0x17344]
C  [ntdll.dll+0x526b1]


---------------  P R O C E S S  ---------------

Threads class SMR info:
_java_thread_list=0x00000232a50f8c60, length=12, elements={
0x000002328a382450, 0x000002328a44e6f0, 0x00000232a0c89500, 0x00000232a0cc9100,
0x00000232a0cca0c0, 0x00000232a0cc3570, 0x00000232a0cc45d0, 0x00000232a0cd2430,
0x00000232a0cdbef0, 0x00000232a0ce6900, 0x00000232a5132630, 0x00000232a51388f0
}

Java Threads: ( => current thread )
  0x000002328a382450 JavaThread "main" [_thread_in_Java, id=15396, stack(0x0000004255400000,0x0000004255500000)]
  0x000002328a44e6f0 JavaThread "Reference Handler" daemon [_thread_blocked, id=15280, stack(0x0000004255b00000,0x0000004255c00000)]
  0x00000232a0c89500 JavaThread "Finalizer" daemon [_thread_blocked, id=10528, stack(0x0000004255c00000,0x0000004255d00000)]
  0x00000232a0cc9100 JavaThread "Signal Dispatcher" daemon [_thread_blocked, id=2204, stack(0x0000004255d00000,0x0000004255e00000)]
  0x00000232a0cca0c0 JavaThread "Attach Listener" daemon [_thread_blocked, id=8660, stack(0x0000004255e00000,0x0000004255f00000)]
  0x00000232a0cc3570 JavaThread "Service Thread" daemon [_thread_blocked, id=10004, stack(0x0000004255f00000,0x0000004256000000)]
  0x00000232a0cc45d0 JavaThread "Monitor Deflation Thread" daemon [_thread_blocked, id=9476, stack(0x0000004256000000,0x0000004256100000)]
=>0x00000232a0cd2430 JavaThread "C2 CompilerThread0" daemon [_thread_in_native, id=11400, stack(0x0000004256100000,0x0000004256200000)]
  0x00000232a0cdbef0 JavaThread "C1 CompilerThread0" daemon [_thread_in_vm, id=8044, stack(0x0000004256200000,0x0000004256300000)]
  0x00000232a0ce6900 JavaThread "Sweeper thread" daemon [_thread_blocked, id=5280, stack(0x0000004256300000,0x0000004256400000)]
  0x00000232a5132630 JavaThread "Notification Thread" daemon [_thread_blocked, id=14544, stack(0x0000004256400000,0x0000004256500000)]
  0x00000232a51388f0 JavaThread "Common-Cleaner" daemon [_thread_blocked, id=10504, stack(0x0000004256600000,0x0000004256700000)]

Other Threads:
  0x000002328a44d350 VMThread "VM Thread" [stack: 0x0000004255a00000,0x0000004255b00000] [id=2364]
  0x000002328a3c9b30 WatcherThread [stack: 0x0000004256500000,0x0000004256600000] [id=15684]
  0x000002328a3b93e0 GCTaskThread "GC Thread#0" [stack: 0x0000004255500000,0x0000004255600000] [id=15904]
  0x00000232a52bafd0 GCTaskThread "GC Thread#1" [stack: 0x0000004256700000,0x0000004256800000] [id=8344]
  0x00000232a55660c0 GCTaskThread "GC Thread#2" [stack: 0x0000004256800000,0x0000004256900000] [id=2760]
  0x00000232a5566370 GCTaskThread "GC Thread#3" [stack: 0x0000004256900000,0x0000004256a00000] [id=4656]
  0x000002328a3c0ee0 ConcurrentGCThread "G1 Main Marker" [stack: 0x0000004255600000,0x0000004255700000] [id=3056]
  0x000002328a3c30a0 ConcurrentGCThread "G1 Conc#0" [stack: 0x0000004255700000,0x0000004255800000] [id=10076]
  0x000002328a3fec90 ConcurrentGCThread "G1 Refine#0" [stack: 0x0000004255800000,0x0000004255900000] [id=12712]
  0x00000232a795f070 ConcurrentGCThread "G1 Refine#1" [stack: 0x0000004256a00000,0x0000004256b00000] [id=11792]
  0x00000232a7962710 ConcurrentGCThread "G1 Refine#2" [stack: 0x0000004256b00000,0x0000004256c00000] [id=8276]
  0x000002328a3ff6b0 ConcurrentGCThread "G1 Service" [stack: 0x0000004255900000,0x0000004255a00000] [id=15988]

Threads with active compile tasks:
C2 CompilerThread0     7432 7231       4       org.jetbrains.kotlin.resolve.lazy.ForceResolveUtil::doForceResolveAllContents (222 bytes)

VM state: not at safepoint (normal execution)

VM Mutex/Monitor currently owned by a thread: None

Heap address: 0x00000000ca200000, size: 862 MB, Compressed Oops mode: 32-bit

CDS archive(s) not mapped
Compressed class space mapped at: 0x0000000100000000-0x0000000140000000, reserved size: 1073741824
Narrow klass base: 0x0000000000000000, Narrow klass shift: 3, Narrow klass range: 0x140000000

GC Precious Log:
 CPUs: 4 total, 4 available
 Memory: 3445M
 Large Page Support: Disabled
 NUMA Support: Disabled
 Compressed Oops: Enabled (32-bit)
 Heap Region Size: 1M
 Heap Min Capacity: 8M
 Heap Initial Capacity: 54M
 Heap Max Capacity: 862M
 Pre-touch: Disabled
 Parallel Workers: 4
 Concurrent Workers: 1
 Concurrent Refinement Workers: 4
 Periodic GC: Disabled

Heap:
 garbage-first heap   total 171008K, used 90387K [0x00000000ca200000, 0x0000000100000000)
  region size 1024K, 32 young (32768K), 2 survivors (2048K)
 Metaspace       used 64212K, committed 64512K, reserved 1114112K
  class space    used 7686K, committed 7808K, reserved 1048576K

Heap Regions: E=young(eden), S=young(survivor), O=old, HS=humongous(starts), HC=humongous(continues), CS=collection set, F=free, OA=open archive, CA=closed archive, TAMS=top-at-mark-start (previous, next)
|   0|0x00000000ca200000, 0x00000000ca300000, 0x00000000ca300000|100%|HS|  |TAMS 0x00000000ca300000, 0x00000000ca200000| Complete 
|   1|0x00000000ca300000, 0x00000000ca400000, 0x00000000ca400000|100%|HC|  |TAMS 0x00000000ca400000, 0x00000000ca300000| Complete 
|   2|0x00000000ca400000, 0x00000000ca500000, 0x00000000ca500000|100%|HC|  |TAMS 0x00000000ca500000, 0x00000000ca400000| Complete 
|   3|0x00000000ca500000, 0x00000000ca600000, 0x00000000ca600000|100%|HC|  |TAMS 0x00000000ca600000, 0x00000000ca500000| Complete 
|   4|0x00000000ca600000, 0x00000000ca700000, 0x00000000ca700000|100%| O|  |TAMS 0x00000000ca700000, 0x00000000ca600000| Untracked 
|   5|0x00000000ca700000, 0x00000000ca800000, 0x00000000ca800000|100%| O|  |TAMS 0x00000000ca800000, 0x00000000ca700000| Untracked 
|   6|0x00000000ca800000, 0x00000000ca900000, 0x00000000ca900000|100%| O|  |TAMS 0x00000000ca900000, 0x00000000ca800000| Untracked 
|   7|0x00000000ca900000, 0x00000000caa00000, 0x00000000caa00000|100%| O|  |TAMS 0x00000000caa00000, 0x00000000ca900000| Untracked 
|   8|0x00000000caa00000, 0x00000000cab00000, 0x00000000cab00000|100%| O|  |TAMS 0x00000000cab00000, 0x00000000caa00000| Untracked 
|   9|0x00000000cab00000, 0x00000000cac00000, 0x00000000cac00000|100%| O|  |TAMS 0x00000000cac00000, 0x00000000cab00000| Untracked 
|  10|0x00000000cac00000, 0x00000000cad00000, 0x00000000cad00000|100%| O|  |TAMS 0x00000000cad00000, 0x00000000cac00000| Untracked 
|  11|0x00000000cad00000, 0x00000000cae00000, 0x00000000cae00000|100%| O|  |TAMS 0x00000000cae00000, 0x00000000cad00000| Untracked 
|  12|0x00000000cae00000, 0x00000000caf00000, 0x00000000caf00000|100%| O|  |TAMS 0x00000000caf00000, 0x00000000cae00000| Untracked 
|  13|0x00000000caf00000, 0x00000000cb000000, 0x00000000cb000000|100%| O|  |TAMS 0x00000000cb000000, 0x00000000caf00000| Untracked 
|  14|0x00000000cb000000, 0x00000000cb100000, 0x00000000cb100000|100%| O|  |TAMS 0x00000000cb100000, 0x00000000cb000000| Untracked 
|  15|0x00000000cb100000, 0x00000000cb200000, 0x00000000cb200000|100%| O|  |TAMS 0x00000000cb200000, 0x00000000cb100000| Untracked 
|  16|0x00000000cb200000, 0x00000000cb300000, 0x00000000cb300000|100%| O|  |TAMS 0x00000000cb300000, 0x00000000cb200000| Untracked 
|  17|0x00000000cb300000, 0x00000000cb400000, 0x00000000cb400000|100%| O|  |TAMS 0x00000000cb400000, 0x00000000cb300000| Untracked 
|  18|0x00000000cb400000, 0x00000000cb500000, 0x00000000cb500000|100%| O|  |TAMS 0x00000000cb500000, 0x00000000cb400000| Untracked 
|  19|0x00000000cb500000, 0x00000000cb600000, 0x00000000cb600000|100%| O|  |TAMS 0x00000000cb600000, 0x00000000cb500000| Untracked 
|  20|0x00000000cb600000, 0x00000000cb700000, 0x00000000cb700000|100%| O|  |TAMS 0x00000000cb700000, 0x00000000cb600000| Untracked 
|  21|0x00000000cb700000, 0x00000000cb800000, 0x00000000cb800000|100%| O|  |TAMS 0x00000000cb800000, 0x00000000cb700000| Untracked 
|  22|0x00000000cb800000, 0x00000000cb900000, 0x00000000cb900000|100%| O|  |TAMS 0x00000000cb900000, 0x00000000cb800000| Untracked 
|  23|0x00000000cb900000, 0x00000000cba00000, 0x00000000cba00000|100%| O|  |TAMS 0x00000000cba00000, 0x00000000cb900000| Untracked 
|  24|0x00000000cba00000, 0x00000000cbb00000, 0x00000000cbb00000|100%| O|  |TAMS 0x00000000cbb00000, 0x00000000cba00000| Untracked 
|  25|0x00000000cbb00000, 0x00000000cbc00000, 0x00000000cbc00000|100%|HS|  |TAMS 0x00000000cbc00000, 0x00000000cbb00000| Complete 
|  26|0x00000000cbc00000, 0x00000000cbd00000, 0x00000000cbd00000|100%|HC|  |TAMS 0x00000000cbd00000, 0x00000000cbc00000| Complete 
|  27|0x00000000cbd00000, 0x00000000cbe00000, 0x00000000cbe00000|100%| O|  |TAMS 0x00000000cbe00000, 0x00000000cbd00000| Untracked 
|  28|0x00000000cbe00000, 0x00000000cbf00000, 0x00000000cbf00000|100%| O|  |TAMS 0x00000000cbf00000, 0x00000000cbe00000| Untracked 
|  29|0x00000000cbf00000, 0x00000000cc000000, 0x00000000cc000000|100%| O|  |TAMS 0x00000000cc000000, 0x00000000cbf00000| Untracked 
|  30|0x00000000cc000000, 0x00000000cc100000, 0x00000000cc100000|100%| O|  |TAMS 0x00000000cc100000, 0x00000000cc000000| Untracked 
|  31|0x00000000cc100000, 0x00000000cc200000, 0x00000000cc200000|100%| O|  |TAMS 0x00000000cc200000, 0x00000000cc100000| Untracked 
|  32|0x00000000cc200000, 0x00000000cc300000, 0x00000000cc300000|100%| O|  |TAMS 0x00000000cc300000, 0x00000000cc200000| Untracked 
|  33|0x00000000cc300000, 0x00000000cc400000, 0x00000000cc400000|100%| O|  |TAMS 0x00000000cc400000, 0x00000000cc300000| Untracked 
|  34|0x00000000cc400000, 0x00000000cc500000, 0x00000000cc500000|100%| O|  |TAMS 0x00000000cc500000, 0x00000000cc400000| Untracked 
|  35|0x00000000cc500000, 0x00000000cc600000, 0x00000000cc600000|100%| O|  |TAMS 0x00000000cc600000, 0x00000000cc500000| Untracked 
|  36|0x00000000cc600000, 0x00000000cc700000, 0x00000000cc700000|100%| O|  |TAMS 0x00000000cc700000, 0x00000000cc600000| Untracked 
|  37|0x00000000cc700000, 0x00000000cc800000, 0x00000000cc800000|100%| O|  |TAMS 0x00000000cc800000, 0x00000000cc700000| Untracked 
|  38|0x00000000cc800000, 0x00000000cc900000, 0x00000000cc900000|100%| O|  |TAMS 0x00000000cc900000, 0x00000000cc800000| Untracked 
|  39|0x00000000cc900000, 0x00000000cca00000, 0x00000000cca00000|100%| O|  |TAMS 0x00000000cca00000, 0x00000000cc900000| Untracked 
|  40|0x00000000cca00000, 0x00000000ccb00000, 0x00000000ccb00000|100%| O|  |TAMS 0x00000000ccb00000, 0x00000000cca00000| Untracked 
|  41|0x00000000ccb00000, 0x00000000ccc00000, 0x00000000ccc00000|100%| O|  |TAMS 0x00000000ccc00000, 0x00000000ccb00000| Untracked 
|  42|0x00000000ccc00000, 0x00000000ccd00000, 0x00000000ccd00000|100%| O|  |TAMS 0x00000000ccd00000, 0x00000000ccc00000| Untracked 
|  43|0x00000000ccd00000, 0x00000000ccd00000, 0x00000000cce00000|  0%| F|  |TAMS 0x00000000ccd00000, 0x00000000ccd00000| Untracked 
|  44|0x00000000cce00000, 0x00000000ccf00000, 0x00000000ccf00000|100%| O|  |TAMS 0x00000000cce00000, 0x00000000cce00000| Untracked 
|  45|0x00000000ccf00000, 0x00000000cd000000, 0x00000000cd000000|100%| O|  |TAMS 0x00000000ccf00000, 0x00000000ccf00000| Untracked 
|  46|0x00000000cd000000, 0x00000000cd100000, 0x00000000cd100000|100%| O|  |TAMS 0x00000000cd000000, 0x00000000cd000000| Untracked 
|  47|0x00000000cd100000, 0x00000000cd200000, 0x00000000cd200000|100%| O|  |TAMS 0x00000000cd100000, 0x00000000cd100000| Untracked 
|  48|0x00000000cd200000, 0x00000000cd300000, 0x00000000cd300000|100%| O|  |TAMS 0x00000000cd200000, 0x00000000cd200000| Untracked 
|  49|0x00000000cd300000, 0x00000000cd400000, 0x00000000cd400000|100%| O|  |TAMS 0x00000000cd300000, 0x00000000cd300000| Untracked 
|  50|0x00000000cd400000, 0x00000000cd500000, 0x00000000cd500000|100%| O|  |TAMS 0x00000000cd400000, 0x00000000cd400000| Untracked 
|  51|0x00000000cd500000, 0x00000000cd600000, 0x00000000cd600000|100%| O|  |TAMS 0x00000000cd500000, 0x00000000cd500000| Untracked 
|  52|0x00000000cd600000, 0x00000000cd700000, 0x00000000cd700000|100%| O|  |TAMS 0x00000000cd600000, 0x00000000cd600000| Untracked 
|  53|0x00000000cd700000, 0x00000000cd800000, 0x00000000cd800000|100%| O|  |TAMS 0x00000000cd700000, 0x00000000cd700000| Untracked 
|  54|0x00000000cd800000, 0x00000000cd900000, 0x00000000cd900000|100%| O|  |TAMS 0x00000000cd800000, 0x00000000cd800000| Untracked 
|  55|0x00000000cd900000, 0x00000000cda00000, 0x00000000cda00000|100%| O|  |TAMS 0x00000000cd900000, 0x00000000cd900000| Untracked 
|  56|0x00000000cda00000, 0x00000000cdb00000, 0x00000000cdb00000|100%| O|  |TAMS 0x00000000cda00000, 0x00000000cda00000| Untracked 
|  57|0x00000000cdb00000, 0x00000000cdc00000, 0x00000000cdc00000|100%| O|  |TAMS 0x00000000cdb00000, 0x00000000cdb00000| Untracked 
|  58|0x00000000cdc00000, 0x00000000cdcd5200, 0x00000000cdd00000| 83%| O|  |TAMS 0x00000000cdc00000, 0x00000000cdc00000| Untracked 
|  59|0x00000000cdd00000, 0x00000000cdd00000, 0x00000000cde00000|  0%| F|  |TAMS 0x00000000cdd00000, 0x00000000cdd00000| Untracked 
|  60|0x00000000cde00000, 0x00000000cde00000, 0x00000000cdf00000|  0%| F|  |TAMS 0x00000000cde00000, 0x00000000cde00000| Untracked 
|  61|0x00000000cdf00000, 0x00000000cdf00000, 0x00000000ce000000|  0%| F|  |TAMS 0x00000000cdf00000, 0x00000000cdf00000| Untracked 
|  62|0x00000000ce000000, 0x00000000ce000000, 0x00000000ce100000|  0%| F|  |TAMS 0x00000000ce000000, 0x00000000ce000000| Untracked 
|  63|0x00000000ce100000, 0x00000000ce100000, 0x00000000ce200000|  0%| F|  |TAMS 0x00000000ce100000, 0x00000000ce100000| Untracked 
|  64|0x00000000ce200000, 0x00000000ce200000, 0x00000000ce300000|  0%| F|  |TAMS 0x00000000ce200000, 0x00000000ce200000| Untracked 
|  65|0x00000000ce300000, 0x00000000ce300000, 0x00000000ce400000|  0%| F|  |TAMS 0x00000000ce300000, 0x00000000ce300000| Untracked 
|  66|0x00000000ce400000, 0x00000000ce400000, 0x00000000ce500000|  0%| F|  |TAMS 0x00000000ce400000, 0x00000000ce400000| Untracked 
|  67|0x00000000ce500000, 0x00000000ce500000, 0x00000000ce600000|  0%| F|  |TAMS 0x00000000ce500000, 0x00000000ce500000| Untracked 
|  68|0x00000000ce600000, 0x00000000ce600000, 0x00000000ce700000|  0%| F|  |TAMS 0x00000000ce600000, 0x00000000ce600000| Untracked 
|  69|0x00000000ce700000, 0x00000000ce700000, 0x00000000ce800000|  0%| F|  |TAMS 0x00000000ce700000, 0x00000000ce700000| Untracked 
|  70|0x00000000ce800000, 0x00000000ce800000, 0x00000000ce900000|  0%| F|  |TAMS 0x00000000ce800000, 0x00000000ce800000| Untracked 
|  71|0x00000000ce900000, 0x00000000ce900000, 0x00000000cea00000|  0%| F|  |TAMS 0x00000000ce900000, 0x00000000ce900000| Untracked 
|  72|0x00000000cea00000, 0x00000000cea00000, 0x00000000ceb00000|  0%| F|  |TAMS 0x00000000cea00000, 0x00000000cea00000| Untracked 
|  73|0x00000000ceb00000, 0x00000000ceb00000, 0x00000000cec00000|  0%| F|  |TAMS 0x00000000ceb00000, 0x00000000ceb00000| Untracked 
|  74|0x00000000cec00000, 0x00000000cec00000, 0x00000000ced00000|  0%| F|  |TAMS 0x00000000cec00000, 0x00000000cec00000| Untracked 
|  75|0x00000000ced00000, 0x00000000ced00000, 0x00000000cee00000|  0%| F|  |TAMS 0x00000000ced00000, 0x00000000ced00000| Untracked 
|  76|0x00000000cee00000, 0x00000000cee00000, 0x00000000cef00000|  0%| F|  |TAMS 0x00000000cee00000, 0x00000000cee00000| Untracked 
|  77|0x00000000cef00000, 0x00000000cef00000, 0x00000000cf000000|  0%| F|  |TAMS 0x00000000cef00000, 0x00000000cef00000| Untracked 
|  78|0x00000000cf000000, 0x00000000cf000000, 0x00000000cf100000|  0%| F|  |TAMS 0x00000000cf000000, 0x00000000cf000000| Untracked 
|  79|0x00000000cf100000, 0x00000000cf100000, 0x00000000cf200000|  0%| F|  |TAMS 0x00000000cf100000, 0x00000000cf100000| Untracked 
|  80|0x00000000cf200000, 0x00000000cf200000, 0x00000000cf300000|  0%| F|  |TAMS 0x00000000cf200000, 0x00000000cf200000| Untracked 
|  81|0x00000000cf300000, 0x00000000cf300000, 0x00000000cf400000|  0%| F|  |TAMS 0x00000000cf300000, 0x00000000cf300000| Untracked 
|  82|0x00000000cf400000, 0x00000000cf400000, 0x00000000cf500000|  0%| F|  |TAMS 0x00000000cf400000, 0x00000000cf400000| Untracked 
|  83|0x00000000cf500000, 0x00000000cf500000, 0x00000000cf600000|  0%| F|  |TAMS 0x00000000cf500000, 0x00000000cf500000| Untracked 
|  84|0x00000000cf600000, 0x00000000cf600000, 0x00000000cf700000|  0%| F|  |TAMS 0x00000000cf600000, 0x00000000cf600000| Untracked 
|  85|0x00000000cf700000, 0x00000000cf700000, 0x00000000cf800000|  0%| F|  |TAMS 0x00000000cf700000, 0x00000000cf700000| Untracked 
|  86|0x00000000cf800000, 0x00000000cf800000, 0x00000000cf900000|  0%| F|  |TAMS 0x00000000cf800000, 0x00000000cf800000| Untracked 
|  87|0x00000000cf900000, 0x00000000cf900000, 0x00000000cfa00000|  0%| F|  |TAMS 0x00000000cf900000, 0x00000000cf900000| Untracked 
|  88|0x00000000cfa00000, 0x00000000cfa00000, 0x00000000cfb00000|  0%| F|  |TAMS 0x00000000cfa00000, 0x00000000cfa00000| Untracked 
|  89|0x00000000cfb00000, 0x00000000cfb00000, 0x00000000cfc00000|  0%| F|  |TAMS 0x00000000cfb00000, 0x00000000cfb00000| Untracked 
|  90|0x00000000cfc00000, 0x00000000cfc00000, 0x00000000cfd00000|  0%| F|  |TAMS 0x00000000cfc00000, 0x00000000cfc00000| Untracked 
|  91|0x00000000cfd00000, 0x00000000cfd00000, 0x00000000cfe00000|  0%| F|  |TAMS 0x00000000cfd00000, 0x00000000cfd00000| Untracked 
|  92|0x00000000cfe00000, 0x00000000cfe00000, 0x00000000cff00000|  0%| F|  |TAMS 0x00000000cfe00000, 0x00000000cfe00000| Untracked 
|  93|0x00000000cff00000, 0x00000000cff00000, 0x00000000d0000000|  0%| F|  |TAMS 0x00000000cff00000, 0x00000000cff00000| Untracked 
|  94|0x00000000d0000000, 0x00000000d0000000, 0x00000000d0100000|  0%| F|  |TAMS 0x00000000d0000000, 0x00000000d0000000| Untracked 
|  95|0x00000000d0100000, 0x00000000d0100000, 0x00000000d0200000|  0%| F|  |TAMS 0x00000000d0100000, 0x00000000d0100000| Untracked 
|  96|0x00000000d0200000, 0x00000000d0200000, 0x00000000d0300000|  0%| F|  |TAMS 0x00000000d0200000, 0x00000000d0200000| Untracked 
|  97|0x00000000d0300000, 0x00000000d0300000, 0x00000000d0400000|  0%| F|  |TAMS 0x00000000d0300000, 0x00000000d0300000| Untracked 
|  98|0x00000000d0400000, 0x00000000d0400000, 0x00000000d0500000|  0%| F|  |TAMS 0x00000000d0400000, 0x00000000d0400000| Untracked 
|  99|0x00000000d0500000, 0x00000000d0500000, 0x00000000d0600000|  0%| F|  |TAMS 0x00000000d0500000, 0x00000000d0500000| Untracked 
| 100|0x00000000d0600000, 0x00000000d0600000, 0x00000000d0700000|  0%| F|  |TAMS 0x00000000d0600000, 0x00000000d0600000| Untracked 
| 101|0x00000000d0700000, 0x00000000d0700000, 0x00000000d0800000|  0%| F|  |TAMS 0x00000000d0700000, 0x00000000d0700000| Untracked 
| 102|0x00000000d0800000, 0x00000000d0800000, 0x00000000d0900000|  0%| F|  |TAMS 0x00000000d0800000, 0x00000000d0800000| Untracked 
| 103|0x00000000d0900000, 0x00000000d0900000, 0x00000000d0a00000|  0%| F|  |TAMS 0x00000000d0900000, 0x00000000d0900000| Untracked 
| 104|0x00000000d0a00000, 0x00000000d0a00000, 0x00000000d0b00000|  0%| F|  |TAMS 0x00000000d0a00000, 0x00000000d0a00000| Untracked 
| 105|0x00000000d0b00000, 0x00000000d0b00000, 0x00000000d0c00000|  0%| F|  |TAMS 0x00000000d0b00000, 0x00000000d0b00000| Untracked 
| 106|0x00000000d0c00000, 0x00000000d0c00000, 0x00000000d0d00000|  0%| F|  |TAMS 0x00000000d0c00000, 0x00000000d0c00000| Untracked 
| 107|0x00000000d0d00000, 0x00000000d0d00000, 0x00000000d0e00000|  0%| F|  |TAMS 0x00000000d0d00000, 0x00000000d0d00000| Untracked 
| 108|0x00000000d0e00000, 0x00000000d0e00000, 0x00000000d0f00000|  0%| F|  |TAMS 0x00000000d0e00000, 0x00000000d0e00000| Untracked 
| 109|0x00000000d0f00000, 0x00000000d0f00000, 0x00000000d1000000|  0%| F|  |TAMS 0x00000000d0f00000, 0x00000000d0f00000| Untracked 
| 110|0x00000000d1000000, 0x00000000d1000000, 0x00000000d1100000|  0%| F|  |TAMS 0x00000000d1000000, 0x00000000d1000000| Untracked 
| 111|0x00000000d1100000, 0x00000000d1100000, 0x00000000d1200000|  0%| F|  |TAMS 0x00000000d1100000, 0x00000000d1100000| Untracked 
| 112|0x00000000d1200000, 0x00000000d1200000, 0x00000000d1300000|  0%| F|  |TAMS 0x00000000d1200000, 0x00000000d1200000| Untracked 
| 113|0x00000000d1300000, 0x00000000d1300000, 0x00000000d1400000|  0%| F|  |TAMS 0x00000000d1300000, 0x00000000d1300000| Untracked 
| 114|0x00000000d1400000, 0x00000000d1400000, 0x00000000d1500000|  0%| F|  |TAMS 0x00000000d1400000, 0x00000000d1400000| Untracked 
| 115|0x00000000d1500000, 0x00000000d1500000, 0x00000000d1600000|  0%| F|  |TAMS 0x00000000d1500000, 0x00000000d1500000| Untracked 
| 116|0x00000000d1600000, 0x00000000d1600000, 0x00000000d1700000|  0%| F|  |TAMS 0x00000000d1600000, 0x00000000d1600000| Untracked 
| 117|0x00000000d1700000, 0x00000000d1700000, 0x00000000d1800000|  0%| F|  |TAMS 0x00000000d1700000, 0x00000000d1700000| Untracked 
| 118|0x00000000d1800000, 0x00000000d1800000, 0x00000000d1900000|  0%| F|  |TAMS 0x00000000d1800000, 0x00000000d1800000| Untracked 
| 119|0x00000000d1900000, 0x00000000d1900000, 0x00000000d1a00000|  0%| F|  |TAMS 0x00000000d1900000, 0x00000000d1900000| Untracked 
| 120|0x00000000d1a00000, 0x00000000d1a00000, 0x00000000d1b00000|  0%| F|  |TAMS 0x00000000d1a00000, 0x00000000d1a00000| Untracked 
| 121|0x00000000d1b00000, 0x00000000d1b00000, 0x00000000d1c00000|  0%| F|  |TAMS 0x00000000d1b00000, 0x00000000d1b00000| Untracked 
| 122|0x00000000d1c00000, 0x00000000d1c00000, 0x00000000d1d00000|  0%| F|  |TAMS 0x00000000d1c00000, 0x00000000d1c00000| Untracked 
| 123|0x00000000d1d00000, 0x00000000d1d00000, 0x00000000d1e00000|  0%| F|  |TAMS 0x00000000d1d00000, 0x00000000d1d00000| Untracked 
| 124|0x00000000d1e00000, 0x00000000d1e00000, 0x00000000d1f00000|  0%| F|  |TAMS 0x00000000d1e00000, 0x00000000d1e00000| Untracked 
| 125|0x00000000d1f00000, 0x00000000d1f00000, 0x00000000d2000000|  0%| F|  |TAMS 0x00000000d1f00000, 0x00000000d1f00000| Untracked 
| 126|0x00000000d2000000, 0x00000000d2000000, 0x00000000d2100000|  0%| F|  |TAMS 0x00000000d2000000, 0x00000000d2000000| Untracked 
| 127|0x00000000d2100000, 0x00000000d2100000, 0x00000000d2200000|  0%| F|  |TAMS 0x00000000d2100000, 0x00000000d2100000| Untracked 
| 128|0x00000000d2200000, 0x00000000d2200000, 0x00000000d2300000|  0%| F|  |TAMS 0x00000000d2200000, 0x00000000d2200000| Untracked 
| 129|0x00000000d2300000, 0x00000000d2300000, 0x00000000d2400000|  0%| F|  |TAMS 0x00000000d2300000, 0x00000000d2300000| Untracked 
| 130|0x00000000d2400000, 0x00000000d2400000, 0x00000000d2500000|  0%| F|  |TAMS 0x00000000d2400000, 0x00000000d2400000| Untracked 
| 131|0x00000000d2500000, 0x00000000d2500000, 0x00000000d2600000|  0%| F|  |TAMS 0x00000000d2500000, 0x00000000d2500000| Untracked 
| 132|0x00000000d2600000, 0x00000000d2600000, 0x00000000d2700000|  0%| F|  |TAMS 0x00000000d2600000, 0x00000000d2600000| Untracked 
| 133|0x00000000d2700000, 0x00000000d2700000, 0x00000000d2800000|  0%| F|  |TAMS 0x00000000d2700000, 0x00000000d2700000| Untracked 
| 134|0x00000000d2800000, 0x00000000d2800000, 0x00000000d2900000|  0%| F|  |TAMS 0x00000000d2800000, 0x00000000d2800000| Untracked 
| 135|0x00000000d2900000, 0x00000000d2a00000, 0x00000000d2a00000|100%| E|  |TAMS 0x00000000d2900000, 0x00000000d2900000| Complete 
| 136|0x00000000d2a00000, 0x00000000d2b00000, 0x00000000d2b00000|100%| E|CS|TAMS 0x00000000d2a00000, 0x00000000d2a00000| Complete 
| 137|0x00000000d2b00000, 0x00000000d2c00000, 0x00000000d2c00000|100%| E|CS|TAMS 0x00000000d2b00000, 0x00000000d2b00000| Complete 
| 138|0x00000000d2c00000, 0x00000000d2d00000, 0x00000000d2d00000|100%| E|CS|TAMS 0x00000000d2c00000, 0x00000000d2c00000| Complete 
| 139|0x00000000d2d00000, 0x00000000d2e00000, 0x00000000d2e00000|100%| E|CS|TAMS 0x00000000d2d00000, 0x00000000d2d00000| Complete 
| 140|0x00000000d2e00000, 0x00000000d2f00000, 0x00000000d2f00000|100%| E|CS|TAMS 0x00000000d2e00000, 0x00000000d2e00000| Complete 
| 141|0x00000000d2f00000, 0x00000000d3000000, 0x00000000d3000000|100%| E|CS|TAMS 0x00000000d2f00000, 0x00000000d2f00000| Complete 
| 142|0x00000000d3000000, 0x00000000d3100000, 0x00000000d3100000|100%| E|CS|TAMS 0x00000000d3000000, 0x00000000d3000000| Complete 
| 143|0x00000000d3100000, 0x00000000d3200000, 0x00000000d3200000|100%| E|CS|TAMS 0x00000000d3100000, 0x00000000d3100000| Complete 
| 144|0x00000000d3200000, 0x00000000d3300000, 0x00000000d3300000|100%| E|CS|TAMS 0x00000000d3200000, 0x00000000d3200000| Complete 
| 145|0x00000000d3300000, 0x00000000d3400000, 0x00000000d3400000|100%| E|CS|TAMS 0x00000000d3300000, 0x00000000d3300000| Complete 
| 146|0x00000000d3400000, 0x00000000d3500000, 0x00000000d3500000|100%| E|CS|TAMS 0x00000000d3400000, 0x00000000d3400000| Complete 
| 147|0x00000000d3500000, 0x00000000d3600000, 0x00000000d3600000|100%| E|CS|TAMS 0x00000000d3500000, 0x00000000d3500000| Complete 
| 148|0x00000000d3600000, 0x00000000d3700000, 0x00000000d3700000|100%| E|CS|TAMS 0x00000000d3600000, 0x00000000d3600000| Complete 
| 149|0x00000000d3700000, 0x00000000d3800000, 0x00000000d3800000|100%| E|CS|TAMS 0x00000000d3700000, 0x00000000d3700000| Complete 
| 150|0x00000000d3800000, 0x00000000d3900000, 0x00000000d3900000|100%| E|CS|TAMS 0x00000000d3800000, 0x00000000d3800000| Complete 
| 151|0x00000000d3900000, 0x00000000d3a00000, 0x00000000d3a00000|100%| E|CS|TAMS 0x00000000d3900000, 0x00000000d3900000| Complete 
| 152|0x00000000d3a00000, 0x00000000d3b00000, 0x00000000d3b00000|100%| E|CS|TAMS 0x00000000d3a00000, 0x00000000d3a00000| Complete 
| 153|0x00000000d3b00000, 0x00000000d3c00000, 0x00000000d3c00000|100%| E|CS|TAMS 0x00000000d3b00000, 0x00000000d3b00000| Complete 
| 154|0x00000000d3c00000, 0x00000000d3d00000, 0x00000000d3d00000|100%| E|CS|TAMS 0x00000000d3c00000, 0x00000000d3c00000| Complete 
| 155|0x00000000d3d00000, 0x00000000d3e00000, 0x00000000d3e00000|100%| E|CS|TAMS 0x00000000d3d00000, 0x00000000d3d00000| Complete 
| 156|0x00000000d3e00000, 0x00000000d3f00000, 0x00000000d3f00000|100%| E|CS|TAMS 0x00000000d3e00000, 0x00000000d3e00000| Complete 
| 157|0x00000000d3f00000, 0x00000000d4000000, 0x00000000d4000000|100%| E|CS|TAMS 0x00000000d3f00000, 0x00000000d3f00000| Complete 
| 158|0x00000000d4000000, 0x00000000d4100000, 0x00000000d4100000|100%| E|CS|TAMS 0x00000000d4000000, 0x00000000d4000000| Complete 
| 159|0x00000000d4100000, 0x00000000d4200000, 0x00000000d4200000|100%| E|CS|TAMS 0x00000000d4100000, 0x00000000d4100000| Complete 
| 160|0x00000000d4200000, 0x00000000d4300000, 0x00000000d4300000|100%| E|CS|TAMS 0x00000000d4200000, 0x00000000d4200000| Complete 
| 161|0x00000000d4300000, 0x00000000d4400000, 0x00000000d4400000|100%| E|CS|TAMS 0x00000000d4300000, 0x00000000d4300000| Complete 
| 162|0x00000000d4400000, 0x00000000d4500000, 0x00000000d4500000|100%| E|CS|TAMS 0x00000000d4400000, 0x00000000d4400000| Complete 
| 163|0x00000000d4500000, 0x00000000d4600000, 0x00000000d4600000|100%| E|CS|TAMS 0x00000000d4500000, 0x00000000d4500000| Complete 
| 181|0x00000000d5700000, 0x00000000d576fc30, 0x00000000d5800000| 43%| S|CS|TAMS 0x00000000d5700000, 0x00000000d5700000| Complete 
| 182|0x00000000d5800000, 0x00000000d5900000, 0x00000000d5900000|100%| S|CS|TAMS 0x00000000d5800000, 0x00000000d5800000| Complete 
| 183|0x00000000d5900000, 0x00000000d5a00000, 0x00000000d5a00000|100%| E|CS|TAMS 0x00000000d5900000, 0x00000000d5900000| Complete 

Card table byte_map: [0x000002329c860000,0x000002329ca10000] _byte_map_base: 0x000002329c20f000

Marking Bits (Prev, Next): (CMBitMap*) 0x000002328a3b9a30, (CMBitMap*) 0x000002328a3b99f0
 Prev Bits: [0x000002329d940000, 0x000002329e6b8000)
 Next Bits: [0x000002329cbc0000, 0x000002329d938000)

Polling page: 0x0000023288510000

Metaspace:

Usage:
  Non-class:     55.22 MB used.
      Class:      7.51 MB used.
       Both:     62.73 MB used.

Virtual space:
  Non-class space:       64.00 MB reserved,      55.38 MB ( 87%) committed,  1 nodes.
      Class space:        1.00 GB reserved,       7.62 MB ( <1%) committed,  1 nodes.
             Both:        1.06 GB reserved,      63.00 MB (  6%) committed. 

Chunk freelists:
   Non-Class:  7.77 MB
       Class:  8.39 MB
        Both:  16.16 MB

MaxMetaspaceSize: unlimited
CompressedClassSpaceSize: 1.00 GB
Initial GC threshold: 21.00 MB
Current GC threshold: 86.50 MB
CDS: off
MetaspaceReclaimPolicy: balanced
 - commit_granule_bytes: 65536.
 - commit_granule_words: 8192.
 - virtual_space_node_default_size: 8388608.
 - enlarge_chunks_in_place: 1.
 - new_chunks_are_fully_committed: 0.
 - uncommit_free_chunks: 1.
 - use_allocation_guard: 0.
 - handle_deallocations: 1.


Internal statistics:

num_allocs_failed_limit: 3.
num_arena_births: 278.
num_arena_deaths: 0.
num_vsnodes_births: 2.
num_vsnodes_deaths: 0.
num_space_committed: 1006.
num_space_uncommitted: 0.
num_chunks_returned_to_freelist: 3.
num_chunks_taken_from_freelist: 2275.
num_chunk_merges: 3.
num_chunk_splits: 1851.
num_chunks_enlarged: 1645.
num_inconsistent_stats: 0.

CodeHeap 'non-profiled nmethods': size=120000Kb used=2475Kb max_used=2475Kb free=117525Kb
 bounds [0x0000023295330000, 0x00000232955a0000, 0x000002329c860000]
CodeHeap 'profiled nmethods': size=120000Kb used=14681Kb max_used=14681Kb free=105319Kb
 bounds [0x000002328d860000, 0x000002328e6c0000, 0x0000023294d90000]
CodeHeap 'non-nmethods': size=5760Kb used=1335Kb max_used=1340Kb free=4424Kb
 bounds [0x0000023294d90000, 0x0000023295000000, 0x0000023295330000]
 total_blobs=7209 nmethods=6554 adapters=566
 compilation: enabled
              stopped_count=0, restarted_count=0
 full_count=0

Compilation events (20 events):
Event: 7.396 Thread 0x00000232a0cdbef0 7535       2       org.jetbrains.kotlin.serialization.deserialization.ProtoContainer::<init> (20 bytes)
Event: 7.396 Thread 0x00000232a0cdbef0 nmethod 7535 0x000002328e6ac810 code [0x000002328e6ac9a0, 0x000002328e6acbb8]
Event: 7.396 Thread 0x00000232a0cdbef0 7536       1       org.jetbrains.kotlin.serialization.deserialization.DeserializationComponents::getClassDataFinder (5 bytes)
Event: 7.396 Thread 0x00000232a0cdbef0 nmethod 7536 0x0000023295599710 code [0x00000232955998a0, 0x0000023295599978]
Event: 7.397 Thread 0x00000232a0cdbef0 7537       2       org.jetbrains.kotlin.metadata.ProtoBuf$PackageFragment::getClass_ (14 bytes)
Event: 7.398 Thread 0x00000232a0cdbef0 nmethod 7537 0x000002328e6acc90 code [0x000002328e6ace40, 0x000002328e6acfa8]
Event: 7.399 Thread 0x00000232a0cdbef0 7538       2       org.jetbrains.kotlin.metadata.ProtoBuf$Class$1::parsePartialFrom (7 bytes)
Event: 7.400 Thread 0x00000232a0cdbef0 nmethod 7538 0x000002328e6ad090 code [0x000002328e6ad220, 0x000002328e6ad348]
Event: 7.400 Thread 0x00000232a0cdbef0 7539       2       org.jetbrains.kotlin.metadata.ProtoBuf$Class$1::parsePartialFrom (11 bytes)
Event: 7.400 Thread 0x00000232a0cdbef0 nmethod 7539 0x000002328e6ad410 code [0x000002328e6ad5a0, 0x000002328e6ad728]
Event: 7.400 Thread 0x00000232a0cdbef0 7540       2       org.jetbrains.kotlin.metadata.ProtoBuf$Class::<init> (7 bytes)
Event: 7.400 Thread 0x00000232a0cdbef0 nmethod 7540 0x000002328e6ad810 code [0x000002328e6ad9a0, 0x000002328e6adac8]
Event: 7.404 Thread 0x00000232a0cdbef0 7541       2       org.jetbrains.kotlin.descriptors.impl.AbstractTypeParameterDescriptor::<init> (136 bytes)
Event: 7.404 Thread 0x00000232a0cdbef0 nmethod 7541 0x000002328e6adb90 code [0x000002328e6addc0, 0x000002328e6ae518]
Event: 7.404 Thread 0x00000232a0cdbef0 7542       2       org.jetbrains.kotlin.descriptors.impl.AbstractTypeParameterDescriptor$1::<init> (20 bytes)
Event: 7.404 Thread 0x00000232a0cdbef0 nmethod 7542 0x000002328e6ae790 code [0x000002328e6ae920, 0x000002328e6aeb38]
Event: 7.406 Thread 0x00000232a0cdbef0 7543       2       org.jetbrains.kotlin.descriptors.FindClassInModuleKt::findClassAcrossModuleDependencies (34 bytes)
Event: 7.406 Thread 0x00000232a0cdbef0 nmethod 7543 0x000002328e6aec10 code [0x000002328e6aee40, 0x000002328e6af348]
Event: 7.406 Thread 0x00000232a0cdbef0 7544       2       org.jetbrains.kotlin.serialization.deserialization.ClassData::<init> (51 bytes)
Event: 7.407 Thread 0x00000232a0cdbef0 nmethod 7544 0x000002328e6af690 code [0x000002328e6af940, 0x000002328e6b0238]

GC Heap History (20 events):
Event: 3.673 GC heap before
{Heap before GC invocations=15 (full 0):
 garbage-first heap   total 52224K, used 29565K [0x00000000ca200000, 0x0000000100000000)
  region size 1024K, 3 young (3072K), 2 survivors (2048K)
 Metaspace       used 47812K, committed 48064K, reserved 1114112K
  class space    used 5841K, committed 5952K, reserved 1048576K
}
Event: 3.678 GC heap after
{Heap after GC invocations=16 (full 0):
 garbage-first heap   total 63488K, used 29138K [0x00000000ca200000, 0x0000000100000000)
  region size 1024K, 1 young (1024K), 1 survivors (1024K)
 Metaspace       used 47812K, committed 48064K, reserved 1114112K
  class space    used 5841K, committed 5952K, reserved 1048576K
}
Event: 4.055 GC heap before
{Heap before GC invocations=16 (full 0):
 garbage-first heap   total 63488K, used 47570K [0x00000000ca200000, 0x0000000100000000)
  region size 1024K, 19 young (19456K), 1 survivors (1024K)
 Metaspace       used 49991K, committed 50240K, reserved 1114112K
  class space    used 6093K, committed 6208K, reserved 1048576K
}
Event: 4.062 GC heap after
{Heap after GC invocations=17 (full 0):
 garbage-first heap   total 63488K, used 33102K [0x00000000ca200000, 0x0000000100000000)
  region size 1024K, 3 young (3072K), 3 survivors (3072K)
 Metaspace       used 49991K, committed 50240K, reserved 1114112K
  class space    used 6093K, committed 6208K, reserved 1048576K
}
Event: 4.289 GC heap before
{Heap before GC invocations=18 (full 0):
 garbage-first heap   total 63488K, used 46414K [0x00000000ca200000, 0x0000000100000000)
  region size 1024K, 17 young (17408K), 3 survivors (3072K)
 Metaspace       used 51140K, committed 51456K, reserved 1114112K
  class space    used 6243K, committed 6400K, reserved 1048576K
}
Event: 4.297 GC heap after
{Heap after GC invocations=19 (full 0):
 garbage-first heap   total 63488K, used 36800K [0x00000000ca200000, 0x0000000100000000)
  region size 1024K, 3 young (3072K), 3 survivors (3072K)
 Metaspace       used 51140K, committed 51456K, reserved 1114112K
  class space    used 6243K, committed 6400K, reserved 1048576K
}
Event: 4.423 GC heap before
{Heap before GC invocations=19 (full 0):
 garbage-first heap   total 63488K, used 48064K [0x00000000ca200000, 0x0000000100000000)
  region size 1024K, 15 young (15360K), 3 survivors (3072K)
 Metaspace       used 51313K, committed 51584K, reserved 1114112K
  class space    used 6252K, committed 6400K, reserved 1048576K
}
Event: 4.429 GC heap after
{Heap after GC invocations=20 (full 0):
 garbage-first heap   total 63488K, used 39184K [0x00000000ca200000, 0x0000000100000000)
  region size 1024K, 2 young (2048K), 2 survivors (2048K)
 Metaspace       used 51313K, committed 51584K, reserved 1114112K
  class space    used 6252K, committed 6400K, reserved 1048576K
}
Event: 4.628 GC heap before
{Heap before GC invocations=21 (full 0):
 garbage-first heap   total 68608K, used 47376K [0x00000000ca200000, 0x0000000100000000)
  region size 1024K, 11 young (11264K), 2 survivors (2048K)
 Metaspace       used 51404K, committed 51712K, reserved 1114112K
  class space    used 6252K, committed 6400K, reserved 1048576K
}
Event: 4.631 GC heap after
{Heap after GC invocations=22 (full 0):
 garbage-first heap   total 68608K, used 40711K [0x00000000ca200000, 0x0000000100000000)
  region size 1024K, 2 young (2048K), 2 survivors (2048K)
 Metaspace       used 51404K, committed 51712K, reserved 1114112K
  class space    used 6252K, committed 6400K, reserved 1048576K
}
Event: 4.663 GC heap before
{Heap before GC invocations=22 (full 0):
 garbage-first heap   total 68608K, used 52999K [0x00000000ca200000, 0x0000000100000000)
  region size 1024K, 14 young (14336K), 2 survivors (2048K)
 Metaspace       used 51413K, committed 51712K, reserved 1114112K
  class space    used 6252K, committed 6400K, reserved 1048576K
}
Event: 4.669 GC heap after
{Heap after GC invocations=23 (full 0):
 garbage-first heap   total 68608K, used 44032K [0x00000000ca200000, 0x0000000100000000)
  region size 1024K, 2 young (2048K), 2 survivors (2048K)
 Metaspace       used 51413K, committed 51712K, reserved 1114112K
  class space    used 6252K, committed 6400K, reserved 1048576K
}
Event: 4.702 GC heap before
{Heap before GC invocations=24 (full 0):
 garbage-first heap   total 80896K, used 54272K [0x00000000ca200000, 0x0000000100000000)
  region size 1024K, 12 young (12288K), 2 survivors (2048K)
 Metaspace       used 51424K, committed 51712K, reserved 1114112K
  class space    used 6252K, committed 6400K, reserved 1048576K
}
Event: 4.705 GC heap after
{Heap after GC invocations=25 (full 0):
 garbage-first heap   total 80896K, used 44846K [0x00000000ca200000, 0x0000000100000000)
  region size 1024K, 1 young (1024K), 1 survivors (1024K)
 Metaspace       used 51424K, committed 51712K, reserved 1114112K
  class space    used 6252K, committed 6400K, reserved 1048576K
}
Event: 4.880 GC heap before
{Heap before GC invocations=25 (full 0):
 garbage-first heap   total 80896K, used 62254K [0x00000000ca200000, 0x0000000100000000)
  region size 1024K, 18 young (18432K), 1 survivors (1024K)
 Metaspace       used 52495K, committed 52736K, reserved 1114112K
  class space    used 6393K, committed 6528K, reserved 1048576K
}
Event: 4.887 GC heap after
{Heap after GC invocations=26 (full 0):
 garbage-first heap   total 188416K, used 47156K [0x00000000ca200000, 0x0000000100000000)
  region size 1024K, 3 young (3072K), 3 survivors (3072K)
 Metaspace       used 52495K, committed 52736K, reserved 1114112K
  class space    used 6393K, committed 6528K, reserved 1048576K
}
Event: 6.633 GC heap before
{Heap before GC invocations=27 (full 0):
 garbage-first heap   total 171008K, used 132148K [0x00000000ca200000, 0x0000000100000000)
  region size 1024K, 86 young (88064K), 3 survivors (3072K)
 Metaspace       used 59038K, committed 59328K, reserved 1114112K
  class space    used 6996K, committed 7168K, reserved 1048576K
}
Event: 6.653 GC heap after
{Heap after GC invocations=28 (full 0):
 garbage-first heap   total 171008K, used 59211K [0x00000000ca200000, 0x0000000100000000)
  region size 1024K, 11 young (11264K), 11 survivors (11264K)
 Metaspace       used 59038K, committed 59328K, reserved 1114112K
  class space    used 6996K, committed 7168K, reserved 1048576K
}
Event: 6.700 GC heap before
{Heap before GC invocations=28 (full 0):
 garbage-first heap   total 171008K, used 60235K [0x00000000ca200000, 0x0000000100000000)
  region size 1024K, 12 young (12288K), 11 survivors (11264K)
 Metaspace       used 59058K, committed 59328K, reserved 1114112K
  class space    used 6997K, committed 7168K, reserved 1048576K
}
Event: 6.709 GC heap after
{Heap after GC invocations=29 (full 0):
 garbage-first heap   total 171008K, used 60691K [0x00000000ca200000, 0x0000000100000000)
  region size 1024K, 2 young (2048K), 2 survivors (2048K)
 Metaspace       used 59058K, committed 59328K, reserved 1114112K
  class space    used 6997K, committed 7168K, reserved 1048576K
}

Dll operation events (2 events):
Event: 0.008 Loaded shared library C:\Program Files\Android\Android Studio\jbr\bin\java.dll
Event: 1.839 Loaded shared library C:\Program Files\Android\Android Studio\jbr\bin\verify.dll

Deoptimization events (20 events):
Event: 7.115 Thread 0x000002328a382450 Uncommon trap: trap_request=0xffffffc6 fr.pc=0x000002329548e268 relative=0x0000000000000d08
Event: 7.115 Thread 0x000002328a382450 Uncommon trap: reason=bimorphic_or_optimized_type_check action=maybe_recompile pc=0x000002329548e268 method=gnu.trove.TObjectHash.insertionIndex(Ljava/lang/Object;)I @ 30 c2
Event: 7.115 Thread 0x000002328a382450 DEOPT PACKING pc=0x000002329548e268 sp=0x00000042554fc780
Event: 7.115 Thread 0x000002328a382450 DEOPT UNPACKING pc=0x0000023294de69a3 sp=0x00000042554fc710 mode 2
Event: 7.166 Thread 0x000002328a382450 Uncommon trap: trap_request=0xffffff45 fr.pc=0x000002329545c200 relative=0x0000000000000300
Event: 7.166 Thread 0x000002328a382450 Uncommon trap: reason=unstable_if action=reinterpret pc=0x000002329545c200 method=org.jetbrains.kotlin.parsing.SemanticWhitespaceAwarePsiBuilderImpl.getJoinedTokenType(Lorg/jetbrains/kotlin/com/intellij/psi/tree/IElementType;I)Lorg/jetbrains/kotlin/com/in
Event: 7.166 Thread 0x000002328a382450 DEOPT PACKING pc=0x000002329545c200 sp=0x00000042554fbd10
Event: 7.167 Thread 0x000002328a382450 DEOPT UNPACKING pc=0x0000023294de69a3 sp=0x00000042554fbc28 mode 2
Event: 7.241 Thread 0x000002328a382450 Uncommon trap: trap_request=0xffffff45 fr.pc=0x00000232954c3b84 relative=0x0000000000000644
Event: 7.241 Thread 0x000002328a382450 Uncommon trap: reason=unstable_if action=reinterpret pc=0x00000232954c3b84 method=java.lang.String.replace(CC)Ljava/lang/String; @ 2 c2
Event: 7.241 Thread 0x000002328a382450 DEOPT PACKING pc=0x00000232954c3b84 sp=0x00000042554fae80
Event: 7.241 Thread 0x000002328a382450 DEOPT UNPACKING pc=0x0000023294de69a3 sp=0x00000042554fae30 mode 2
Event: 7.252 Thread 0x000002328a382450 Uncommon trap: trap_request=0xffffff45 fr.pc=0x000002329545e5a4 relative=0x0000000000000f84
Event: 7.252 Thread 0x000002328a382450 Uncommon trap: reason=unstable_if action=reinterpret pc=0x000002329545e5a4 method=org.jetbrains.kotlin.lexer._JetLexer.advance()Lorg/jetbrains/kotlin/com/intellij/psi/tree/IElementType; @ 403 c2
Event: 7.252 Thread 0x000002328a382450 DEOPT PACKING pc=0x000002329545e5a4 sp=0x00000042554fcc60
Event: 7.252 Thread 0x000002328a382450 DEOPT UNPACKING pc=0x0000023294de69a3 sp=0x00000042554fcc08 mode 2
Event: 7.267 Thread 0x000002328a382450 Uncommon trap: trap_request=0xffffff45 fr.pc=0x0000023295557cc8 relative=0x00000000000003a8
Event: 7.267 Thread 0x000002328a382450 Uncommon trap: reason=unstable_if action=reinterpret pc=0x0000023295557cc8 method=kotlin.LazyKt__LazyJVMKt.lazy(Lkotlin/LazyThreadSafetyMode;Lkotlin/jvm/functions/Function0;)Lkotlin/Lazy; @ 21 c2
Event: 7.267 Thread 0x000002328a382450 DEOPT PACKING pc=0x0000023295557cc8 sp=0x00000042554fde60
Event: 7.267 Thread 0x000002328a382450 DEOPT UNPACKING pc=0x0000023294de69a3 sp=0x00000042554fde20 mode 2

Classes unloaded (0 events):
No events

Classes redefined (0 events):
No events

Internal exceptions (20 events):
Event: 3.586 Thread 0x000002328a382450 Exception <a 'java/lang/NoSuchMethodError'{0x00000000cca510d8}: 'java.lang.Object java.lang.invoke.DirectMethodHandle$Holder.newInvokeSpecial(java.lang.Object, java.lang.Object, java.lang.Object, int)'> (0x00000000cca510d8) 
thrown [s\src\hotspot\share\interpreter\linkResolver.cpp, line 771]
Event: 3.586 Thread 0x000002328a382450 Exception <a 'java/lang/NoSuchMethodError'{0x00000000cca55760}: 'java.lang.Object java.lang.invoke.DirectMethodHandle$Holder.invokeSpecial(java.lang.Object, java.lang.Object, java.lang.Object, java.lang.Object, int)'> (0x00000000cca55760) 
thrown [s\src\hotspot\share\interpreter\linkResolver.cpp, line 771]
Event: 3.586 Thread 0x000002328a382450 Exception <a 'java/lang/NoSuchMethodError'{0x00000000cca595d0}: 'java.lang.Object java.lang.invoke.Invokers$Holder.linkToTargetMethod(java.lang.Object, java.lang.Object, int, java.lang.Object)'> (0x00000000cca595d0) 
thrown [s\src\hotspot\share\interpreter\linkResolver.cpp, line 771]
Event: 4.834 Thread 0x000002328a382450 Exception <a 'java/lang/NoSuchMethodError'{0x00000000ce8f97a0}: 'java.lang.Object java.lang.invoke.DirectMethodHandle$Holder.newInvokeSpecial(java.lang.Object, java.lang.Object, java.lang.Object, java.lang.Object, java.lang.Object, java.lang.Object)'> (0x00000000ce8f97a0) 
thrown [s\src\hotspot\share\interpreter\linkResolver.cpp, line 771]
Event: 5.037 Thread 0x000002328a382450 Exception <a 'java/lang/NoSuchMethodError'{0x00000000d400b970}: 'java.lang.Object java.lang.invoke.DirectMethodHandle$Holder.invokeStaticInit(java.lang.Object, java.lang.Object, java.lang.Object)'> (0x00000000d400b970) 
thrown [s\src\hotspot\share\interpreter\linkResolver.cpp, line 771]
Event: 5.461 Thread 0x000002328a382450 Implicit null exception at 0x0000023295379af1 to 0x0000023295379cd8
Event: 5.461 Thread 0x000002328a382450 Implicit null exception at 0x000002329538ab8f to 0x000002329538ac05
Event: 5.572 Thread 0x000002328a382450 Exception <a 'java/lang/NoSuchMethodError'{0x00000000d255b4f0}: 'java.lang.Object java.lang.invoke.DirectMethodHandle$Holder.newInvokeSpecial(java.lang.Object, int, java.lang.Object)'> (0x00000000d255b4f0) 
thrown [s\src\hotspot\share\interpreter\linkResolver.cpp, line 771]
Event: 5.573 Thread 0x000002328a382450 Exception <a 'java/lang/NoSuchMethodError'{0x00000000d2561b50}: 'int java.lang.invoke.DirectMethodHandle$Holder.invokeInterface(java.lang.Object, java.lang.Object)'> (0x00000000d2561b50) 
thrown [s\src\hotspot\share\interpreter\linkResolver.cpp, line 771]
Event: 5.941 Thread 0x000002328a382450 Exception <a 'java/lang/NoSuchMethodError'{0x00000000d0d08c30}: 'java.lang.Object java.lang.invoke.DirectMethodHandle$Holder.newInvokeSpecial(java.lang.Object, java.lang.Object, java.lang.Object, java.lang.Object, java.lang.Object, java.lang.Object, java.lang.Object, java.lang.Object)'> (0x00000000d0d08c30) 
thrown [s\src\hotspot\share\interpreter\linkResolver.cpp, line 771]
Event: 5.942 Thread 0x000002328a382450 Exception <a 'java/lang/NoSuchMethodError'{0x00000000d0d0e248}: 'java.lang.Object java.lang.invoke.DirectMethodHandle$Holder.invokeSpecial(java.lang.Object, java.lang.Object, java.lang.Object, java.lang.Object, java.lang.Object, java.lang.Object, java.lang.Object, java.lang.Object, java.lang.Object)'> (0x00000000d0d0e248) 
thrown [s\src\hotspot\share\interpreter\linkResolver.cpp, line 771]
Event: 5.942 Thread 0x000002328a382450 Exception <a 'java/lang/NoSuchMethodError'{0x00000000d0d13178}: 'java.lang.Object java.lang.invoke.Invokers$Holder.linkToTargetMethod(java.lang.Object, java.lang.Object, java.lang.Object, java.lang.Object, java.lang.Object, java.lang.Object, java.lang.Object, java.lang.Object)'> (0x00000000d0d13178) 
thrown [s\src\hotspot\share\interpreter\linkResolver.cpp, line 771]
Event: 6.246 Thread 0x000002328a382450 Exception <a 'java/lang/NoSuchMethodError'{0x00000000d045ff70}: 'java.lang.Object java.lang.invoke.DirectMethodHandle$Holder.invokeInterface(java.lang.Object, java.lang.Object, java.lang.Object)'> (0x00000000d045ff70) 
thrown [s\src\hotspot\share\interpreter\linkResolver.cpp, line 771]
Event: 6.247 Thread 0x000002328a382450 Exception <a 'java/lang/IncompatibleClassChangeError'{0x00000000d0463e30}: Found class java.lang.Object, but interface was expected> (0x00000000d0463e30) 
thrown [s\src\hotspot\share\interpreter\linkResolver.cpp, line 838]
Event: 6.883 Thread 0x000002328a382450 Exception <a 'java/lang/NoSuchMethodError'{0x00000000d42a8d28}: 'java.lang.Object java.lang.invoke.DirectMethodHandle$Holder.invokeStatic(java.lang.Object, java.lang.Object, java.lang.Object, java.lang.Object, int)'> (0x00000000d42a8d28) 
thrown [s\src\hotspot\share\interpreter\linkResolver.cpp, line 771]
Event: 6.885 Thread 0x000002328a382450 Exception <a 'java/lang/NoSuchMethodError'{0x00000000d42b2918}: 'java.lang.Object java.lang.invoke.DirectMethodHandle$Holder.newInvokeSpecial(java.lang.Object, java.lang.Object, java.lang.Object, java.lang.Object, int)'> (0x00000000d42b2918) 
thrown [s\src\hotspot\share\interpreter\linkResolver.cpp, line 771]
Event: 6.886 Thread 0x000002328a382450 Exception <a 'java/lang/NoSuchMethodError'{0x00000000d42ba9e8}: 'java.lang.Object java.lang.invoke.Invokers$Holder.linkToTargetMethod(java.lang.Object, java.lang.Object, java.lang.Object, int, java.lang.Object)'> (0x00000000d42ba9e8) 
thrown [s\src\hotspot\share\interpreter\linkResolver.cpp, line 771]
Event: 6.955 Thread 0x000002328a382450 Exception <a 'java/lang/NoSuchMethodError'{0x00000000d3fb19c0}: 'void java.lang.invoke.DirectMethodHandle$Holder.invokeInterface(java.lang.Object, java.lang.Object)'> (0x00000000d3fb19c0) 
thrown [s\src\hotspot\share\interpreter\linkResolver.cpp, line 771]
Event: 6.992 Thread 0x000002328a382450 Exception <a 'java/lang/NoSuchMethodError'{0x00000000d3ed5160}: 'void java.lang.invoke.DirectMethodHandle$Holder.invokeSpecial(java.lang.Object, java.lang.Object, int, java.lang.Object)'> (0x00000000d3ed5160) 
thrown [s\src\hotspot\share\interpreter\linkResolver.cpp, line 771]
Event: 7.077 Thread 0x000002328a382450 Exception <a 'java/lang/NoSuchMethodError'{0x00000000d3b51af8}: 'int java.lang.invoke.DirectMethodHandle$Holder.invokeStaticInit(java.lang.Object, int)'> (0x00000000d3b51af8) 
thrown [s\src\hotspot\share\interpreter\linkResolver.cpp, line 771]

VM Operations (20 events):
Event: 6.935 Executing VM operation: HandshakeAllThreads
Event: 6.935 Executing VM operation: HandshakeAllThreads done
Event: 6.945 Executing VM operation: HandshakeAllThreads
Event: 6.945 Executing VM operation: HandshakeAllThreads done
Event: 6.950 Executing VM operation: HandshakeAllThreads
Event: 6.950 Executing VM operation: HandshakeAllThreads done
Event: 6.983 Executing VM operation: HandshakeAllThreads
Event: 6.983 Executing VM operation: HandshakeAllThreads done
Event: 7.060 Executing VM operation: ICBufferFull
Event: 7.060 Executing VM operation: ICBufferFull done
Event: 7.080 Executing VM operation: HandshakeAllThreads
Event: 7.080 Executing VM operation: HandshakeAllThreads done
Event: 7.243 Executing VM operation: ICBufferFull
Event: 7.243 Executing VM operation: ICBufferFull done
Event: 7.266 Executing VM operation: HandshakeAllThreads
Event: 7.266 Executing VM operation: HandshakeAllThreads done
Event: 7.294 Executing VM operation: HandshakeAllThreads
Event: 7.294 Executing VM operation: HandshakeAllThreads done
Event: 7.387 Executing VM operation: HandshakeAllThreads
Event: 7.387 Executing VM operation: HandshakeAllThreads done

Events (20 events):
Event: 7.202 loading class jdk/internal/math/FloatingDecimal$ExceptionalBinaryToASCIIBuffer
Event: 7.202 loading class jdk/internal/math/FloatingDecimal$BinaryToASCIIConverter
Event: 7.202 loading class jdk/internal/math/FloatingDecimal$BinaryToASCIIConverter done
Event: 7.202 loading class jdk/internal/math/FloatingDecimal$ExceptionalBinaryToASCIIBuffer done
Event: 7.202 loading class jdk/internal/math/FloatingDecimal$BinaryToASCIIBuffer
Event: 7.203 loading class jdk/internal/math/FloatingDecimal$BinaryToASCIIBuffer done
Event: 7.203 loading class jdk/internal/math/FloatingDecimal$1
Event: 7.203 loading class jdk/internal/math/FloatingDecimal$1 done
Event: 7.203 loading class jdk/internal/math/FloatingDecimal$PreparedASCIIToBinaryBuffer
Event: 7.203 loading class jdk/internal/math/FloatingDecimal$ASCIIToBinaryConverter
Event: 7.203 loading class jdk/internal/math/FloatingDecimal$ASCIIToBinaryConverter done
Event: 7.203 loading class jdk/internal/math/FloatingDecimal$PreparedASCIIToBinaryBuffer done
Event: 7.203 loading class jdk/internal/math/FloatingDecimal$ASCIIToBinaryBuffer
Event: 7.203 loading class jdk/internal/math/FloatingDecimal$ASCIIToBinaryBuffer done
Event: 7.240 loading class java/util/regex/Pattern$Bound
Event: 7.240 loading class java/util/regex/Pattern$Bound done
Event: 7.241 loading class java/util/regex/Pattern$LookBehindEndNode
Event: 7.241 loading class java/util/regex/Pattern$LookBehindEndNode done
Event: 7.241 loading class java/util/regex/Pattern$NotBehind
Event: 7.241 loading class java/util/regex/Pattern$NotBehind done


Dynamic libraries:
0x00007ff781eb0000 - 0x00007ff781eba000 	C:\Program Files\Android\Android Studio\jbr\bin\java.exe
0x00007ff9cdcd0000 - 0x00007ff9cdec8000 	C:\windows\SYSTEM32\ntdll.dll
0x00007ff9cbd80000 - 0x00007ff9cbe3d000 	C:\windows\System32\KERNEL32.DLL
0x00007ff9cb7d0000 - 0x00007ff9cbac6000 	C:\windows\System32\KERNELBASE.dll
0x00007ff9cb4b0000 - 0x00007ff9cb5b0000 	C:\windows\System32\ucrtbase.dll
0x00007ff9a3f70000 - 0x00007ff9a3f87000 	C:\Program Files\Android\Android Studio\jbr\bin\jli.dll
0x00007ff9ccd30000 - 0x00007ff9ccece000 	C:\windows\System32\USER32.dll
0x00007ff9cbc60000 - 0x00007ff9cbc82000 	C:\windows\System32\win32u.dll
0x00007ff9cc870000 - 0x00007ff9cc89c000 	C:\windows\System32\GDI32.dll
0x00007ff9cb660000 - 0x00007ff9cb77a000 	C:\windows\System32\gdi32full.dll
0x00007ff9cb410000 - 0x00007ff9cb4ad000 	C:\windows\System32\msvcp_win.dll
0x00007ff9c6cd0000 - 0x00007ff9c6ceb000 	C:\Program Files\Android\Android Studio\jbr\bin\VCRUNTIME140.dll
0x00007ff9b4850000 - 0x00007ff9b4aea000 	C:\windows\WinSxS\amd64_microsoft.windows.common-controls_6595b64144ccf1df_6.0.19041.3636_none_60b6a03d71f818d5\COMCTL32.dll
0x00007ff9cc7d0000 - 0x00007ff9cc86e000 	C:\windows\System32\msvcrt.dll
0x00007ff9cc9c0000 - 0x00007ff9cc9f0000 	C:\windows\System32\IMM32.DLL
0x00007ff9c6cc0000 - 0x00007ff9c6ccc000 	C:\Program Files\Android\Android Studio\jbr\bin\vcruntime140_1.dll
0x00007ff968440000 - 0x00007ff9684cd000 	C:\Program Files\Android\Android Studio\jbr\bin\msvcp140.dll
0x00007ff982710000 - 0x00007ff983390000 	C:\Program Files\Android\Android Studio\jbr\bin\server\jvm.dll
0x00007ff9ccee0000 - 0x00007ff9ccf93000 	C:\windows\System32\ADVAPI32.dll
0x00007ff9cc4a0000 - 0x00007ff9cc53f000 	C:\windows\System32\sechost.dll
0x00007ff9cca00000 - 0x00007ff9ccb26000 	C:\windows\System32\RPCRT4.dll
0x00007ff9cbad0000 - 0x00007ff9cbaf7000 	C:\windows\System32\bcrypt.dll
0x00007ff9ac450000 - 0x00007ff9ac459000 	C:\windows\SYSTEM32\WSOCK32.dll
0x00007ff9ccc00000 - 0x00007ff9ccc6b000 	C:\windows\System32\WS2_32.dll
0x00007ff9c1c30000 - 0x00007ff9c1c57000 	C:\windows\SYSTEM32\WINMM.dll
0x00007ff9c1c60000 - 0x00007ff9c1c6a000 	C:\windows\SYSTEM32\VERSION.dll
0x00007ff9c9230000 - 0x00007ff9c9242000 	C:\windows\SYSTEM32\kernel.appcore.dll
0x00007ff9c22c0000 - 0x00007ff9c22ca000 	C:\Program Files\Android\Android Studio\jbr\bin\jimage.dll
0x00007ff9b88c0000 - 0x00007ff9b8aa4000 	C:\windows\SYSTEM32\DBGHELP.DLL
0x00007ff9b3280000 - 0x00007ff9b32b4000 	C:\windows\SYSTEM32\dbgcore.DLL
0x00007ff9cbc90000 - 0x00007ff9cbd12000 	C:\windows\System32\bcryptPrimitives.dll
0x00007ff9c2120000 - 0x00007ff9c2145000 	C:\Program Files\Android\Android Studio\jbr\bin\java.dll
0x00007ff9aa910000 - 0x00007ff9aa928000 	C:\Program Files\Android\Android Studio\jbr\bin\zip.dll
0x00007ff9cd490000 - 0x00007ff9cdbd5000 	C:\windows\System32\SHELL32.dll
0x00007ff9c9450000 - 0x00007ff9c9beb000 	C:\windows\SYSTEM32\windows.storage.dll
0x00007ff9ccfa0000 - 0x00007ff9cd2f4000 	C:\windows\System32\combase.dll
0x00007ff9cad80000 - 0x00007ff9cadad000 	C:\windows\SYSTEM32\Wldp.dll
0x00007ff9cc3e0000 - 0x00007ff9cc48d000 	C:\windows\System32\SHCORE.dll
0x00007ff9cccd0000 - 0x00007ff9ccd25000 	C:\windows\System32\shlwapi.dll
0x00007ff9cb2d0000 - 0x00007ff9cb2f5000 	C:\windows\SYSTEM32\profapi.dll
0x00007ff9aa8f0000 - 0x00007ff9aa909000 	C:\Program Files\Android\Android Studio\jbr\bin\net.dll
0x00007ff9c5930000 - 0x00007ff9c5a3a000 	C:\windows\SYSTEM32\WINHTTP.dll
0x00007ff9caac0000 - 0x00007ff9cab2a000 	C:\windows\system32\mswsock.dll
0x00007ff9aa8d0000 - 0x00007ff9aa8e6000 	C:\Program Files\Android\Android Studio\jbr\bin\nio.dll
0x00007ff9c5ee0000 - 0x00007ff9c5ef0000 	C:\Program Files\Android\Android Studio\jbr\bin\verify.dll

dbghelp: loaded successfully - version: 4.0.5 - missing functions: none
symbol engine: initialized successfully - sym options: 0x614 - pdb path: .;C:\Program Files\Android\Android Studio\jbr\bin;C:\windows\SYSTEM32;C:\windows\WinSxS\amd64_microsoft.windows.common-controls_6595b64144ccf1df_6.0.19041.3636_none_60b6a03d71f818d5;C:\Program Files\Android\Android Studio\jbr\bin\server

VM Arguments:
java_command: org.jetbrains.kotlin.cli.jvm.K2JVMCompiler @C:\AndroidStudioWorks\DiplomaTest\app\build\20240121_923863930430788851.compiler.options
java_class_path (initial): C:\Users\zhold\.gradle\caches\modules-2\files-2.1\org.jetbrains.kotlin\kotlin-compiler-embeddable\1.9.0\2c8c3a7402becca891f12739b3e9fd2dc2adbd7a\kotlin-compiler-embeddable-1.9.0.jar;C:\Users\zhold\.gradle\caches\modules-2\files-2.1\org.jetbrains.kotlin\kotlin-stdlib\1.9.0\8ee15ef0c67dc83d874f412d84378d7f0eb50b63\kotlin-stdlib-1.9.0.jar;C:\Users\zhold\.gradle\caches\modules-2\files-2.1\org.jetbrains.kotlin\kotlin-script-runtime\1.9.0\4b3102cbbb7e1b58d9d1adf89563f00069ffa7d1\kotlin-script-runtime-1.9.0.jar;C:\Users\zhold\.gradle\caches\modules-2\files-2.1\org.jetbrains.kotlin\kotlin-reflect\1.6.10\1cbe9c92c12a94eea200d23c2bbaedaf3daf5132\kotlin-reflect-1.6.10.jar;C:\Users\zhold\.gradle\caches\modules-2\files-2.1\org.jetbrains.kotlin\kotlin-daemon-embeddable\1.9.0\186543f5e28cf8d9a0290fecc2cf34301c40a65c\kotlin-daemon-embeddable-1.9.0.jar;C:\Users\zhold\.gradle\caches\modules-2\files-2.1\org.jetbrains.intellij.deps\trove4j\1.0.20200330\3afb14d5f9ceb459d724e907a21145e8ff394f02\trove4j-1.0.20200330.jar;C:\Users\zhold\.gradle\caches\modules-2\files-2.1\org.jetbrains.kotlin\kotlin-stdlib-common\1.9.0\cd65c21cfd1eec4d44ef09f9f52b6d9f8a720636\kotlin-stdlib-common-1.9.0.jar;C:\Users\zhold\.gradle\caches\modules-2\files-2.1\org.jetbrains\annotations\13.0\919f0dfe192fb4e063e7dacadee7f8bb9a2672a9\annotations-13.0.jar
Launcher Type: SUN_STANDARD

[Global flags]
     intx CICompilerCount                          = 3                                         {product} {ergonomic}
     uint ConcGCThreads                            = 1                                         {product} {ergonomic}
     uint G1ConcRefinementThreads                  = 4                                         {product} {ergonomic}
   size_t G1HeapRegionSize                         = 1048576                                   {product} {ergonomic}
    uintx GCDrainStackTargetSize                   = 64                                        {product} {ergonomic}
   size_t InitialHeapSize                          = 56623104                                  {product} {ergonomic}
   size_t MarkStackSize                            = 4194304                                   {product} {ergonomic}
   size_t MaxHeapSize                              = 903872512                                 {product} {ergonomic}
   size_t MaxNewSize                               = 542113792                                 {product} {ergonomic}
   size_t MinHeapDeltaBytes                        = 1048576                                   {product} {ergonomic}
   size_t MinHeapSize                              = 8388608                                   {product} {ergonomic}
    uintx NonNMethodCodeHeapSize                   = 5832780                                {pd product} {ergonomic}
    uintx NonProfiledCodeHeapSize                  = 122912730                              {pd product} {ergonomic}
    uintx ProfiledCodeHeapSize                     = 122912730                              {pd product} {ergonomic}
    uintx ReservedCodeCacheSize                    = 251658240                              {pd product} {ergonomic}
     bool SegmentedCodeCache                       = true                                      {product} {ergonomic}
   size_t SoftMaxHeapSize                          = 903872512                              {manageable} {ergonomic}
     bool UseCompressedClassPointers               = true                           {product lp64_product} {ergonomic}
     bool UseCompressedOops                        = true                           {product lp64_product} {ergonomic}
     bool UseG1GC                                  = true                                      {product} {ergonomic}
     bool UseLargePagesIndividualAllocation        = false                                  {pd product} {ergonomic}

Logging:
Log output configuration:
 #0: stdout all=warning uptime,level,tags
 #1: stderr all=off uptime,level,tags

Environment Variables:
PATH=C:\Program Files (x86)\VMware\bin\;C:\Program Files\Common Files\Oracle\Java\javapath;C:\Program Files (x86)\Common Files\Oracle\Java\javapath;C:\windows\system32;C:\windows;C:\windows\System32\Wbem;C:\windows\System32\WindowsPowerShell\v1.0\;C:\windows\System32\OpenSSH\;C:\Program Files\7-Zip;C:\Program Files\nodejs\;C:\Program Files\Git\cmd;C:\Program Files\Go\bin;C:\Program Files\Cloudflare\Cloudflare WARP\;C:\Users\zhold\Downloads\mongosh-1.6.1-win32-x64\mongosh-1.6.1-win32-x64;C:\Program Files\MongoDB\Tools\100\bin;;C:\Program Files (x86)\NVIDIA Corporation\PhysX\Common;C:\Users\zhold\AppData\Local\Microsoft\WindowsApps;C:\Users\zhold\AppData\Roaming\npm;C:\Users\zhold\AppData\Local\GitHubDesktop\bin;C:\Users\zhold\AppData\Local\Programs\Microsoft VS Code\bin;C:\Program Files\heroku\bin;C:\Users\zhold\go\bin
USERNAME=zhold
OS=Windows_NT
PROCESSOR_IDENTIFIER=AMD64 Family 23 Model 96 Stepping 1, AuthenticAMD
TMP=C:\Users\zhold\AppData\Local\Temp
TEMP=C:\Users\zhold\AppData\Local\Temp


JNI global refs:
JNI global refs: 10, weak refs: 30

JNI global refs memory usage: 843, weak refs: 841

OOME stack traces (most recent first):
Classloader memory used:
Loader jdk.internal.loader.ClassLoaders$AppClassLoader                                 : 6608K
Loader bootstrap                                                                       : 1384K
Loader java.net.URLClassLoader                                                         : 23142B
Loader jdk.internal.reflect.DelegatingClassLoader                                      : 15747B
Loader jdk.internal.loader.ClassLoaders$PlatformClassLoader                            : 2276B


---------------  S Y S T E M  ---------------

OS:
 Windows 10 , 64 bit Build 19041 (10.0.19041.3636)
OS uptime: 0 days 1:44 hours

CPU: total 4 (initial active 4) (4 cores per cpu, 1 threads per core) family 23 model 96 stepping 1 microcode 0x0, cx8, cmov, fxsr, mmx, 3dnowpref, sse, sse2, sse3, ssse3, sse4a, sse4.1, sse4.2, popcnt, lzcnt, tsc, tscinvbit, avx, avx2, aes, clmul, bmi1, bmi2, adx, sha, fma, vzeroupper, clflush, clflushopt

Memory: 4k page, system-wide physical 3445M (239M free)
TotalPageFile size 14197M (AvailPageFile size 7M)
current process WorkingSet (physical memory assigned to process): 256M, peak: 280M
current process commit charge ("private bytes"): 363M, peak: 366M

vm_info: OpenJDK 64-Bit Server VM (17.0.7+0-b2043.56-10550314) for windows-amd64 JRE (17.0.7+0-b2043.56-10550314), built on Jul 24 2023 18:27:45 by "androidbuild" with MS VC++ 16.10 / 16.11 (VS2019)

END.
