#
# There is insufficient memory for the Java Runtime Environment to continue.
# Native memory allocation (mmap) failed to map 249561088 bytes for G1 virtual space
# Possible reasons:
#   The system is out of physical RAM or swap space
#   The process is running with CompressedOops enabled, and the Java Heap may be blocking the growth of the native heap
# Possible solutions:
#   Reduce memory load on the system
#   Increase physical memory or swap space
#   Check if swap backing store is full
#   Decrease Java heap size (-Xmx/-Xms)
#   Decrease number of Java threads
#   Decrease Java thread stack sizes (-Xss)
#   Set larger code cache with -XX:ReservedCodeCacheSize=
#   JVM is running with Unscaled Compressed Oops mode in which the Java heap is
#     placed in the first 4GB address space. The Java Heap base address is the
#     maximum limit for the native heap growth. Please use -XX:HeapBaseMinAddress
#     to set the Java Heap base and to place the Java Heap above 4GB virtual address.
# This output file may be truncated or incomplete.
#
#  Out of Memory Error (os_windows.cpp:3771), pid=6380, tid=8308
#
# JRE version: OpenJDK Runtime Environment (17.0.7) (build 17.0.7+0-b2043.56-10550314)
# Java VM: OpenJDK 64-Bit Server VM (17.0.7+0-b2043.56-10550314, mixed mode, tiered, compressed oops, compressed class ptrs, g1 gc, windows-amd64)
# No core dump will be written. Minidumps are not enabled by default on client versions of Windows
#

---------------  S U M M A R Y ------------

Command Line: org.jetbrains.kotlin.cli.jvm.K2JVMCompiler @C:\AndroidStudioWorks\DiplomaTest\app\build\20240121_10644681863851886293.compiler.options

Host: AMD Ryzen 3 4300U with Radeon Graphics         , 4 cores, 3G,  Windows 10 , 64 bit Build 19041 (10.0.19041.3636)
Time: Sun Jan 21 16:23:44 2024  Windows 10 , 64 bit Build 19041 (10.0.19041.3636) elapsed time: 10.686331 seconds (0d 0h 0m 10s)

---------------  T H R E A D  ---------------

Current thread (0x0000028ea51e2ce0):  VMThread "VM Thread" [stack: 0x000000ae25000000,0x000000ae25100000] [id=8308]

Stack: [0x000000ae25000000,0x000000ae25100000]
Native frames: (J=compiled Java code, j=interpreted, Vv=VM code, C=native code)
V  [jvm.dll+0x683bfa]
V  [jvm.dll+0x8430a4]
V  [jvm.dll+0x8449be]
V  [jvm.dll+0x845023]
V  [jvm.dll+0x24ad2f]
V  [jvm.dll+0x680ac9]
V  [jvm.dll+0x67519a]
V  [jvm.dll+0x30b3cb]
V  [jvm.dll+0x312876]
V  [jvm.dll+0x36221e]
V  [jvm.dll+0x36244f]
V  [jvm.dll+0x2e14a8]
V  [jvm.dll+0x2df684]
V  [jvm.dll+0x2dec8c]
V  [jvm.dll+0x32382b]
V  [jvm.dll+0x8496eb]
V  [jvm.dll+0x84a424]
V  [jvm.dll+0x84a93d]
V  [jvm.dll+0x84ad14]
V  [jvm.dll+0x84ade0]
V  [jvm.dll+0x7f2aea]
V  [jvm.dll+0x682a35]
C  [ucrtbase.dll+0x21bb2]
C  [KERNEL32.DLL+0x17344]
C  [ntdll.dll+0x526b1]

VM_Operation (0x000000ae24afd890): G1CollectForAllocation, mode: safepoint, requested by thread 0x0000028e8e922450


---------------  P R O C E S S  ---------------

Threads class SMR info:
_java_thread_list=0x0000028eab7ff8c0, length=12, elements={
0x0000028e8e922450, 0x0000028ea51e6910, 0x0000028ea51e7f20, 0x0000028ea5236b40,
0x0000028ea524e320, 0x0000028ea5250de0, 0x0000028ea5263400, 0x0000028ea526b480,
0x0000028ea526cd90, 0x0000028ea526fe40, 0x0000028ea55fdd50, 0x0000028ea560aab0
}

Java Threads: ( => current thread )
  0x0000028e8e922450 JavaThread "main" [_thread_blocked, id=2372, stack(0x000000ae24a00000,0x000000ae24b00000)]
  0x0000028ea51e6910 JavaThread "Reference Handler" daemon [_thread_blocked, id=15892, stack(0x000000ae25100000,0x000000ae25200000)]
  0x0000028ea51e7f20 JavaThread "Finalizer" daemon [_thread_blocked, id=15828, stack(0x000000ae25200000,0x000000ae25300000)]
  0x0000028ea5236b40 JavaThread "Signal Dispatcher" daemon [_thread_blocked, id=8516, stack(0x000000ae25300000,0x000000ae25400000)]
  0x0000028ea524e320 JavaThread "Attach Listener" daemon [_thread_blocked, id=2916, stack(0x000000ae25400000,0x000000ae25500000)]
  0x0000028ea5250de0 JavaThread "Service Thread" daemon [_thread_blocked, id=15400, stack(0x000000ae25500000,0x000000ae25600000)]
  0x0000028ea5263400 JavaThread "Monitor Deflation Thread" daemon [_thread_blocked, id=10652, stack(0x000000ae25600000,0x000000ae25700000)]
  0x0000028ea526b480 JavaThread "C2 CompilerThread0" daemon [_thread_in_native, id=7608, stack(0x000000ae25700000,0x000000ae25800000)]
  0x0000028ea526cd90 JavaThread "C1 CompilerThread0" daemon [_thread_blocked, id=13240, stack(0x000000ae25800000,0x000000ae25900000)]
  0x0000028ea526fe40 JavaThread "Sweeper thread" daemon [_thread_blocked, id=12980, stack(0x000000ae25900000,0x000000ae25a00000)]
  0x0000028ea55fdd50 JavaThread "Notification Thread" daemon [_thread_blocked, id=3064, stack(0x000000ae25a00000,0x000000ae25b00000)]
  0x0000028ea560aab0 JavaThread "Common-Cleaner" daemon [_thread_blocked, id=16204, stack(0x000000ae25c00000,0x000000ae25d00000)]

Other Threads:
=>0x0000028ea51e2ce0 VMThread "VM Thread" [stack: 0x000000ae25000000,0x000000ae25100000] [id=8308]
  0x0000028ea5602640 WatcherThread [stack: 0x000000ae25b00000,0x000000ae25c00000] [id=9328]
  0x0000028e8e9594c0 GCTaskThread "GC Thread#0" [stack: 0x000000ae24b00000,0x000000ae24c00000] [id=7496]
  0x0000028eaa11a130 GCTaskThread "GC Thread#1" [stack: 0x000000ae25d00000,0x000000ae25e00000] [id=16100]
  0x0000028eaa137630 GCTaskThread "GC Thread#2" [stack: 0x000000ae25e00000,0x000000ae25f00000] [id=4884]
  0x0000028eaa140250 GCTaskThread "GC Thread#3" [stack: 0x000000ae25f00000,0x000000ae26000000] [id=9460]
  0x0000028e8e960fd0 ConcurrentGCThread "G1 Main Marker" [stack: 0x000000ae24c00000,0x000000ae24d00000] [id=8828]
  0x0000028e8e9629f0 ConcurrentGCThread "G1 Conc#0" [stack: 0x000000ae24d00000,0x000000ae24e00000] [id=4960]
  0x0000028e8e99bd00 ConcurrentGCThread "G1 Refine#0" [stack: 0x000000ae24e00000,0x000000ae24f00000] [id=9300]
  0x0000028eac22cb70 ConcurrentGCThread "G1 Refine#1" [stack: 0x000000ae26000000,0x000000ae26100000] [id=2356]
  0x0000028e8e99c720 ConcurrentGCThread "G1 Service" [stack: 0x000000ae24f00000,0x000000ae25000000] [id=10140]

Threads with active compile tasks:
C2 CompilerThread0    10704 10620       4       org.jetbrains.kotlin.com.intellij.lang.impl.PsiBuilderImpl::insertLeaves (88 bytes)
C1 CompilerThread0    10704 11445       1       org.jetbrains.kotlin.com.intellij.openapi.util.text.LineTokenizer::getLineSeparatorLength (5 bytes)

VM state: at safepoint (normal execution)

VM Mutex/Monitor currently owned by a thread:  ([mutex/lock_event])
[0x0000028e8e91ecc0] Threads_lock - owner thread: 0x0000028ea51e2ce0
[0x0000028e8e91f5c0] Heap_lock - owner thread: 0x0000028e8e922450

Heap address: 0x00000000ca200000, size: 862 MB, Compressed Oops mode: 32-bit

CDS archive(s) not mapped
Compressed class space mapped at: 0x0000000100000000-0x0000000140000000, reserved size: 1073741824
Narrow klass base: 0x0000000000000000, Narrow klass shift: 3, Narrow klass range: 0x140000000

GC Precious Log:
 CPUs: 4 total, 4 available
 Memory: 3445M
 Large Page Support: Disabled
 NUMA Support: Disabled
 Compressed Oops: Enabled (32-bit)
 Heap Region Size: 1M
 Heap Min Capacity: 8M
 Heap Initial Capacity: 54M
 Heap Max Capacity: 862M
 Pre-touch: Disabled
 Parallel Workers: 4
 Concurrent Workers: 1
 Concurrent Refinement Workers: 4
 Periodic GC: Disabled

Heap:
 garbage-first heap   total 121856K, used 75292K [0x00000000ca200000, 0x0000000100000000)
  region size 1024K, 3 young (3072K), 3 survivors (3072K)
 Metaspace       used 70780K, committed 71104K, reserved 1114112K
  class space    used 8250K, committed 8384K, reserved 1048576K

Heap Regions: E=young(eden), S=young(survivor), O=old, HS=humongous(starts), HC=humongous(continues), CS=collection set, F=free, OA=open archive, CA=closed archive, TAMS=top-at-mark-start (previous, next)
|   0|0x00000000ca200000, 0x00000000ca300000, 0x00000000ca300000|100%|HS|  |TAMS 0x00000000ca300000, 0x00000000ca200000| Complete 
|   1|0x00000000ca300000, 0x00000000ca400000, 0x00000000ca400000|100%|HC|  |TAMS 0x00000000ca400000, 0x00000000ca300000| Complete 
|   2|0x00000000ca400000, 0x00000000ca500000, 0x00000000ca500000|100%|HC|  |TAMS 0x00000000ca500000, 0x00000000ca400000| Complete 
|   3|0x00000000ca500000, 0x00000000ca600000, 0x00000000ca600000|100%|HC|  |TAMS 0x00000000ca600000, 0x00000000ca500000| Complete 
|   4|0x00000000ca600000, 0x00000000ca700000, 0x00000000ca700000|100%| O|  |TAMS 0x00000000ca700000, 0x00000000ca600000| Untracked 
|   5|0x00000000ca700000, 0x00000000ca800000, 0x00000000ca800000|100%| O|  |TAMS 0x00000000ca800000, 0x00000000ca700000| Untracked 
|   6|0x00000000ca800000, 0x00000000ca900000, 0x00000000ca900000|100%| O|  |TAMS 0x00000000ca900000, 0x00000000ca800000| Untracked 
|   7|0x00000000ca900000, 0x00000000caa00000, 0x00000000caa00000|100%| O|  |TAMS 0x00000000caa00000, 0x00000000ca900000| Untracked 
|   8|0x00000000caa00000, 0x00000000cab00000, 0x00000000cab00000|100%| O|  |TAMS 0x00000000cab00000, 0x00000000caa00000| Untracked 
|   9|0x00000000cab00000, 0x00000000cac00000, 0x00000000cac00000|100%| O|  |TAMS 0x00000000cac00000, 0x00000000cab00000| Untracked 
|  10|0x00000000cac00000, 0x00000000cad00000, 0x00000000cad00000|100%| O|  |TAMS 0x00000000cad00000, 0x00000000cac00000| Untracked 
|  11|0x00000000cad00000, 0x00000000cae00000, 0x00000000cae00000|100%| O|  |TAMS 0x00000000cae00000, 0x00000000cad00000| Untracked 
|  12|0x00000000cae00000, 0x00000000caf00000, 0x00000000caf00000|100%| O|  |TAMS 0x00000000caf00000, 0x00000000cae00000| Untracked 
|  13|0x00000000caf00000, 0x00000000cb000000, 0x00000000cb000000|100%| O|  |TAMS 0x00000000cb000000, 0x00000000caf00000| Untracked 
|  14|0x00000000cb000000, 0x00000000cb100000, 0x00000000cb100000|100%| O|  |TAMS 0x00000000cb100000, 0x00000000cb000000| Untracked 
|  15|0x00000000cb100000, 0x00000000cb200000, 0x00000000cb200000|100%| O|  |TAMS 0x00000000cb200000, 0x00000000cb100000| Untracked 
|  16|0x00000000cb200000, 0x00000000cb300000, 0x00000000cb300000|100%| O|  |TAMS 0x00000000cb300000, 0x00000000cb200000| Untracked 
|  17|0x00000000cb300000, 0x00000000cb400000, 0x00000000cb400000|100%| O|  |TAMS 0x00000000cb400000, 0x00000000cb300000| Untracked 
|  18|0x00000000cb400000, 0x00000000cb500000, 0x00000000cb500000|100%| O|  |TAMS 0x00000000cb500000, 0x00000000cb400000| Untracked 
|  19|0x00000000cb500000, 0x00000000cb600000, 0x00000000cb600000|100%| O|  |TAMS 0x00000000cb600000, 0x00000000cb500000| Untracked 
|  20|0x00000000cb600000, 0x00000000cb700000, 0x00000000cb700000|100%| O|  |TAMS 0x00000000cb700000, 0x00000000cb600000| Untracked 
|  21|0x00000000cb700000, 0x00000000cb800000, 0x00000000cb800000|100%| O|  |TAMS 0x00000000cb800000, 0x00000000cb700000| Untracked 
|  22|0x00000000cb800000, 0x00000000cb900000, 0x00000000cb900000|100%| O|  |TAMS 0x00000000cb900000, 0x00000000cb800000| Untracked 
|  23|0x00000000cb900000, 0x00000000cba00000, 0x00000000cba00000|100%| O|  |TAMS 0x00000000cba00000, 0x00000000cb900000| Untracked 
|  24|0x00000000cba00000, 0x00000000cbb00000, 0x00000000cbb00000|100%| O|  |TAMS 0x00000000cbb00000, 0x00000000cba00000| Untracked 
|  25|0x00000000cbb00000, 0x00000000cbc00000, 0x00000000cbc00000|100%|HS|  |TAMS 0x00000000cbc00000, 0x00000000cbb00000| Complete 
|  26|0x00000000cbc00000, 0x00000000cbd00000, 0x00000000cbd00000|100%|HC|  |TAMS 0x00000000cbd00000, 0x00000000cbc00000| Complete 
|  27|0x00000000cbd00000, 0x00000000cbe00000, 0x00000000cbe00000|100%| O|  |TAMS 0x00000000cbe00000, 0x00000000cbd00000| Untracked 
|  28|0x00000000cbe00000, 0x00000000cbf00000, 0x00000000cbf00000|100%| O|  |TAMS 0x00000000cbf00000, 0x00000000cbe00000| Untracked 
|  29|0x00000000cbf00000, 0x00000000cc000000, 0x00000000cc000000|100%| O|  |TAMS 0x00000000cc000000, 0x00000000cbf00000| Untracked 
|  30|0x00000000cc000000, 0x00000000cc100000, 0x00000000cc100000|100%| O|  |TAMS 0x00000000cc100000, 0x00000000cc000000| Untracked 
|  31|0x00000000cc100000, 0x00000000cc200000, 0x00000000cc200000|100%| O|  |TAMS 0x00000000cc200000, 0x00000000cc100000| Untracked 
|  32|0x00000000cc200000, 0x00000000cc300000, 0x00000000cc300000|100%| O|  |TAMS 0x00000000cc300000, 0x00000000cc200000| Untracked 
|  33|0x00000000cc300000, 0x00000000cc400000, 0x00000000cc400000|100%| O|  |TAMS 0x00000000cc400000, 0x00000000cc300000| Untracked 
|  34|0x00000000cc400000, 0x00000000cc500000, 0x00000000cc500000|100%| O|  |TAMS 0x00000000cc500000, 0x00000000cc400000| Untracked 
|  35|0x00000000cc500000, 0x00000000cc600000, 0x00000000cc600000|100%| O|  |TAMS 0x00000000cc600000, 0x00000000cc500000| Untracked 
|  36|0x00000000cc600000, 0x00000000cc700000, 0x00000000cc700000|100%| O|  |TAMS 0x00000000cc700000, 0x00000000cc600000| Untracked 
|  37|0x00000000cc700000, 0x00000000cc800000, 0x00000000cc800000|100%| O|  |TAMS 0x00000000cc800000, 0x00000000cc700000| Untracked 
|  38|0x00000000cc800000, 0x00000000cc900000, 0x00000000cc900000|100%| O|  |TAMS 0x00000000cc900000, 0x00000000cc800000| Untracked 
|  39|0x00000000cc900000, 0x00000000cca00000, 0x00000000cca00000|100%| O|  |TAMS 0x00000000cca00000, 0x00000000cc900000| Untracked 
|  40|0x00000000cca00000, 0x00000000ccb00000, 0x00000000ccb00000|100%| O|  |TAMS 0x00000000ccb00000, 0x00000000cca00000| Untracked 
|  41|0x00000000ccb00000, 0x00000000ccc00000, 0x00000000ccc00000|100%| O|  |TAMS 0x00000000ccc00000, 0x00000000ccb00000| Untracked 
|  42|0x00000000ccc00000, 0x00000000ccd00000, 0x00000000ccd00000|100%| O|  |TAMS 0x00000000ccd00000, 0x00000000ccc00000| Untracked 
|  43|0x00000000ccd00000, 0x00000000cce00000, 0x00000000cce00000|100%| O|  |TAMS 0x00000000cce00000, 0x00000000ccd00000| Untracked 
|  44|0x00000000cce00000, 0x00000000ccf00000, 0x00000000ccf00000|100%| O|  |TAMS 0x00000000ccf00000, 0x00000000cce00000| Untracked 
|  45|0x00000000ccf00000, 0x00000000cd000000, 0x00000000cd000000|100%| O|  |TAMS 0x00000000cd000000, 0x00000000ccf00000| Untracked 
|  46|0x00000000cd000000, 0x00000000cd100000, 0x00000000cd100000|100%| O|  |TAMS 0x00000000cd100000, 0x00000000cd000000| Untracked 
|  47|0x00000000cd100000, 0x00000000cd200000, 0x00000000cd200000|100%| O|  |TAMS 0x00000000cd200000, 0x00000000cd100000| Untracked 
|  48|0x00000000cd200000, 0x00000000cd300000, 0x00000000cd300000|100%| O|  |TAMS 0x00000000cd300000, 0x00000000cd200000| Untracked 
|  49|0x00000000cd300000, 0x00000000cd300000, 0x00000000cd400000|  0%| F|  |TAMS 0x00000000cd300000, 0x00000000cd300000| Untracked 
|  50|0x00000000cd400000, 0x00000000cd500000, 0x00000000cd500000|100%| O|  |TAMS 0x00000000cd500000, 0x00000000cd400000| Untracked 
|  51|0x00000000cd500000, 0x00000000cd600000, 0x00000000cd600000|100%| O|  |TAMS 0x00000000cd600000, 0x00000000cd500000| Untracked 
|  52|0x00000000cd600000, 0x00000000cd700000, 0x00000000cd700000|100%| O|  |TAMS 0x00000000cd700000, 0x00000000cd600000| Untracked 
|  53|0x00000000cd700000, 0x00000000cd800000, 0x00000000cd800000|100%| O|  |TAMS 0x00000000cd800000, 0x00000000cd700000| Untracked 
|  54|0x00000000cd800000, 0x00000000cd900000, 0x00000000cd900000|100%| O|  |TAMS 0x00000000cd800000, 0x00000000cd800000| Untracked 
|  55|0x00000000cd900000, 0x00000000cda00000, 0x00000000cda00000|100%| O|  |TAMS 0x00000000cda00000, 0x00000000cd900000| Untracked 
|  56|0x00000000cda00000, 0x00000000cdb00000, 0x00000000cdb00000|100%| O|  |TAMS 0x00000000cdb00000, 0x00000000cda00000| Untracked 
|  57|0x00000000cdb00000, 0x00000000cdc00000, 0x00000000cdc00000|100%| O|  |TAMS 0x00000000cdc00000, 0x00000000cdb00000| Untracked 
|  58|0x00000000cdc00000, 0x00000000cdd00000, 0x00000000cdd00000|100%| O|  |TAMS 0x00000000cdd00000, 0x00000000cdc00000| Untracked 
|  59|0x00000000cdd00000, 0x00000000cde00000, 0x00000000cde00000|100%| O|  |TAMS 0x00000000cde00000, 0x00000000cdd00000| Untracked 
|  60|0x00000000cde00000, 0x00000000cdf00000, 0x00000000cdf00000|100%| O|  |TAMS 0x00000000cde5cc00, 0x00000000cde00000| Untracked 
|  61|0x00000000cdf00000, 0x00000000ce000000, 0x00000000ce000000|100%| O|  |TAMS 0x00000000cdf00000, 0x00000000cdf00000| Untracked 
|  62|0x00000000ce000000, 0x00000000ce100000, 0x00000000ce100000|100%| O|  |TAMS 0x00000000ce000000, 0x00000000ce000000| Untracked 
|  63|0x00000000ce100000, 0x00000000ce200000, 0x00000000ce200000|100%| O|  |TAMS 0x00000000ce100000, 0x00000000ce100000| Untracked 
|  64|0x00000000ce200000, 0x00000000ce300000, 0x00000000ce300000|100%| O|  |TAMS 0x00000000ce200000, 0x00000000ce200000| Untracked 
|  65|0x00000000ce300000, 0x00000000ce400000, 0x00000000ce400000|100%| O|  |TAMS 0x00000000ce300000, 0x00000000ce300000| Untracked 
|  66|0x00000000ce400000, 0x00000000ce500000, 0x00000000ce500000|100%| O|  |TAMS 0x00000000ce400000, 0x00000000ce400000| Untracked 
|  67|0x00000000ce500000, 0x00000000ce600000, 0x00000000ce600000|100%| O|  |TAMS 0x00000000ce500000, 0x00000000ce500000| Untracked 
|  68|0x00000000ce600000, 0x00000000ce700000, 0x00000000ce700000|100%| O|  |TAMS 0x00000000ce600000, 0x00000000ce600000| Untracked 
|  69|0x00000000ce700000, 0x00000000ce800000, 0x00000000ce800000|100%| O|  |TAMS 0x00000000ce700000, 0x00000000ce700000| Untracked 
|  70|0x00000000ce800000, 0x00000000ce900000, 0x00000000ce900000|100%| O|  |TAMS 0x00000000ce800000, 0x00000000ce800000| Untracked 
|  71|0x00000000ce900000, 0x00000000cea00000, 0x00000000cea00000|100%| O|  |TAMS 0x00000000ce900000, 0x00000000ce900000| Untracked 
|  72|0x00000000cea00000, 0x00000000cea00000, 0x00000000ceb00000|  0%| F|  |TAMS 0x00000000cea00000, 0x00000000cea00000| Untracked 
|  73|0x00000000ceb00000, 0x00000000ceb00000, 0x00000000cec00000|  0%| F|  |TAMS 0x00000000ceb00000, 0x00000000ceb00000| Untracked 
|  74|0x00000000cec00000, 0x00000000cec00000, 0x00000000ced00000|  0%| F|  |TAMS 0x00000000cec00000, 0x00000000cec00000| Untracked 
|  75|0x00000000ced00000, 0x00000000ced00000, 0x00000000cee00000|  0%| F|  |TAMS 0x00000000ced00000, 0x00000000ced00000| Untracked 
|  76|0x00000000cee00000, 0x00000000cee00000, 0x00000000cef00000|  0%| F|  |TAMS 0x00000000cee00000, 0x00000000cee00000| Untracked 
|  77|0x00000000cef00000, 0x00000000cef00000, 0x00000000cf000000|  0%| F|  |TAMS 0x00000000cef00000, 0x00000000cef00000| Untracked 
|  78|0x00000000cf000000, 0x00000000cf000000, 0x00000000cf100000|  0%| F|  |TAMS 0x00000000cf000000, 0x00000000cf000000| Untracked 
|  79|0x00000000cf100000, 0x00000000cf100000, 0x00000000cf200000|  0%| F|  |TAMS 0x00000000cf100000, 0x00000000cf100000| Untracked 
|  80|0x00000000cf200000, 0x00000000cf200000, 0x00000000cf300000|  0%| F|  |TAMS 0x00000000cf200000, 0x00000000cf200000| Untracked 
|  81|0x00000000cf300000, 0x00000000cf300000, 0x00000000cf400000|  0%| F|  |TAMS 0x00000000cf300000, 0x00000000cf300000| Untracked 
|  82|0x00000000cf400000, 0x00000000cf400000, 0x00000000cf500000|  0%| F|  |TAMS 0x00000000cf400000, 0x00000000cf400000| Untracked 
|  83|0x00000000cf500000, 0x00000000cf500000, 0x00000000cf600000|  0%| F|  |TAMS 0x00000000cf500000, 0x00000000cf500000| Untracked 
|  84|0x00000000cf600000, 0x00000000cf600000, 0x00000000cf700000|  0%| F|  |TAMS 0x00000000cf600000, 0x00000000cf600000| Untracked 
|  85|0x00000000cf700000, 0x00000000cf700000, 0x00000000cf800000|  0%| F|  |TAMS 0x00000000cf700000, 0x00000000cf700000| Untracked 
|  86|0x00000000cf800000, 0x00000000cf800000, 0x00000000cf900000|  0%| F|  |TAMS 0x00000000cf800000, 0x00000000cf800000| Untracked 
|  87|0x00000000cf900000, 0x00000000cf900000, 0x00000000cfa00000|  0%| F|  |TAMS 0x00000000cf900000, 0x00000000cf900000| Untracked 
|  88|0x00000000cfa00000, 0x00000000cfa00000, 0x00000000cfb00000|  0%| F|  |TAMS 0x00000000cfa00000, 0x00000000cfa00000| Untracked 
|  89|0x00000000cfb00000, 0x00000000cfb00000, 0x00000000cfc00000|  0%| F|  |TAMS 0x00000000cfb00000, 0x00000000cfb00000| Untracked 
|  90|0x00000000cfc00000, 0x00000000cfc87060, 0x00000000cfd00000| 52%| S|CS|TAMS 0x00000000cfc00000, 0x00000000cfc00000| Complete 
|  91|0x00000000cfd00000, 0x00000000cfe00000, 0x00000000cfe00000|100%| S|CS|TAMS 0x00000000cfd00000, 0x00000000cfd00000| Complete 
|  92|0x00000000cfe00000, 0x00000000cff00000, 0x00000000cff00000|100%| S|CS|TAMS 0x00000000cfe00000, 0x00000000cfe00000| Complete 
|  93|0x00000000cff00000, 0x00000000cff00000, 0x00000000d0000000|  0%| F|  |TAMS 0x00000000cff00000, 0x00000000cff00000| Untracked 
|  94|0x00000000d0000000, 0x00000000d0000000, 0x00000000d0100000|  0%| F|  |TAMS 0x00000000d0000000, 0x00000000d0000000| Untracked 
|  95|0x00000000d0100000, 0x00000000d0100000, 0x00000000d0200000|  0%| F|  |TAMS 0x00000000d0100000, 0x00000000d0100000| Untracked 
|  96|0x00000000d0200000, 0x00000000d0200000, 0x00000000d0300000|  0%| F|  |TAMS 0x00000000d0200000, 0x00000000d0200000| Untracked 
|  97|0x00000000d0300000, 0x00000000d0300000, 0x00000000d0400000|  0%| F|  |TAMS 0x00000000d0300000, 0x00000000d0300000| Untracked 
|  98|0x00000000d0400000, 0x00000000d0400000, 0x00000000d0500000|  0%| F|  |TAMS 0x00000000d0400000, 0x00000000d0400000| Untracked 
|  99|0x00000000d0500000, 0x00000000d0500000, 0x00000000d0600000|  0%| F|  |TAMS 0x00000000d0500000, 0x00000000d0500000| Untracked 
| 100|0x00000000d0600000, 0x00000000d0600000, 0x00000000d0700000|  0%| F|  |TAMS 0x00000000d0600000, 0x00000000d0600000| Untracked 
| 101|0x00000000d0700000, 0x00000000d0700000, 0x00000000d0800000|  0%| F|  |TAMS 0x00000000d0700000, 0x00000000d0700000| Untracked 
| 102|0x00000000d0800000, 0x00000000d0800000, 0x00000000d0900000|  0%| F|  |TAMS 0x00000000d0800000, 0x00000000d0800000| Untracked 
| 103|0x00000000d0900000, 0x00000000d0900000, 0x00000000d0a00000|  0%| F|  |TAMS 0x00000000d0900000, 0x00000000d0900000| Untracked 
| 104|0x00000000d0a00000, 0x00000000d0a00000, 0x00000000d0b00000|  0%| F|  |TAMS 0x00000000d0a00000, 0x00000000d0a00000| Untracked 
| 105|0x00000000d0b00000, 0x00000000d0b00000, 0x00000000d0c00000|  0%| F|  |TAMS 0x00000000d0b00000, 0x00000000d0b00000| Untracked 
| 106|0x00000000d0c00000, 0x00000000d0c00000, 0x00000000d0d00000|  0%| F|  |TAMS 0x00000000d0c00000, 0x00000000d0c00000| Untracked 
| 107|0x00000000d0d00000, 0x00000000d0d00000, 0x00000000d0e00000|  0%| F|  |TAMS 0x00000000d0d00000, 0x00000000d0d00000| Untracked 
| 108|0x00000000d0e00000, 0x00000000d0e00000, 0x00000000d0f00000|  0%| F|  |TAMS 0x00000000d0e00000, 0x00000000d0e00000| Untracked 
| 109|0x00000000d0f00000, 0x00000000d0f00000, 0x00000000d1000000|  0%| F|  |TAMS 0x00000000d0f00000, 0x00000000d0f00000| Untracked 
| 110|0x00000000d1000000, 0x00000000d1000000, 0x00000000d1100000|  0%| F|  |TAMS 0x00000000d1000000, 0x00000000d1000000| Untracked 
| 111|0x00000000d1100000, 0x00000000d1100000, 0x00000000d1200000|  0%| F|  |TAMS 0x00000000d1100000, 0x00000000d1100000| Untracked 
| 112|0x00000000d1200000, 0x00000000d1200000, 0x00000000d1300000|  0%| F|  |TAMS 0x00000000d1200000, 0x00000000d1200000| Untracked 
| 113|0x00000000d1300000, 0x00000000d1300000, 0x00000000d1400000|  0%| F|  |TAMS 0x00000000d1300000, 0x00000000d1300000| Untracked 
| 114|0x00000000d1400000, 0x00000000d1400000, 0x00000000d1500000|  0%| F|  |TAMS 0x00000000d1400000, 0x00000000d1400000| Untracked 
| 115|0x00000000d1500000, 0x00000000d1500000, 0x00000000d1600000|  0%| F|  |TAMS 0x00000000d1500000, 0x00000000d1500000| Untracked 
| 116|0x00000000d1600000, 0x00000000d1600000, 0x00000000d1700000|  0%| F|  |TAMS 0x00000000d1600000, 0x00000000d1600000| Untracked 
| 117|0x00000000d1700000, 0x00000000d1700000, 0x00000000d1800000|  0%| F|  |TAMS 0x00000000d1700000, 0x00000000d1700000| Untracked 
| 118|0x00000000d1800000, 0x00000000d1800000, 0x00000000d1900000|  0%| F|  |TAMS 0x00000000d1800000, 0x00000000d1800000| Untracked 

Card table byte_map: [0x0000028ea0e00000,0x0000028ea0fb0000] _byte_map_base: 0x0000028ea07af000

Marking Bits (Prev, Next): (CMBitMap*) 0x0000028e8e959b10, (CMBitMap*) 0x0000028e8e959ad0
 Prev Bits: [0x0000028ea1ee0000, 0x0000028ea2c58000)
 Next Bits: [0x0000028ea1160000, 0x0000028ea1ed8000)

Polling page: 0x0000028e8c860000

Metaspace:

Usage:
  Non-class:     61.06 MB used.
      Class:      8.06 MB used.
       Both:     69.12 MB used.

Virtual space:
  Non-class space:       64.00 MB reserved,      61.25 MB ( 96%) committed,  1 nodes.
      Class space:        1.00 GB reserved,       8.19 MB ( <1%) committed,  1 nodes.
             Both:        1.06 GB reserved,      69.44 MB (  6%) committed. 

Chunk freelists:
   Non-Class:  1.86 MB
       Class:  7.83 MB
        Both:  9.69 MB

MaxMetaspaceSize: unlimited
CompressedClassSpaceSize: 1.00 GB
Initial GC threshold: 21.00 MB
Current GC threshold: 111.06 MB
CDS: off
MetaspaceReclaimPolicy: balanced
 - commit_granule_bytes: 65536.
 - commit_granule_words: 8192.
 - virtual_space_node_default_size: 8388608.
 - enlarge_chunks_in_place: 1.
 - new_chunks_are_fully_committed: 0.
 - uncommit_free_chunks: 1.
 - use_allocation_guard: 0.
 - handle_deallocations: 1.


Internal statistics:

num_allocs_failed_limit: 6.
num_arena_births: 330.
num_arena_deaths: 0.
num_vsnodes_births: 2.
num_vsnodes_deaths: 0.
num_space_committed: 1109.
num_space_uncommitted: 0.
num_chunks_returned_to_freelist: 6.
num_chunks_taken_from_freelist: 2628.
num_chunk_merges: 3.
num_chunk_splits: 2088.
num_chunks_enlarged: 1815.
num_inconsistent_stats: 0.

CodeHeap 'non-profiled nmethods': size=120000Kb used=3509Kb max_used=3509Kb free=116490Kb
 bounds [0x0000028e998d0000, 0x0000028e99c40000, 0x0000028ea0e00000]
CodeHeap 'profiled nmethods': size=120000Kb used=25032Kb max_used=25032Kb free=94967Kb
 bounds [0x0000028e91e00000, 0x0000028e93680000, 0x0000028e99330000]
CodeHeap 'non-nmethods': size=5760Kb used=1305Kb max_used=1359Kb free=4454Kb
 bounds [0x0000028e99330000, 0x0000028e995a0000, 0x0000028e998d0000]
 total_blobs=11102 nmethods=10487 adapters=525
 compilation: enabled
              stopped_count=0, restarted_count=0
 full_count=0

Compilation events (20 events):
Event: 10.651 Thread 0x0000028ea526cd90 nmethod 11434 0x0000028e9366b310 code [0x0000028e9366b500, 0x0000028e9366b8a8]
Event: 10.651 Thread 0x0000028ea526cd90 11435       2       java.text.MessageFormat::<init> (56 bytes)
Event: 10.651 Thread 0x0000028ea526cd90 nmethod 11435 0x0000028e9366ba90 code [0x0000028e9366bc60, 0x0000028e9366c178]
Event: 10.652 Thread 0x0000028ea526cd90 11436       2       java.lang.String::equals (56 bytes)
Event: 10.653 Thread 0x0000028ea526cd90 nmethod 11436 0x0000028e9366c290 code [0x0000028e9366c440, 0x0000028e9366c648]
Event: 10.653 Thread 0x0000028ea526cd90 11437       3       java.text.MessageFormat::applyPattern (422 bytes)
Event: 10.655 Thread 0x0000028ea526cd90 nmethod 11437 0x0000028e9366c710 code [0x0000028e9366cbc0, 0x0000028e9366f928]
Event: 10.655 Thread 0x0000028ea526cd90 11438       2       org.jetbrains.kotlin.diagnostics.rendering.DiagnosticWithParameters1Renderer::<init> (17 bytes)
Event: 10.655 Thread 0x0000028ea526cd90 nmethod 11438 0x0000028e93670790 code [0x0000028e936709c0, 0x0000028e93670f48]
Event: 10.656 Thread 0x0000028ea526cd90 11440       2       java.lang.reflect.Field::setAccessible (21 bytes)
Event: 10.657 Thread 0x0000028ea526cd90 nmethod 11440 0x0000028e93671290 code [0x0000028e93671460, 0x0000028e936716e8]
Event: 10.657 Thread 0x0000028ea526cd90 11441       2       java.lang.reflect.Field::checkCanSetAccessible (10 bytes)
Event: 10.657 Thread 0x0000028ea526cd90 nmethod 11441 0x0000028e93671890 code [0x0000028e93671a20, 0x0000028e93671b48]
Event: 10.672 Thread 0x0000028ea526cd90 11442       2       org.jetbrains.kotlin.com.intellij.openapi.util.text.LineTokenizer::advance (180 bytes)
Event: 10.673 Thread 0x0000028ea526cd90 nmethod 11442 0x0000028e93671c10 code [0x0000028e93671e00, 0x0000028e93672198]
Event: 10.673 Thread 0x0000028ea526cd90 11443       1       org.jetbrains.kotlin.com.intellij.openapi.util.text.LineTokenizer::atEnd (5 bytes)
Event: 10.673 Thread 0x0000028ea526cd90 nmethod 11443 0x0000028e99c3d190 code [0x0000028e99c3d320, 0x0000028e99c3d3f8]
Event: 10.673 Thread 0x0000028ea526cd90 11444       1       org.jetbrains.kotlin.com.intellij.openapi.util.text.LineTokenizer::getOffset (5 bytes)
Event: 10.673 Thread 0x0000028ea526cd90 nmethod 11444 0x0000028e99c3d490 code [0x0000028e99c3d620, 0x0000028e99c3d6f8]
Event: 10.673 Thread 0x0000028ea526cd90 11445       1       org.jetbrains.kotlin.com.intellij.openapi.util.text.LineTokenizer::getLineSeparatorLength (5 bytes)

GC Heap History (20 events):
Event: 5.238 GC heap after
{Heap after GC invocations=23 (full 0):
 garbage-first heap   total 120832K, used 41984K [0x00000000ca200000, 0x0000000100000000)
  region size 1024K, 3 young (3072K), 3 survivors (3072K)
 Metaspace       used 56184K, committed 56448K, reserved 1114112K
  class space    used 6705K, committed 6784K, reserved 1048576K
}
Event: 5.764 GC heap before
{Heap before GC invocations=24 (full 0):
 garbage-first heap   total 120832K, used 84992K [0x00000000ca200000, 0x0000000100000000)
  region size 1024K, 45 young (46080K), 3 survivors (3072K)
 Metaspace       used 56867K, committed 57152K, reserved 1114112K
  class space    used 6743K, committed 6848K, reserved 1048576K
}
Event: 5.784 GC heap after
{Heap after GC invocations=25 (full 0):
 garbage-first heap   total 120832K, used 49587K [0x00000000ca200000, 0x0000000100000000)
  region size 1024K, 6 young (6144K), 6 survivors (6144K)
 Metaspace       used 56867K, committed 57152K, reserved 1114112K
  class space    used 6743K, committed 6848K, reserved 1048576K
}
Event: 5.788 GC heap before
{Heap before GC invocations=25 (full 0):
 garbage-first heap   total 120832K, used 50611K [0x00000000ca200000, 0x0000000100000000)
  region size 1024K, 7 young (7168K), 6 survivors (6144K)
 Metaspace       used 56869K, committed 57152K, reserved 1114112K
  class space    used 6743K, committed 6848K, reserved 1048576K
}
Event: 5.798 GC heap after
{Heap after GC invocations=26 (full 0):
 garbage-first heap   total 120832K, used 50545K [0x00000000ca200000, 0x0000000100000000)
  region size 1024K, 1 young (1024K), 1 survivors (1024K)
 Metaspace       used 56869K, committed 57152K, reserved 1114112K
  class space    used 6743K, committed 6848K, reserved 1048576K
}
Event: 5.883 GC heap before
{Heap before GC invocations=26 (full 0):
 garbage-first heap   total 120832K, used 86385K [0x00000000ca200000, 0x0000000100000000)
  region size 1024K, 36 young (36864K), 1 survivors (1024K)
 Metaspace       used 57077K, committed 57344K, reserved 1114112K
  class space    used 6762K, committed 6848K, reserved 1048576K
}
Event: 5.885 GC heap after
{Heap after GC invocations=27 (full 0):
 garbage-first heap   total 120832K, used 50688K [0x00000000ca200000, 0x0000000100000000)
  region size 1024K, 2 young (2048K), 2 survivors (2048K)
 Metaspace       used 57077K, committed 57344K, reserved 1114112K
  class space    used 6762K, committed 6848K, reserved 1048576K
}
Event: 6.411 GC heap before
{Heap before GC invocations=27 (full 0):
 garbage-first heap   total 120832K, used 88576K [0x00000000ca200000, 0x0000000100000000)
  region size 1024K, 39 young (39936K), 2 survivors (2048K)
 Metaspace       used 60965K, committed 61248K, reserved 1114112K
  class space    used 7337K, committed 7488K, reserved 1048576K
}
Event: 6.419 GC heap after
{Heap after GC invocations=28 (full 0):
 garbage-first heap   total 120832K, used 53503K [0x00000000ca200000, 0x0000000100000000)
  region size 1024K, 4 young (4096K), 4 survivors (4096K)
 Metaspace       used 60965K, committed 61248K, reserved 1114112K
  class space    used 7337K, committed 7488K, reserved 1048576K
}
Event: 7.407 GC heap before
{Heap before GC invocations=28 (full 0):
 garbage-first heap   total 120832K, used 92415K [0x00000000ca200000, 0x0000000100000000)
  region size 1024K, 42 young (43008K), 4 survivors (4096K)
 Metaspace       used 64128K, committed 64448K, reserved 1114112K
  class space    used 7689K, committed 7872K, reserved 1048576K
}
Event: 7.425 GC heap after
{Heap after GC invocations=29 (full 0):
 garbage-first heap   total 120832K, used 60689K [0x00000000ca200000, 0x0000000100000000)
  region size 1024K, 6 young (6144K), 6 survivors (6144K)
 Metaspace       used 64128K, committed 64448K, reserved 1114112K
  class space    used 7689K, committed 7872K, reserved 1048576K
}
Event: 8.408 GC heap before
{Heap before GC invocations=29 (full 0):
 garbage-first heap   total 120832K, used 94481K [0x00000000ca200000, 0x0000000100000000)
  region size 1024K, 38 young (38912K), 6 survivors (6144K)
 Metaspace       used 66448K, committed 66752K, reserved 1114112K
  class space    used 7824K, committed 8000K, reserved 1048576K
}
Event: 8.424 GC heap after
{Heap after GC invocations=30 (full 0):
 garbage-first heap   total 120832K, used 64874K [0x00000000ca200000, 0x0000000100000000)
  region size 1024K, 4 young (4096K), 4 survivors (4096K)
 Metaspace       used 66448K, committed 66752K, reserved 1114112K
  class space    used 7824K, committed 8000K, reserved 1048576K
}
Event: 9.492 GC heap before
{Heap before GC invocations=30 (full 0):
 garbage-first heap   total 120832K, used 95594K [0x00000000ca200000, 0x0000000100000000)
  region size 1024K, 34 young (34816K), 4 survivors (4096K)
 Metaspace       used 67820K, committed 68096K, reserved 1114112K
  class space    used 7895K, committed 8064K, reserved 1048576K
}
Event: 9.506 GC heap after
{Heap after GC invocations=31 (full 0):
 garbage-first heap   total 120832K, used 69120K [0x00000000ca200000, 0x0000000100000000)
  region size 1024K, 4 young (4096K), 4 survivors (4096K)
 Metaspace       used 67820K, committed 68096K, reserved 1114112K
  class space    used 7895K, committed 8064K, reserved 1048576K
}
Event: 10.183 GC heap before
{Heap before GC invocations=32 (full 0):
 garbage-first heap   total 121856K, used 96768K [0x00000000ca200000, 0x0000000100000000)
  region size 1024K, 31 young (31744K), 4 survivors (4096K)
 Metaspace       used 68964K, committed 69312K, reserved 1114112K
  class space    used 8053K, committed 8192K, reserved 1048576K
}
Event: 10.193 GC heap after
{Heap after GC invocations=33 (full 0):
 garbage-first heap   total 121856K, used 73308K [0x00000000ca200000, 0x0000000100000000)
  region size 1024K, 4 young (4096K), 4 survivors (4096K)
 Metaspace       used 68964K, committed 69312K, reserved 1114112K
  class space    used 8053K, committed 8192K, reserved 1048576K
}
Event: 10.195 GC heap before
{Heap before GC invocations=33 (full 0):
 garbage-first heap   total 121856K, used 74332K [0x00000000ca200000, 0x0000000100000000)
  region size 1024K, 5 young (5120K), 4 survivors (4096K)
 Metaspace       used 68964K, committed 69312K, reserved 1114112K
  class space    used 8053K, committed 8192K, reserved 1048576K
}
Event: 10.202 GC heap after
{Heap after GC invocations=34 (full 0):
 garbage-first heap   total 121856K, used 73379K [0x00000000ca200000, 0x0000000100000000)
  region size 1024K, 1 young (1024K), 1 survivors (1024K)
 Metaspace       used 68964K, committed 69312K, reserved 1114112K
  class space    used 8053K, committed 8192K, reserved 1048576K
}
Event: 10.673 GC heap before
{Heap before GC invocations=34 (full 0):
 garbage-first heap   total 121856K, used 97955K [0x00000000ca200000, 0x0000000100000000)
  region size 1024K, 26 young (26624K), 1 survivors (1024K)
 Metaspace       used 70780K, committed 71104K, reserved 1114112K
  class space    used 8250K, committed 8384K, reserved 1048576K
}

Dll operation events (2 events):
Event: 0.034 Loaded shared library C:\Program Files\Android\Android Studio\jbr\bin\java.dll
Event: 1.950 Loaded shared library C:\Program Files\Android\Android Studio\jbr\bin\verify.dll

Deoptimization events (20 events):
Event: 10.504 Thread 0x0000028e8e922450 DEOPT PACKING pc=0x0000028e99a8ea10 sp=0x000000ae24afdaf0
Event: 10.504 Thread 0x0000028e8e922450 DEOPT UNPACKING pc=0x0000028e993869a3 sp=0x000000ae24afda90 mode 2
Event: 10.546 Thread 0x0000028e8e922450 DEOPT PACKING pc=0x0000028e92e651cd sp=0x000000ae24afcc70
Event: 10.546 Thread 0x0000028e8e922450 DEOPT UNPACKING pc=0x0000028e99387143 sp=0x000000ae24afc100 mode 0
Event: 10.550 Thread 0x0000028e8e922450 Uncommon trap: trap_request=0xffffffde fr.pc=0x0000028e99a6a340 relative=0x0000000000001020
Event: 10.550 Thread 0x0000028e8e922450 Uncommon trap: reason=class_check action=maybe_recompile pc=0x0000028e99a6a340 method=org.jetbrains.kotlin.protobuf.FieldSet.isInitialized(Ljava/util/Map$Entry;)Z @ 61 c2
Event: 10.550 Thread 0x0000028e8e922450 DEOPT PACKING pc=0x0000028e99a6a340 sp=0x000000ae24afcf20
Event: 10.550 Thread 0x0000028e8e922450 DEOPT UNPACKING pc=0x0000028e993869a3 sp=0x000000ae24afce78 mode 2
Event: 10.570 Thread 0x0000028e8e922450 Uncommon trap: trap_request=0xffffffde fr.pc=0x0000028e99a8c6a0 relative=0x0000000000000e60
Event: 10.570 Thread 0x0000028e8e922450 Uncommon trap: reason=class_check action=maybe_recompile pc=0x0000028e99a8c6a0 method=org.jetbrains.kotlin.serialization.deserialization.descriptors.DeserializedMemberScope$OptimizedImplementation.getContributedVariables(Lorg/jetbrains/kotlin/name/Name;Lo
Event: 10.570 Thread 0x0000028e8e922450 DEOPT PACKING pc=0x0000028e99a8c6a0 sp=0x000000ae24afd5c0
Event: 10.570 Thread 0x0000028e8e922450 DEOPT UNPACKING pc=0x0000028e993869a3 sp=0x000000ae24afd578 mode 2
Event: 10.583 Thread 0x0000028e8e922450 DEOPT PACKING pc=0x0000028e92ac6270 sp=0x000000ae24afaea0
Event: 10.583 Thread 0x0000028e8e922450 DEOPT UNPACKING pc=0x0000028e99387143 sp=0x000000ae24afa378 mode 0
Event: 10.644 Thread 0x0000028e8e922450 Uncommon trap: trap_request=0xffffff45 fr.pc=0x0000028e998ef40c relative=0x000000000000018c
Event: 10.644 Thread 0x0000028e8e922450 Uncommon trap: reason=unstable_if action=reinterpret pc=0x0000028e998ef40c method=java.lang.String.equals(Ljava/lang/Object;)Z @ 33 c2
Event: 10.644 Thread 0x0000028e8e922450 DEOPT PACKING pc=0x0000028e998ef40c sp=0x000000ae24afd430
Event: 10.644 Thread 0x0000028e8e922450 DEOPT UNPACKING pc=0x0000028e993869a3 sp=0x000000ae24afd3d0 mode 2
Event: 10.653 Thread 0x0000028e8e922450 DEOPT PACKING pc=0x0000028e9365fdc7 sp=0x000000ae24afd650
Event: 10.653 Thread 0x0000028e8e922450 DEOPT UNPACKING pc=0x0000028e99387143 sp=0x000000ae24afcbe0 mode 0

Classes unloaded (0 events):
No events

Classes redefined (0 events):
No events

Internal exceptions (20 events):
Event: 5.520 Thread 0x0000028e8e922450 Exception <a 'java/lang/NoSuchMethodError'{0x00000000d04790c8}: 'java.lang.Object java.lang.invoke.DirectMethodHandle$Holder.newInvokeSpecial(java.lang.Object, int, java.lang.Object)'> (0x00000000d04790c8) 
thrown [s\src\hotspot\share\interpreter\linkResolver.cpp, line 771]
Event: 5.521 Thread 0x0000028e8e922450 Exception <a 'java/lang/NoSuchMethodError'{0x00000000d047f728}: 'int java.lang.invoke.DirectMethodHandle$Holder.invokeInterface(java.lang.Object, java.lang.Object)'> (0x00000000d047f728) 
thrown [s\src\hotspot\share\interpreter\linkResolver.cpp, line 771]
Event: 6.028 Thread 0x0000028e8e922450 Exception <a 'java/lang/NoSuchMethodError'{0x00000000d094b488}: 'java.lang.Object java.lang.invoke.DirectMethodHandle$Holder.invokeStatic(java.lang.Object, java.lang.Object, java.lang.Object, java.lang.Object, int)'> (0x00000000d094b488) 
thrown [s\src\hotspot\share\interpreter\linkResolver.cpp, line 771]
Event: 6.029 Thread 0x0000028e8e922450 Exception <a 'java/lang/NoSuchMethodError'{0x00000000d0955078}: 'java.lang.Object java.lang.invoke.DirectMethodHandle$Holder.newInvokeSpecial(java.lang.Object, java.lang.Object, java.lang.Object, java.lang.Object, int)'> (0x00000000d0955078) 
thrown [s\src\hotspot\share\interpreter\linkResolver.cpp, line 771]
Event: 6.029 Thread 0x0000028e8e922450 Exception <a 'java/lang/NoSuchMethodError'{0x00000000d095d148}: 'java.lang.Object java.lang.invoke.Invokers$Holder.linkToTargetMethod(java.lang.Object, java.lang.Object, java.lang.Object, int, java.lang.Object)'> (0x00000000d095d148) 
thrown [s\src\hotspot\share\interpreter\linkResolver.cpp, line 771]
Event: 6.100 Thread 0x0000028e8e922450 Exception <a 'java/lang/NoSuchMethodError'{0x00000000d0657358}: 'void java.lang.invoke.DirectMethodHandle$Holder.invokeInterface(java.lang.Object, java.lang.Object)'> (0x00000000d0657358) 
thrown [s\src\hotspot\share\interpreter\linkResolver.cpp, line 771]
Event: 6.140 Thread 0x0000028e8e922450 Exception <a 'java/lang/NoSuchMethodError'{0x00000000d057ae28}: 'void java.lang.invoke.DirectMethodHandle$Holder.invokeSpecial(java.lang.Object, java.lang.Object, int, java.lang.Object)'> (0x00000000d057ae28) 
thrown [s\src\hotspot\share\interpreter\linkResolver.cpp, line 771]
Event: 6.215 Thread 0x0000028e8e922450 Exception <a 'java/lang/NoSuchMethodError'{0x00000000d03b7170}: 'int java.lang.invoke.DirectMethodHandle$Holder.invokeStaticInit(java.lang.Object, int)'> (0x00000000d03b7170) 
thrown [s\src\hotspot\share\interpreter\linkResolver.cpp, line 771]
Event: 6.571 Thread 0x0000028e8e922450 Exception <a 'java/lang/NoSuchMethodError'{0x00000000d0ea8ab0}: 'java.lang.Object java.lang.invoke.DirectMethodHandle$Holder.newInvokeSpecial(java.lang.Object, java.lang.Object, java.lang.Object, java.lang.Object, java.lang.Object, java.lang.Object, java.lang.Object)'> (0x00000000d0ea8ab0) 
thrown [s\src\hotspot\share\interpreter\linkResolver.cpp, line 771]
Event: 6.571 Thread 0x0000028e8e922450 Exception <a 'java/lang/NoSuchMethodError'{0x00000000d0ead3c0}: 'java.lang.Object java.lang.invoke.Invokers$Holder.linkToTargetMethod(java.lang.Object, java.lang.Object, java.lang.Object, java.lang.Object, java.lang.Object, java.lang.Object, java.lang.Object)'> (0x00000000d0ead3c0) 
thrown [s\src\hotspot\share\interpreter\linkResolver.cpp, line 771]
Event: 6.580 Thread 0x0000028e8e922450 Implicit null exception at 0x0000028e999d6089 to 0x0000028e999d6170
Event: 6.580 Thread 0x0000028e8e922450 Implicit null exception at 0x0000028e999363d8 to 0x0000028e9993646a
Event: 6.603 Thread 0x0000028e8e922450 Exception <a 'java/lang/NoSuchMethodError'{0x00000000d0d77580}: 'java.lang.Object java.lang.invoke.DirectMethodHandle$Holder.invokeInterface(java.lang.Object, java.lang.Object, java.lang.Object)'> (0x00000000d0d77580) 
thrown [s\src\hotspot\share\interpreter\linkResolver.cpp, line 771]
Event: 6.603 Thread 0x0000028e8e922450 Exception <a 'java/lang/IncompatibleClassChangeError'{0x00000000d0d7aef0}: Found class java.lang.Object, but interface was expected> (0x00000000d0d7aef0) 
thrown [s\src\hotspot\share\interpreter\linkResolver.cpp, line 838]
Event: 6.893 Thread 0x0000028e8e922450 Exception <a 'java/lang/IncompatibleClassChangeError'{0x00000000d07b8b80}: Found class java.lang.Object, but interface was expected> (0x00000000d07b8b80) 
thrown [s\src\hotspot\share\interpreter\linkResolver.cpp, line 838]
Event: 7.307 Thread 0x0000028e8e922450 Exception <a 'java/lang/NoSuchMethodError'{0x00000000cf5c7e50}: 'java.lang.Object java.lang.invoke.DirectMethodHandle$Holder.newInvokeSpecial(java.lang.Object, int, java.lang.Object, java.lang.Object)'> (0x00000000cf5c7e50) 
thrown [s\src\hotspot\share\interpreter\linkResolver.cpp, line 771]
Event: 8.169 Thread 0x0000028e8e922450 Exception <a 'java/lang/NoSuchMethodError'{0x00000000d03dbc68}: 'java.lang.Object java.lang.invoke.DirectMethodHandle$Holder.invokeStatic(java.lang.Object, int, java.lang.Object)'> (0x00000000d03dbc68) 
thrown [s\src\hotspot\share\interpreter\linkResolver.cpp, line 771]
Event: 8.724 Thread 0x0000028e8e922450 Implicit null exception at 0x0000028e99a8fb66 to 0x0000028e99a90130
Event: 10.321 Thread 0x0000028e8e922450 Implicit null exception at 0x0000028e9996ba71 to 0x0000028e9996bc50
Event: 10.638 Thread 0x0000028e8e922450 Exception <a 'java/lang/NoSuchMethodError'{0x00000000d0085b48}: 'java.lang.Object java.lang.invoke.DirectMethodHandle$Holder.invokeStaticInit(java.lang.Object, java.lang.Object, java.lang.Object, java.lang.Object)'> (0x00000000d0085b48) 
thrown [s\src\hotspot\share\interpreter\linkResolver.cpp, line 771]

VM Operations (20 events):
Event: 9.604 Executing VM operation: G1Concurrent done
Event: 9.643 Executing VM operation: G1Concurrent
Event: 9.643 Executing VM operation: G1Concurrent done
Event: 9.822 Executing VM operation: ICBufferFull
Event: 9.822 Executing VM operation: ICBufferFull done
Event: 10.074 Executing VM operation: ICBufferFull
Event: 10.075 Executing VM operation: ICBufferFull done
Event: 10.182 Executing VM operation: G1CollectForAllocation
Event: 10.193 Executing VM operation: G1CollectForAllocation done
Event: 10.195 Executing VM operation: G1CollectForAllocation
Event: 10.202 Executing VM operation: G1CollectForAllocation done
Event: 10.386 Executing VM operation: ICBufferFull
Event: 10.386 Executing VM operation: ICBufferFull done
Event: 10.388 Executing VM operation: HandshakeAllThreads
Event: 10.388 Executing VM operation: HandshakeAllThreads done
Event: 10.520 Executing VM operation: ICBufferFull
Event: 10.520 Executing VM operation: ICBufferFull done
Event: 10.644 Executing VM operation: HandshakeAllThreads
Event: 10.644 Executing VM operation: HandshakeAllThreads done
Event: 10.673 Executing VM operation: G1CollectForAllocation

Events (20 events):
Event: 10.619 loading class jdk/internal/reflect/UnsafeBooleanFieldAccessorImpl
Event: 10.619 loading class jdk/internal/reflect/UnsafeBooleanFieldAccessorImpl done
Event: 10.619 loading class jdk/internal/reflect/UnsafeQualifiedObjectFieldAccessorImpl
Event: 10.619 loading class jdk/internal/reflect/UnsafeQualifiedFieldAccessorImpl
Event: 10.619 loading class jdk/internal/reflect/UnsafeQualifiedFieldAccessorImpl done
Event: 10.619 loading class jdk/internal/reflect/UnsafeQualifiedObjectFieldAccessorImpl done
Event: 10.642 loading class java/text/ChoiceFormat
Event: 10.642 loading class java/text/NumberFormat
Event: 10.642 loading class java/text/NumberFormat done
Event: 10.642 loading class java/text/ChoiceFormat done
Event: 10.660 loading class java/text/FieldPosition
Event: 10.660 loading class java/text/FieldPosition done
Event: 10.660 loading class java/util/Date
Event: 10.661 loading class java/util/Date done
Event: 10.661 loading class java/text/MessageFormat$Field
Event: 10.661 loading class java/text/Format$Field
Event: 10.661 loading class java/text/AttributedCharacterIterator$Attribute
Event: 10.661 loading class java/text/AttributedCharacterIterator$Attribute done
Event: 10.661 loading class java/text/Format$Field done
Event: 10.661 loading class java/text/MessageFormat$Field done


Dynamic libraries:
0x00007ff781eb0000 - 0x00007ff781eba000 	C:\Program Files\Android\Android Studio\jbr\bin\java.exe
0x00007ff9cdcd0000 - 0x00007ff9cdec8000 	C:\windows\SYSTEM32\ntdll.dll
0x00007ff9cbd80000 - 0x00007ff9cbe3d000 	C:\windows\System32\KERNEL32.DLL
0x00007ff9cb7d0000 - 0x00007ff9cbac6000 	C:\windows\System32\KERNELBASE.dll
0x00007ff9cb4b0000 - 0x00007ff9cb5b0000 	C:\windows\System32\ucrtbase.dll
0x00007ff9a3f70000 - 0x00007ff9a3f87000 	C:\Program Files\Android\Android Studio\jbr\bin\jli.dll
0x00007ff9ccd30000 - 0x00007ff9ccece000 	C:\windows\System32\USER32.dll
0x00007ff9cbc60000 - 0x00007ff9cbc82000 	C:\windows\System32\win32u.dll
0x00007ff9cc870000 - 0x00007ff9cc89c000 	C:\windows\System32\GDI32.dll
0x00007ff9cb660000 - 0x00007ff9cb77a000 	C:\windows\System32\gdi32full.dll
0x00007ff9cb410000 - 0x00007ff9cb4ad000 	C:\windows\System32\msvcp_win.dll
0x00007ff9c6cd0000 - 0x00007ff9c6ceb000 	C:\Program Files\Android\Android Studio\jbr\bin\VCRUNTIME140.dll
0x00007ff9b4850000 - 0x00007ff9b4aea000 	C:\windows\WinSxS\amd64_microsoft.windows.common-controls_6595b64144ccf1df_6.0.19041.3636_none_60b6a03d71f818d5\COMCTL32.dll
0x00007ff9cc7d0000 - 0x00007ff9cc86e000 	C:\windows\System32\msvcrt.dll
0x00007ff9cc9c0000 - 0x00007ff9cc9f0000 	C:\windows\System32\IMM32.DLL
0x00007ff9c6cc0000 - 0x00007ff9c6ccc000 	C:\Program Files\Android\Android Studio\jbr\bin\vcruntime140_1.dll
0x00007ff968440000 - 0x00007ff9684cd000 	C:\Program Files\Android\Android Studio\jbr\bin\msvcp140.dll
0x00007ff982710000 - 0x00007ff983390000 	C:\Program Files\Android\Android Studio\jbr\bin\server\jvm.dll
0x00007ff9ccee0000 - 0x00007ff9ccf93000 	C:\windows\System32\ADVAPI32.dll
0x00007ff9cc4a0000 - 0x00007ff9cc53f000 	C:\windows\System32\sechost.dll
0x00007ff9cca00000 - 0x00007ff9ccb26000 	C:\windows\System32\RPCRT4.dll
0x00007ff9cbad0000 - 0x00007ff9cbaf7000 	C:\windows\System32\bcrypt.dll
0x00007ff9ac450000 - 0x00007ff9ac459000 	C:\windows\SYSTEM32\WSOCK32.dll
0x00007ff9ccc00000 - 0x00007ff9ccc6b000 	C:\windows\System32\WS2_32.dll
0x00007ff9c1c30000 - 0x00007ff9c1c57000 	C:\windows\SYSTEM32\WINMM.dll
0x00007ff9c1c60000 - 0x00007ff9c1c6a000 	C:\windows\SYSTEM32\VERSION.dll
0x00007ff9c9230000 - 0x00007ff9c9242000 	C:\windows\SYSTEM32\kernel.appcore.dll
0x00007ff9c22c0000 - 0x00007ff9c22ca000 	C:\Program Files\Android\Android Studio\jbr\bin\jimage.dll
0x00007ff9b88c0000 - 0x00007ff9b8aa4000 	C:\windows\SYSTEM32\DBGHELP.DLL
0x00007ff9b3280000 - 0x00007ff9b32b4000 	C:\windows\SYSTEM32\dbgcore.DLL
0x00007ff9cbc90000 - 0x00007ff9cbd12000 	C:\windows\System32\bcryptPrimitives.dll
0x00007ff9c2120000 - 0x00007ff9c2145000 	C:\Program Files\Android\Android Studio\jbr\bin\java.dll
0x00007ff9aa910000 - 0x00007ff9aa928000 	C:\Program Files\Android\Android Studio\jbr\bin\zip.dll
0x00007ff9cd490000 - 0x00007ff9cdbd5000 	C:\windows\System32\SHELL32.dll
0x00007ff9c9450000 - 0x00007ff9c9beb000 	C:\windows\SYSTEM32\windows.storage.dll
0x00007ff9ccfa0000 - 0x00007ff9cd2f4000 	C:\windows\System32\combase.dll
0x00007ff9cad80000 - 0x00007ff9cadad000 	C:\windows\SYSTEM32\Wldp.dll
0x00007ff9cc3e0000 - 0x00007ff9cc48d000 	C:\windows\System32\SHCORE.dll
0x00007ff9cccd0000 - 0x00007ff9ccd25000 	C:\windows\System32\shlwapi.dll
0x00007ff9cb2d0000 - 0x00007ff9cb2f5000 	C:\windows\SYSTEM32\profapi.dll
0x00007ff9aa8f0000 - 0x00007ff9aa909000 	C:\Program Files\Android\Android Studio\jbr\bin\net.dll
0x00007ff9c5930000 - 0x00007ff9c5a3a000 	C:\windows\SYSTEM32\WINHTTP.dll
0x00007ff9caac0000 - 0x00007ff9cab2a000 	C:\windows\system32\mswsock.dll
0x00007ff9aa8d0000 - 0x00007ff9aa8e6000 	C:\Program Files\Android\Android Studio\jbr\bin\nio.dll
0x00007ff9c5ee0000 - 0x00007ff9c5ef0000 	C:\Program Files\Android\Android Studio\jbr\bin\verify.dll

dbghelp: loaded successfully - version: 4.0.5 - missing functions: none
symbol engine: initialized successfully - sym options: 0x614 - pdb path: .;C:\Program Files\Android\Android Studio\jbr\bin;C:\windows\SYSTEM32;C:\windows\WinSxS\amd64_microsoft.windows.common-controls_6595b64144ccf1df_6.0.19041.3636_none_60b6a03d71f818d5;C:\Program Files\Android\Android Studio\jbr\bin\server

VM Arguments:
java_command: org.jetbrains.kotlin.cli.jvm.K2JVMCompiler @C:\AndroidStudioWorks\DiplomaTest\app\build\20240121_10644681863851886293.compiler.options
java_class_path (initial): C:\Users\zhold\.gradle\caches\modules-2\files-2.1\org.jetbrains.kotlin\kotlin-compiler-embeddable\1.9.0\2c8c3a7402becca891f12739b3e9fd2dc2adbd7a\kotlin-compiler-embeddable-1.9.0.jar;C:\Users\zhold\.gradle\caches\modules-2\files-2.1\org.jetbrains.kotlin\kotlin-stdlib\1.9.0\8ee15ef0c67dc83d874f412d84378d7f0eb50b63\kotlin-stdlib-1.9.0.jar;C:\Users\zhold\.gradle\caches\modules-2\files-2.1\org.jetbrains.kotlin\kotlin-script-runtime\1.9.0\4b3102cbbb7e1b58d9d1adf89563f00069ffa7d1\kotlin-script-runtime-1.9.0.jar;C:\Users\zhold\.gradle\caches\modules-2\files-2.1\org.jetbrains.kotlin\kotlin-reflect\1.6.10\1cbe9c92c12a94eea200d23c2bbaedaf3daf5132\kotlin-reflect-1.6.10.jar;C:\Users\zhold\.gradle\caches\modules-2\files-2.1\org.jetbrains.kotlin\kotlin-daemon-embeddable\1.9.0\186543f5e28cf8d9a0290fecc2cf34301c40a65c\kotlin-daemon-embeddable-1.9.0.jar;C:\Users\zhold\.gradle\caches\modules-2\files-2.1\org.jetbrains.intellij.deps\trove4j\1.0.20200330\3afb14d5f9ceb459d724e907a21145e8ff394f02\trove4j-1.0.20200330.jar;C:\Users\zhold\.gradle\caches\modules-2\files-2.1\org.jetbrains.kotlin\kotlin-stdlib-common\1.9.0\cd65c21cfd1eec4d44ef09f9f52b6d9f8a720636\kotlin-stdlib-common-1.9.0.jar;C:\Users\zhold\.gradle\caches\modules-2\files-2.1\org.jetbrains\annotations\13.0\919f0dfe192fb4e063e7dacadee7f8bb9a2672a9\annotations-13.0.jar
Launcher Type: SUN_STANDARD

[Global flags]
     intx CICompilerCount                          = 3                                         {product} {ergonomic}
     uint ConcGCThreads                            = 1                                         {product} {ergonomic}
     uint G1ConcRefinementThreads                  = 4                                         {product} {ergonomic}
   size_t G1HeapRegionSize                         = 1048576                                   {product} {ergonomic}
    uintx GCDrainStackTargetSize                   = 64                                        {product} {ergonomic}
   size_t InitialHeapSize                          = 56623104                                  {product} {ergonomic}
   size_t MarkStackSize                            = 4194304                                   {product} {ergonomic}
   size_t MaxHeapSize                              = 903872512                                 {product} {ergonomic}
   size_t MaxNewSize                               = 542113792                                 {product} {ergonomic}
   size_t MinHeapDeltaBytes                        = 1048576                                   {product} {ergonomic}
   size_t MinHeapSize                              = 8388608                                   {product} {ergonomic}
    uintx NonNMethodCodeHeapSize                   = 5832780                                {pd product} {ergonomic}
    uintx NonProfiledCodeHeapSize                  = 122912730                              {pd product} {ergonomic}
    uintx ProfiledCodeHeapSize                     = 122912730                              {pd product} {ergonomic}
    uintx ReservedCodeCacheSize                    = 251658240                              {pd product} {ergonomic}
     bool SegmentedCodeCache                       = true                                      {product} {ergonomic}
   size_t SoftMaxHeapSize                          = 903872512                              {manageable} {ergonomic}
     bool UseCompressedClassPointers               = true                           {product lp64_product} {ergonomic}
     bool UseCompressedOops                        = true                           {product lp64_product} {ergonomic}
     bool UseG1GC                                  = true                                      {product} {ergonomic}
     bool UseLargePagesIndividualAllocation        = false                                  {pd product} {ergonomic}

Logging:
Log output configuration:
 #0: stdout all=warning uptime,level,tags
 #1: stderr all=off uptime,level,tags

Environment Variables:
PATH=C:\Program Files (x86)\VMware\bin\;C:\Program Files\Common Files\Oracle\Java\javapath;C:\Program Files (x86)\Common Files\Oracle\Java\javapath;C:\windows\system32;C:\windows;C:\windows\System32\Wbem;C:\windows\System32\WindowsPowerShell\v1.0\;C:\windows\System32\OpenSSH\;C:\Program Files\7-Zip;C:\Program Files\nodejs\;C:\Program Files\Git\cmd;C:\Program Files\Go\bin;C:\Program Files\Cloudflare\Cloudflare WARP\;C:\Users\zhold\Downloads\mongosh-1.6.1-win32-x64\mongosh-1.6.1-win32-x64;C:\Program Files\MongoDB\Tools\100\bin;;C:\Program Files (x86)\NVIDIA Corporation\PhysX\Common;C:\Users\zhold\AppData\Local\Microsoft\WindowsApps;C:\Users\zhold\AppData\Roaming\npm;C:\Users\zhold\AppData\Local\GitHubDesktop\bin;C:\Users\zhold\AppData\Local\Programs\Microsoft VS Code\bin;C:\Program Files\heroku\bin;C:\Users\zhold\go\bin
USERNAME=zhold
OS=Windows_NT
PROCESSOR_IDENTIFIER=AMD64 Family 23 Model 96 Stepping 1, AuthenticAMD
TMP=C:\Users\zhold\AppData\Local\Temp
TEMP=C:\Users\zhold\AppData\Local\Temp


JNI global refs:
JNI global refs: 11, weak refs: 26

JNI global refs memory usage: 843, weak refs: 841

OOME stack traces (most recent first):
Classloader memory used:
Loader jdk.internal.loader.ClassLoaders$AppClassLoader                                 : 7363K
Loader bootstrap                                                                       : 1396K
Loader java.net.URLClassLoader                                                         : 65975B
Loader jdk.internal.reflect.DelegatingClassLoader                                      : 21540B
Loader jdk.internal.loader.ClassLoaders$PlatformClassLoader                            : 2276B


---------------  S Y S T E M  ---------------

OS:
 Windows 10 , 64 bit Build 19041 (10.0.19041.3636)
OS uptime: 0 days 1:41 hours

CPU: total 4 (initial active 4) (4 cores per cpu, 1 threads per core) family 23 model 96 stepping 1 microcode 0x0, cx8, cmov, fxsr, mmx, 3dnowpref, sse, sse2, sse3, ssse3, sse4a, sse4.1, sse4.2, popcnt, lzcnt, tsc, tscinvbit, avx, avx2, aes, clmul, bmi1, bmi2, adx, sha, fma, vzeroupper, clflush, clflushopt

Memory: 4k page, system-wide physical 3445M (289M free)
TotalPageFile size 14197M (AvailPageFile size 171M)
current process WorkingSet (physical memory assigned to process): 305M, peak: 305M
current process commit charge ("private bytes"): 334M, peak: 569M

vm_info: OpenJDK 64-Bit Server VM (17.0.7+0-b2043.56-10550314) for windows-amd64 JRE (17.0.7+0-b2043.56-10550314), built on Jul 24 2023 18:27:45 by "androidbuild" with MS VC++ 16.10 / 16.11 (VS2019)

END.
